#
# A fatal error has been detected by the Java Runtime Environment:
#
#  EXCEPTION_ACCESS_VIOLATION (0xc0000005) at pc=0x00007ff9d83a89af, pid=6964, tid=8
#
# JRE version: OpenJDK Runtime Environment (12.0.1+12) (build 12.0.1+12)
# Java VM: OpenJDK 64-Bit Server VM (12.0.1+12, mixed mode, sharing, tiered, compressed oops, g1 gc, windows-amd64)
# Problematic frame:
# V  [jvm.dll+0x6289af]
#
# No core dump will be written. Minidumps are not enabled by default on client versions of Windows
#
# If you would like to submit a bug report, please visit:
#   http://bugreport.java.com/bugreport/crash.jsp
#

---------------  S U M M A R Y ------------

Command Line: -Dcom.sun.management.jmxremote -Dcom.sun.management.jmxremote.port=63292 -Dcom.sun.management.jmxremote.authenticate=false -Dcom.sun.management.jmxremote.ssl=false -Djava.rmi.server.hostname=localhost -Dspring.jmx.enabled=true -Dspring.application.admin.enabled=true -Xverify:none -XX:TieredStopAtLevel=1 -Dfile.encoding=MS949 com.wabu.d2project.D2project1Application --spring.output.ansi.enabled=always

Host: Intel(R) Core(TM) i5-7400 CPU @ 3.00GHz, 4 cores, 7G,  Windows 10 , 64 bit Build 17134 (10.0.17134.753)
Time: Thu Jul 11 15:51:30 2019 ¢¥eCN©öI¡¾©ö C¡ÍA¨ª¨öA elapsed time: 0 seconds (0d 0h 0m 0s)

---------------  T H R E A D  ---------------

Current thread (0x000001e9d0648800):  GCTaskThread "GC Thread#0" [stack: 0x000000cf0b900000,0x000000cf0ba00000] [id=8]

Stack: [0x000000cf0b900000,0x000000cf0ba00000],  sp=0x000000cf0b9fe0b0,  free space=1016k
Native frames: (J=compiled Java code, j=interpreted, Vv=VM code, C=native code)
V  [jvm.dll+0x6289af]
V  [jvm.dll+0x5ef479]
V  [jvm.dll+0x2e5d45]
V  [jvm.dll+0x2e57c9]
V  [jvm.dll+0x74d0d7]
V  [jvm.dll+0x74d530]
V  [jvm.dll+0x332d98]
V  [jvm.dll+0x3328e8]
V  [jvm.dll+0x2fc7a0]
V  [jvm.dll+0x7bb0a0]
V  [jvm.dll+0x748318]
V  [jvm.dll+0x638276]
C  [ucrtbase.dll+0x1e3fe]
C  [KERNEL32.DLL+0x14034]
C  [ntdll.dll+0x73691]

JavaThread 0x000001e9eea35800 (nid = 6800) was being processed
Java frames: (J=compiled Java code, j=interpreted, Vv=VM code)
j  java.lang.Object.wait(J)V+0 java.base@12.0.1
j  java.lang.ref.ReferenceQueue.remove(J)Ljava/lang/ref/Reference;+59 java.base@12.0.1
j  java.lang.ref.ReferenceQueue.remove()Ljava/lang/ref/Reference;+2 java.base@12.0.1
j  java.lang.ref.Finalizer$FinalizerThread.run()V+37 java.base@12.0.1
v  ~StubRoutines::call_stub

siginfo: EXCEPTION_ACCESS_VIOLATION (0xc0000005), reading address 0xffffffffffffffff


Register to memory mapping:

RIP=0x00007ff9d83a89af jvm.dll
RAX=0x0000000800000007 is pointing into metadata
RBX=0x00000000000000c0 is an unknown value
RCX=0x0 is NULL
RDX=0x0000e2ff41000001 is an unknown value
RSP=0x000000cf0b9fe0b0 points into unknown readable memory: 09 69 ac 4e 3d 00 00 00
RBP=0x0 is NULL
RSI={method} {0x0000000800011420} 'wait' '(J)V' in 'java/lang/Object'
RDI=0x00000000000000c0 is an unknown value
R8 =0x0 is NULL
R9 =0x000000cf0b9fe258 points into unknown readable memory: 00 00 00 00 00 00 00 00
R10=0x0000000800564528 is pointing into metadata
R11=0x00000000818e5978 points into unknown readable memory: 09 69 ac 4e 3d 00 00 00
R12=0x000000cf0b9fe258 points into unknown readable memory: 00 00 00 00 00 00 00 00
R13=0x00000000000003d8 is an unknown value
R14=0x000001e9efba5b30 points into unknown readable memory: 07 00 00 00 08 00 00 00
R15=0x000000cf0b9fe140 points into unknown readable memory: 18 14 01 00 08 00 00 00


Registers:
RAX=0x0000000800000007, RBX=0x00000000000000c0, RCX=0x0000000000000000, RDX=0x0000e2ff41000001
RSP=0x000000cf0b9fe0b0, RBP=0x0000000000000000, RSI=0x0000000800011418, RDI=0x00000000000000c0
R8 =0x0000000000000000, R9 =0x000000cf0b9fe258, R10=0x0000000800564528, R11=0x00000000818e5978
R12=0x000000cf0b9fe258, R13=0x00000000000003d8, R14=0x000001e9efba5b30, R15=0x000000cf0b9fe140
RIP=0x00007ff9d83a89af, EFLAGS=0x0000000000010202

Top of Stack: (sp=0x000000cf0b9fe0b0)
0x000000cf0b9fe0b0:   0000003d4eac6909 000000080037a800
0x000000cf0b9fe0c0:   000000cf0b9fe258 000000cf0b9fe140
0x000000cf0b9fe0d0:   000000000000000d 000000000000000d
0x000000cf0b9fe0e0:   000001e9efb204f8 000001e9efb20478
0x000000cf0b9fe0f0:   0000000000000000 0000000000000000
0x000000cf0b9fe100:   0000000800011418 000000cf0b9fe260
0x000000cf0b9fe110:   000000cf0b9fe258 00007ff9d836f479
0x000000cf0b9fe120:   000000cf0b9fe258 000000cf0b9fe260
0x000000cf0b9fe130:   0000000800011418 000000cf0b9fe258
0x000000cf0b9fe140:   0000000800011418 000001e9d0648800
0x000000cf0b9fe150:   000001e9efb204f8 00007ff9d8065d45
0x000000cf0b9fe160:   000000cf0b9fe420 000000cf0b9fe3f0
0x000000cf0b9fe170:   000000cf0b9fe260 000001e9efb204f8
0x000000cf0b9fe180:   0000000000000001 0000000800011418
0x000000cf0b9fe190:   000001e9d0648800 0000000000000003
0x000000cf0b9fe1a0:   000001e9d0648800 000001e9d0648800 

Instructions: (pc=0x00007ff9d83a89af)
0x00007ff9d83a898f:   90 8b c7 25 1f 00 00 80 7d 07 ff c8 83 c8 e0 ff
0x00007ff9d83a899f:   c0 48 63 c8 49 8b 06 48 8b 14 c8 48 85 d2 74 15
0x00007ff9d83a89af:   48 8b 02 48 85 c0 74 0d 49 3b 07 75 08 0f b7 42
0x00007ff9d83a89bf:   08 3b c5 74 79 ff c7 8b c7 2b c3 83 f8 03 7c c1 


Stack slot to memory mapping:
stack at sp + 0 slots: 0x0000003d4eac6909 is an unknown value
stack at sp + 1 slots: {method} {0x000000080037a808} 'run' '()V' in 'java/lang/ref/Reference$ReferenceHandler'
stack at sp + 2 slots: 0x000000cf0b9fe258 points into unknown readable memory: 00 00 00 00 00 00 00 00
stack at sp + 3 slots: 0x000000cf0b9fe140 points into unknown readable memory: 18 14 01 00 08 00 00 00
stack at sp + 4 slots: 0x000000000000000d is an unknown value
stack at sp + 5 slots: 0x000000000000000d is an unknown value
stack at sp + 6 slots: 0x000001e9efb204f8 points into unknown readable memory: e0 b4 61 d8 f9 7f 00 00
stack at sp + 7 slots: 0x000001e9efb20478 points into unknown readable memory: f0 b4 61 d8 f9 7f 00 00


---------------  P R O C E S S  ---------------

Threads class SMR info:
_java_thread_list=0x000001e9efb8d120, length=12, elements={
0x000001e9d0608000, 0x000001e9eea34000, 0x000001e9eea35800, 0x000001e9ef255000,
0x000001e9ef257000, 0x000001e9ef259000, 0x000001e9ef26d800, 0x000001e9ef40b800,
0x000001e9ef43b800, 0x000001e9efb70000, 0x000001e9efb52000, 0x000001e9efb9a800
}

Java Threads: ( => current thread )
  0x000001e9d0608000 JavaThread "main" [_thread_blocked, id=10412, stack(0x000000cf0b800000,0x000000cf0b900000)]
  0x000001e9eea34000 JavaThread "Reference Handler" daemon [_thread_blocked, id=1808, stack(0x000000cf0bf00000,0x000000cf0c000000)]
  0x000001e9eea35800 JavaThread "Finalizer" daemon [_thread_blocked, id=6800, stack(0x000000cf0c000000,0x000000cf0c100000)]
  0x000001e9ef255000 JavaThread "Signal Dispatcher" daemon [_thread_blocked, id=6308, stack(0x000000cf0c100000,0x000000cf0c200000)]
  0x000001e9ef257000 JavaThread "Attach Listener" daemon [_thread_blocked, id=12432, stack(0x000000cf0c200000,0x000000cf0c300000)]
  0x000001e9ef259000 JavaThread "C1 CompilerThread0" daemon [_thread_blocked, id=5740, stack(0x000000cf0c300000,0x000000cf0c400000)]
  0x000001e9ef26d800 JavaThread "Sweeper thread" daemon [_thread_blocked, id=4948, stack(0x000000cf0c400000,0x000000cf0c500000)]
  0x000001e9ef40b800 JavaThread "Common-Cleaner" daemon [_thread_blocked, id=2392, stack(0x000000cf0c500000,0x000000cf0c600000)]
  0x000001e9ef43b800 JavaThread "Service Thread" daemon [_thread_blocked, id=10408, stack(0x000000cf0c600000,0x000000cf0c700000)]
  0x000001e9efb70000 JavaThread "RMI TCP Accept-0" daemon [_thread_in_native, id=7808, stack(0x000000cf0c700000,0x000000cf0c800000)]
  0x000001e9efb52000 JavaThread "RMI TCP Accept-63292" daemon [_thread_in_native, id=6520, stack(0x000000cf0c800000,0x000000cf0c900000)]
  0x000001e9efb9a800 JavaThread "RMI TCP Accept-0" daemon [_thread_in_native, id=9108, stack(0x000000cf0c900000,0x000000cf0ca00000)]

Other Threads:
  0x000001e9eea2e000 VMThread "VM Thread" [stack: 0x000000cf0be00000,0x000000cf0bf00000] [id=9144]
  0x000001e9efbb0800 WatcherThread [stack: 0x000000cf0cd00000,0x000000cf0ce00000] [id=4596]
=>0x000001e9d0648800 GCTaskThread "GC Thread#0" [stack: 0x000000cf0b900000,0x000000cf0ba00000] [id=8]
  0x000001e9efb9b800 GCTaskThread "GC Thread#1" [stack: 0x000000cf0ca00000,0x000000cf0cb00000] [id=10812]
  0x000001e9efb9c000 GCTaskThread "GC Thread#2" [stack: 0x000000cf0cb00000,0x000000cf0cc00000] [id=8404]
  0x000001e9d0656800 ConcurrentGCThread "G1 Main Marker" [stack: 0x000000cf0ba00000,0x000000cf0bb00000] [id=1444]
  0x000001e9d065a000 ConcurrentGCThread "G1 Conc#0" [stack: 0x000000cf0bb00000,0x000000cf0bc00000] [id=224]
  0x000001e9ee8b0800 ConcurrentGCThread "G1 Refine#0" [stack: 0x000000cf0bc00000,0x000000cf0bd00000] [id=9076]
  0x000001e9ef484800 ConcurrentGCThread "G1 Refine#1" [stack: 0x000000cf0cc00000,0x000000cf0cd00000] [id=6688]
  0x000001e9ee8b1800 ConcurrentGCThread "G1 Young RemSet Sampling" [stack: 0x000000cf0bd00000,0x000000cf0be00000] [id=580]

Threads with active compile tasks:
C1 CompilerThread0  1174       1       java.util.jar.JarFile::maybeInstantiateVerifier (112 bytes)

VM state:at safepoint (normal execution)

VM Mutex/Monitor currently owned by a thread:  ([mutex/lock_event])
[0x000001e9d0604910] Threads_lock - owner thread: 0x000001e9eea2e000
[0x000001e9d0605180] Heap_lock - owner thread: 0x000001e9d0608000

Heap address: 0x0000000081400000, size: 2028 MB, Compressed Oops mode: 32-bit
Narrow klass base: 0x0000000800000000, Narrow klass shift: 3
Compressed class space size: 1073741824 Address: 0x00000008011a0000

Heap:
 garbage-first heap   total 131072K, used 16193K [0x0000000081400000, 0x0000000100000000)
  region size 1024K, 10 young (10240K), 1 survivors (1024K)
 Metaspace       used 5804K, capacity 6280K, committed 6528K, reserved 1056768K
  class space    used 717K, capacity 829K, committed 896K, reserved 1048576K
Heap Regions: E=young(eden), S=young(survivor), O=old, HS=humongous(starts), HC=humongous(continues), CS=collection set, F=free, A=archive, TAMS=top-at-mark-start (previous, next)
|   0|0x0000000081400000, 0x0000000081500000, 0x0000000081500000|100%| O|  |TAMS 0x0000000081400000, 0x0000000081400000| Untracked 
|   1|0x0000000081500000, 0x0000000081600000, 0x0000000081600000|100%| O|  |TAMS 0x0000000081500000, 0x0000000081500000| Untracked 
|   2|0x0000000081600000, 0x0000000081700000, 0x0000000081700000|100%| O|  |TAMS 0x0000000081600000, 0x0000000081600000| Untracked 
|   3|0x0000000081700000, 0x0000000081800000, 0x0000000081800000|100%| O|  |TAMS 0x0000000081700000, 0x0000000081700000| Untracked 
|   4|0x0000000081800000, 0x0000000081900000, 0x0000000081900000|100%| O|  |TAMS 0x0000000081800000, 0x0000000081800000| Untracked 
|   5|0x0000000081900000, 0x000000008197e990, 0x0000000081a00000| 49%| O|  |TAMS 0x0000000081900000, 0x0000000081900000| Untracked 
|   6|0x0000000081a00000, 0x0000000081a00000, 0x0000000081b00000|  0%| F|  |TAMS 0x0000000081a00000, 0x0000000081a00000| Untracked 
|   7|0x0000000081b00000, 0x0000000081b00000, 0x0000000081c00000|  0%| F|  |TAMS 0x0000000081b00000, 0x0000000081b00000| Untracked 
|   8|0x0000000081c00000, 0x0000000081c00000, 0x0000000081d00000|  0%| F|  |TAMS 0x0000000081c00000, 0x0000000081c00000| Untracked 
|   9|0x0000000081d00000, 0x0000000081d00000, 0x0000000081e00000|  0%| F|  |TAMS 0x0000000081d00000, 0x0000000081d00000| Untracked 
|  10|0x0000000081e00000, 0x0000000081e00000, 0x0000000081f00000|  0%| F|  |TAMS 0x0000000081e00000, 0x0000000081e00000| Untracked 
|  11|0x0000000081f00000, 0x0000000081f00000, 0x0000000082000000|  0%| F|  |TAMS 0x0000000081f00000, 0x0000000081f00000| Untracked 
|  12|0x0000000082000000, 0x0000000082000000, 0x0000000082100000|  0%| F|  |TAMS 0x0000000082000000, 0x0000000082000000| Untracked 
|  13|0x0000000082100000, 0x0000000082100000, 0x0000000082200000|  0%| F|  |TAMS 0x0000000082100000, 0x0000000082100000| Untracked 
|  14|0x0000000082200000, 0x0000000082200000, 0x0000000082300000|  0%| F|  |TAMS 0x0000000082200000, 0x0000000082200000| Untracked 
|  15|0x0000000082300000, 0x0000000082300000, 0x0000000082400000|  0%| F|  |TAMS 0x0000000082300000, 0x0000000082300000| Untracked 
|  16|0x0000000082400000, 0x0000000082400000, 0x0000000082500000|  0%| F|  |TAMS 0x0000000082400000, 0x0000000082400000| Untracked 
|  17|0x0000000082500000, 0x0000000082500000, 0x0000000082600000|  0%| F|  |TAMS 0x0000000082500000, 0x0000000082500000| Untracked 
|  18|0x0000000082600000, 0x0000000082600000, 0x0000000082700000|  0%| F|  |TAMS 0x0000000082600000, 0x0000000082600000| Untracked 
|  19|0x0000000082700000, 0x0000000082700000, 0x0000000082800000|  0%| F|  |TAMS 0x0000000082700000, 0x0000000082700000| Untracked 
|  20|0x0000000082800000, 0x0000000082800000, 0x0000000082900000|  0%| F|  |TAMS 0x0000000082800000, 0x0000000082800000| Untracked 
|  21|0x0000000082900000, 0x0000000082900000, 0x0000000082a00000|  0%| F|  |TAMS 0x0000000082900000, 0x0000000082900000| Untracked 
|  22|0x0000000082a00000, 0x0000000082a00000, 0x0000000082b00000|  0%| F|  |TAMS 0x0000000082a00000, 0x0000000082a00000| Untracked 
|  23|0x0000000082b00000, 0x0000000082b00000, 0x0000000082c00000|  0%| F|  |TAMS 0x0000000082b00000, 0x0000000082b00000| Untracked 
|  24|0x0000000082c00000, 0x0000000082c00000, 0x0000000082d00000|  0%| F|  |TAMS 0x0000000082c00000, 0x0000000082c00000| Untracked 
|  25|0x0000000082d00000, 0x0000000082d00000, 0x0000000082e00000|  0%| F|  |TAMS 0x0000000082d00000, 0x0000000082d00000| Untracked 
|  26|0x0000000082e00000, 0x0000000082e00000, 0x0000000082f00000|  0%| F|  |TAMS 0x0000000082e00000, 0x0000000082e00000| Untracked 
|  27|0x0000000082f00000, 0x0000000082f00000, 0x0000000083000000|  0%| F|  |TAMS 0x0000000082f00000, 0x0000000082f00000| Untracked 
|  28|0x0000000083000000, 0x0000000083000000, 0x0000000083100000|  0%| F|  |TAMS 0x0000000083000000, 0x0000000083000000| Untracked 
|  29|0x0000000083100000, 0x0000000083100000, 0x0000000083200000|  0%| F|  |TAMS 0x0000000083100000, 0x0000000083100000| Untracked 
|  30|0x0000000083200000, 0x0000000083200000, 0x0000000083300000|  0%| F|  |TAMS 0x0000000083200000, 0x0000000083200000| Untracked 
|  31|0x0000000083300000, 0x0000000083300000, 0x0000000083400000|  0%| F|  |TAMS 0x0000000083300000, 0x0000000083300000| Untracked 
|  32|0x0000000083400000, 0x0000000083400000, 0x0000000083500000|  0%| F|  |TAMS 0x0000000083400000, 0x0000000083400000| Untracked 
|  33|0x0000000083500000, 0x0000000083500000, 0x0000000083600000|  0%| F|  |TAMS 0x0000000083500000, 0x0000000083500000| Untracked 
|  34|0x0000000083600000, 0x0000000083600000, 0x0000000083700000|  0%| F|  |TAMS 0x0000000083600000, 0x0000000083600000| Untracked 
|  35|0x0000000083700000, 0x0000000083700000, 0x0000000083800000|  0%| F|  |TAMS 0x0000000083700000, 0x0000000083700000| Untracked 
|  36|0x0000000083800000, 0x0000000083800000, 0x0000000083900000|  0%| F|  |TAMS 0x0000000083800000, 0x0000000083800000| Untracked 
|  37|0x0000000083900000, 0x0000000083900000, 0x0000000083a00000|  0%| F|  |TAMS 0x0000000083900000, 0x0000000083900000| Untracked 
|  38|0x0000000083a00000, 0x0000000083a00000, 0x0000000083b00000|  0%| F|  |TAMS 0x0000000083a00000, 0x0000000083a00000| Untracked 
|  39|0x0000000083b00000, 0x0000000083b00000, 0x0000000083c00000|  0%| F|  |TAMS 0x0000000083b00000, 0x0000000083b00000| Untracked 
|  40|0x0000000083c00000, 0x0000000083c00000, 0x0000000083d00000|  0%| F|  |TAMS 0x0000000083c00000, 0x0000000083c00000| Untracked 
|  41|0x0000000083d00000, 0x0000000083d00000, 0x0000000083e00000|  0%| F|  |TAMS 0x0000000083d00000, 0x0000000083d00000| Untracked 
|  42|0x0000000083e00000, 0x0000000083e00000, 0x0000000083f00000|  0%| F|  |TAMS 0x0000000083e00000, 0x0000000083e00000| Untracked 
|  43|0x0000000083f00000, 0x0000000083f00000, 0x0000000084000000|  0%| F|  |TAMS 0x0000000083f00000, 0x0000000083f00000| Untracked 
|  44|0x0000000084000000, 0x0000000084000000, 0x0000000084100000|  0%| F|  |TAMS 0x0000000084000000, 0x0000000084000000| Untracked 
|  45|0x0000000084100000, 0x0000000084100000, 0x0000000084200000|  0%| F|  |TAMS 0x0000000084100000, 0x0000000084100000| Untracked 
|  46|0x0000000084200000, 0x0000000084200000, 0x0000000084300000|  0%| F|  |TAMS 0x0000000084200000, 0x0000000084200000| Untracked 
|  47|0x0000000084300000, 0x0000000084300000, 0x0000000084400000|  0%| F|  |TAMS 0x0000000084300000, 0x0000000084300000| Untracked 
|  48|0x0000000084400000, 0x0000000084400000, 0x0000000084500000|  0%| F|  |TAMS 0x0000000084400000, 0x0000000084400000| Untracked 
|  49|0x0000000084500000, 0x0000000084500000, 0x0000000084600000|  0%| F|  |TAMS 0x0000000084500000, 0x0000000084500000| Untracked 
|  50|0x0000000084600000, 0x0000000084600000, 0x0000000084700000|  0%| F|  |TAMS 0x0000000084600000, 0x0000000084600000| Untracked 
|  51|0x0000000084700000, 0x0000000084700000, 0x0000000084800000|  0%| F|  |TAMS 0x0000000084700000, 0x0000000084700000| Untracked 
|  52|0x0000000084800000, 0x0000000084800000, 0x0000000084900000|  0%| F|  |TAMS 0x0000000084800000, 0x0000000084800000| Untracked 
|  53|0x0000000084900000, 0x0000000084900000, 0x0000000084a00000|  0%| F|  |TAMS 0x0000000084900000, 0x0000000084900000| Untracked 
|  54|0x0000000084a00000, 0x0000000084a00000, 0x0000000084b00000|  0%| F|  |TAMS 0x0000000084a00000, 0x0000000084a00000| Untracked 
|  55|0x0000000084b00000, 0x0000000084b00000, 0x0000000084c00000|  0%| F|  |TAMS 0x0000000084b00000, 0x0000000084b00000| Untracked 
|  56|0x0000000084c00000, 0x0000000084c00000, 0x0000000084d00000|  0%| F|  |TAMS 0x0000000084c00000, 0x0000000084c00000| Untracked 
|  57|0x0000000084d00000, 0x0000000084d00000, 0x0000000084e00000|  0%| F|  |TAMS 0x0000000084d00000, 0x0000000084d00000| Untracked 
|  58|0x0000000084e00000, 0x0000000084e00000, 0x0000000084f00000|  0%| F|  |TAMS 0x0000000084e00000, 0x0000000084e00000| Untracked 
|  59|0x0000000084f00000, 0x0000000084f00000, 0x0000000085000000|  0%| F|  |TAMS 0x0000000084f00000, 0x0000000084f00000| Untracked 
|  60|0x0000000085000000, 0x0000000085000000, 0x0000000085100000|  0%| F|  |TAMS 0x0000000085000000, 0x0000000085000000| Untracked 
|  61|0x0000000085100000, 0x0000000085100000, 0x0000000085200000|  0%| F|  |TAMS 0x0000000085100000, 0x0000000085100000| Untracked 
|  62|0x0000000085200000, 0x0000000085200000, 0x0000000085300000|  0%| F|  |TAMS 0x0000000085200000, 0x0000000085200000| Untracked 
|  63|0x0000000085300000, 0x0000000085300000, 0x0000000085400000|  0%| F|  |TAMS 0x0000000085300000, 0x0000000085300000| Untracked 
|  64|0x0000000085400000, 0x0000000085400000, 0x0000000085500000|  0%| F|  |TAMS 0x0000000085400000, 0x0000000085400000| Untracked 
|  65|0x0000000085500000, 0x0000000085500000, 0x0000000085600000|  0%| F|  |TAMS 0x0000000085500000, 0x0000000085500000| Untracked 
|  66|0x0000000085600000, 0x0000000085600000, 0x0000000085700000|  0%| F|  |TAMS 0x0000000085600000, 0x0000000085600000| Untracked 
|  67|0x0000000085700000, 0x0000000085700000, 0x0000000085800000|  0%| F|  |TAMS 0x0000000085700000, 0x0000000085700000| Untracked 
|  68|0x0000000085800000, 0x0000000085800000, 0x0000000085900000|  0%| F|  |TAMS 0x0000000085800000, 0x0000000085800000| Untracked 
|  69|0x0000000085900000, 0x0000000085900000, 0x0000000085a00000|  0%| F|  |TAMS 0x0000000085900000, 0x0000000085900000| Untracked 
|  70|0x0000000085a00000, 0x0000000085a00000, 0x0000000085b00000|  0%| F|  |TAMS 0x0000000085a00000, 0x0000000085a00000| Untracked 
|  71|0x0000000085b00000, 0x0000000085b00000, 0x0000000085c00000|  0%| F|  |TAMS 0x0000000085b00000, 0x0000000085b00000| Untracked 
|  72|0x0000000085c00000, 0x0000000085c00000, 0x0000000085d00000|  0%| F|  |TAMS 0x0000000085c00000, 0x0000000085c00000| Untracked 
|  73|0x0000000085d00000, 0x0000000085d00000, 0x0000000085e00000|  0%| F|  |TAMS 0x0000000085d00000, 0x0000000085d00000| Untracked 
|  74|0x0000000085e00000, 0x0000000085e00000, 0x0000000085f00000|  0%| F|  |TAMS 0x0000000085e00000, 0x0000000085e00000| Untracked 
|  75|0x0000000085f00000, 0x0000000085f00000, 0x0000000086000000|  0%| F|  |TAMS 0x0000000085f00000, 0x0000000085f00000| Untracked 
|  76|0x0000000086000000, 0x0000000086000000, 0x0000000086100000|  0%| F|  |TAMS 0x0000000086000000, 0x0000000086000000| Untracked 
|  77|0x0000000086100000, 0x0000000086100000, 0x0000000086200000|  0%| F|  |TAMS 0x0000000086100000, 0x0000000086100000| Untracked 
|  78|0x0000000086200000, 0x0000000086200000, 0x0000000086300000|  0%| F|  |TAMS 0x0000000086200000, 0x0000000086200000| Untracked 
|  79|0x0000000086300000, 0x0000000086300000, 0x0000000086400000|  0%| F|  |TAMS 0x0000000086300000, 0x0000000086300000| Untracked 
|  80|0x0000000086400000, 0x0000000086400000, 0x0000000086500000|  0%| F|  |TAMS 0x0000000086400000, 0x0000000086400000| Untracked 
|  81|0x0000000086500000, 0x0000000086500000, 0x0000000086600000|  0%| F|  |TAMS 0x0000000086500000, 0x0000000086500000| Untracked 
|  82|0x0000000086600000, 0x0000000086600000, 0x0000000086700000|  0%| F|  |TAMS 0x0000000086600000, 0x0000000086600000| Untracked 
|  83|0x0000000086700000, 0x0000000086700000, 0x0000000086800000|  0%| F|  |TAMS 0x0000000086700000, 0x0000000086700000| Untracked 
|  84|0x0000000086800000, 0x0000000086800000, 0x0000000086900000|  0%| F|  |TAMS 0x0000000086800000, 0x0000000086800000| Untracked 
|  85|0x0000000086900000, 0x0000000086900000, 0x0000000086a00000|  0%| F|  |TAMS 0x0000000086900000, 0x0000000086900000| Untracked 
|  86|0x0000000086a00000, 0x0000000086a00000, 0x0000000086b00000|  0%| F|  |TAMS 0x0000000086a00000, 0x0000000086a00000| Untracked 
|  87|0x0000000086b00000, 0x0000000086b00000, 0x0000000086c00000|  0%| F|  |TAMS 0x0000000086b00000, 0x0000000086b00000| Untracked 
|  88|0x0000000086c00000, 0x0000000086c00000, 0x0000000086d00000|  0%| F|  |TAMS 0x0000000086c00000, 0x0000000086c00000| Untracked 
|  89|0x0000000086d00000, 0x0000000086d00000, 0x0000000086e00000|  0%| F|  |TAMS 0x0000000086d00000, 0x0000000086d00000| Untracked 
|  90|0x0000000086e00000, 0x0000000086e00000, 0x0000000086f00000|  0%| F|  |TAMS 0x0000000086e00000, 0x0000000086e00000| Untracked 
|  91|0x0000000086f00000, 0x0000000086f00000, 0x0000000087000000|  0%| F|  |TAMS 0x0000000086f00000, 0x0000000086f00000| Untracked 
|  92|0x0000000087000000, 0x0000000087000000, 0x0000000087100000|  0%| F|  |TAMS 0x0000000087000000, 0x0000000087000000| Untracked 
|  93|0x0000000087100000, 0x0000000087100000, 0x0000000087200000|  0%| F|  |TAMS 0x0000000087100000, 0x0000000087100000| Untracked 
|  94|0x0000000087200000, 0x0000000087200000, 0x0000000087300000|  0%| F|  |TAMS 0x0000000087200000, 0x0000000087200000| Untracked 
|  95|0x0000000087300000, 0x0000000087300000, 0x0000000087400000|  0%| F|  |TAMS 0x0000000087300000, 0x0000000087300000| Untracked 
|  96|0x0000000087400000, 0x0000000087400000, 0x0000000087500000|  0%| F|  |TAMS 0x0000000087400000, 0x0000000087400000| Untracked 
|  97|0x0000000087500000, 0x0000000087500000, 0x0000000087600000|  0%| F|  |TAMS 0x0000000087500000, 0x0000000087500000| Untracked 
|  98|0x0000000087600000, 0x0000000087600000, 0x0000000087700000|  0%| F|  |TAMS 0x0000000087600000, 0x0000000087600000| Untracked 
|  99|0x0000000087700000, 0x0000000087700000, 0x0000000087800000|  0%| F|  |TAMS 0x0000000087700000, 0x0000000087700000| Untracked 
| 100|0x0000000087800000, 0x0000000087800000, 0x0000000087900000|  0%| F|  |TAMS 0x0000000087800000, 0x0000000087800000| Untracked 
| 101|0x0000000087900000, 0x0000000087900000, 0x0000000087a00000|  0%| F|  |TAMS 0x0000000087900000, 0x0000000087900000| Untracked 
| 102|0x0000000087a00000, 0x0000000087a00000, 0x0000000087b00000|  0%| F|  |TAMS 0x0000000087a00000, 0x0000000087a00000| Untracked 
| 103|0x0000000087b00000, 0x0000000087b00000, 0x0000000087c00000|  0%| F|  |TAMS 0x0000000087b00000, 0x0000000087b00000| Untracked 
| 104|0x0000000087c00000, 0x0000000087c00000, 0x0000000087d00000|  0%| F|  |TAMS 0x0000000087c00000, 0x0000000087c00000| Untracked 
| 105|0x0000000087d00000, 0x0000000087d00000, 0x0000000087e00000|  0%| F|  |TAMS 0x0000000087d00000, 0x0000000087d00000| Untracked 
| 106|0x0000000087e00000, 0x0000000087e00000, 0x0000000087f00000|  0%| F|  |TAMS 0x0000000087e00000, 0x0000000087e00000| Untracked 
| 107|0x0000000087f00000, 0x0000000087f00000, 0x0000000088000000|  0%| F|  |TAMS 0x0000000087f00000, 0x0000000087f00000| Untracked 
| 108|0x0000000088000000, 0x0000000088000000, 0x0000000088100000|  0%| F|  |TAMS 0x0000000088000000, 0x0000000088000000| Untracked 
| 109|0x0000000088100000, 0x0000000088100000, 0x0000000088200000|  0%| F|  |TAMS 0x0000000088100000, 0x0000000088100000| Untracked 
| 110|0x0000000088200000, 0x0000000088200000, 0x0000000088300000|  0%| F|  |TAMS 0x0000000088200000, 0x0000000088200000| Untracked 
| 111|0x0000000088300000, 0x0000000088300000, 0x0000000088400000|  0%| F|  |TAMS 0x0000000088300000, 0x0000000088300000| Untracked 
| 112|0x0000000088400000, 0x0000000088500000, 0x0000000088500000|100%| E|CS|TAMS 0x0000000088400000, 0x0000000088400000| Complete 
| 113|0x0000000088500000, 0x0000000088600000, 0x0000000088600000|100%| E|CS|TAMS 0x0000000088500000, 0x0000000088500000| Complete 
| 114|0x0000000088600000, 0x0000000088600000, 0x0000000088700000|  0%| F|  |TAMS 0x0000000088600000, 0x0000000088600000| Untracked 
| 115|0x0000000088700000, 0x0000000088700000, 0x0000000088800000|  0%| F|  |TAMS 0x0000000088700000, 0x0000000088700000| Untracked 
| 116|0x0000000088800000, 0x0000000088800000, 0x0000000088900000|  0%| F|  |TAMS 0x0000000088800000, 0x0000000088800000| Untracked 
| 117|0x0000000088900000, 0x0000000088900000, 0x0000000088a00000|  0%| F|  |TAMS 0x0000000088900000, 0x0000000088900000| Untracked 
| 118|0x0000000088a00000, 0x0000000088aa88e8, 0x0000000088b00000| 65%| S|  |TAMS 0x0000000088a00000, 0x0000000088a00000| Complete 
| 119|0x0000000088b00000, 0x0000000088c00000, 0x0000000088c00000|100%| E|CS|TAMS 0x0000000088b00000, 0x0000000088b00000| Complete 
| 120|0x0000000088c00000, 0x0000000088d00000, 0x0000000088d00000|100%| E|CS|TAMS 0x0000000088c00000, 0x0000000088c00000| Complete 
| 121|0x0000000088d00000, 0x0000000088e00000, 0x0000000088e00000|100%| E|CS|TAMS 0x0000000088d00000, 0x0000000088d00000| Complete 
| 122|0x0000000088e00000, 0x0000000088f00000, 0x0000000088f00000|100%| E|CS|TAMS 0x0000000088e00000, 0x0000000088e00000| Complete 
| 123|0x0000000088f00000, 0x0000000089000000, 0x0000000089000000|100%| E|CS|TAMS 0x0000000088f00000, 0x0000000088f00000| Complete 
| 124|0x0000000089000000, 0x0000000089100000, 0x0000000089100000|100%| E|CS|TAMS 0x0000000089000000, 0x0000000089000000| Complete 
| 125|0x0000000089100000, 0x0000000089200000, 0x0000000089200000|100%| E|CS|TAMS 0x0000000089100000, 0x0000000089100000| Complete 
| 126|0x0000000089200000, 0x0000000089300000, 0x0000000089300000|100%| E|CS|TAMS 0x0000000089200000, 0x0000000089200000| Complete 
| 127|0x0000000089300000, 0x0000000089400000, 0x0000000089400000|100%| E|CS|TAMS 0x0000000089300000, 0x0000000089300000| Complete 

Card table byte_map: [0x000001e9e7db0000,0x000001e9e81b0000] _byte_map_base: 0x000001e9e79a6000

Marking Bits (Prev, Next): (CMBitMap*) 0x000001e9d06493a8, (CMBitMap*) 0x000001e9d06493e8
 Prev Bits: [0x000001e9e85b0000, 0x000001e9ea560000)
 Next Bits: [0x000001e9ea560000, 0x000001e9ec510000)

Polling page: 0x000001e9ce430000

Metaspace:

Usage:
  Non-class:      5.32 MB capacity,     4.97 MB ( 93%) used,   343.45 KB (  6%) free+waste,    20.44 KB ( <1%) overhead. 
      Class:    829.00 KB capacity,   717.25 KB ( 87%) used,    99.94 KB ( 12%) free+waste,    11.81 KB (  1%) overhead. 
       Both:      6.13 MB capacity,     5.67 MB ( 92%) used,   443.39 KB (  7%) free+waste,    32.25 KB ( <1%) overhead. 

Virtual space:
  Non-class space:        8.00 MB reserved,       5.50 MB ( 69%) committed 
      Class space:        1.00 GB reserved,     896.00 KB ( <1%) committed 
             Both:        1.01 GB reserved,       6.38 MB ( <1%) committed 

Chunk freelists:
   Non-Class:  6.63 KB
       Class:  384 bytes
        Both:  7.00 KB

CodeHeap 'non-profiled nmethods': size=238912Kb used=1790Kb max_used=1790Kb free=237121Kb
 bounds [0x000001e9d9060000, 0x000001e9d92d0000, 0x000001e9e79b0000]
CodeHeap 'non-nmethods': size=6848Kb used=1131Kb max_used=1131Kb free=5716Kb
 bounds [0x000001e9d89b0000, 0x000001e9d8c20000, 0x000001e9d9060000]
 total_blobs=1629 nmethods=1174 adapters=365
 compilation: enabled
              stopped_count=0, restarted_count=0
 full_count=0

Compilation events (10 events):
Event: 0.634 Thread 0x000001e9ef259000 nmethod 1169 0x000001e9d921c110 code [0x000001e9d921c3e0, 0x000001e9d921cef0]
Event: 0.634 Thread 0x000001e9ef259000 1170       1       java.lang.PublicMethods$Key::matches (31 bytes)
Event: 0.634 Thread 0x000001e9ef259000 nmethod 1170 0x000001e9d921d410 code [0x000001e9d921d5e0, 0x000001e9d921d7e0]
Event: 0.634 Thread 0x000001e9ef259000 1171       1       jdk.internal.loader.ClassLoaders$AppClassLoader::loadClass (40 bytes)
Event: 0.635 Thread 0x000001e9ef259000 nmethod 1171 0x000001e9d921d910 code [0x000001e9d921db20, 0x000001e9d921de80]
Event: 0.635 Thread 0x000001e9ef259000 1172       1       java.lang.reflect.Constructor::getRoot (5 bytes)
Event: 0.635 Thread 0x000001e9ef259000 nmethod 1172 0x000001e9d921e090 code [0x000001e9d921e240, 0x000001e9d921e378]
Event: 0.635 Thread 0x000001e9ef259000 1173       1       java.util.jar.JarFile::getVersionedEntry (85 bytes)
Event: 0.636 Thread 0x000001e9ef259000 nmethod 1173 0x000001e9d921e410 code [0x000001e9d921e660, 0x000001e9d921ecf0]
Event: 0.636 Thread 0x000001e9ef259000 1174       1       java.util.jar.JarFile::maybeInstantiateVerifier (112 bytes)

GC Heap History (3 events):
Event: 0.538 GC heap before
{Heap before GC invocations=0 (full 0):
 garbage-first heap   total 131072K, used 13312K [0x0000000081400000, 0x0000000100000000)
  region size 1024K, 14 young (14336K), 0 survivors (0K)
 Metaspace       used 4298K, capacity 5116K, committed 5376K, reserved 1056768K
  class space    used 552K, capacity 649K, committed 768K, reserved 1048576K
}
Event: 0.542 GC heap after
{Heap after GC invocations=1 (full 0):
 garbage-first heap   total 131072K, used 6977K [0x0000000081400000, 0x0000000100000000)
  region size 1024K, 2 young (2048K), 2 survivors (2048K)
 Metaspace       used 4298K, capacity 5116K, committed 5376K, reserved 1056768K
  class space    used 552K, capacity 649K, committed 768K, reserved 1048576K
}
Event: 0.636 GC heap before
{Heap before GC invocations=1 (full 0):
 garbage-first heap   total 131072K, used 16193K [0x0000000081400000, 0x0000000100000000)
  region size 1024K, 11 young (11264K), 2 survivors (2048K)
 Metaspace       used 5804K, capacity 6280K, committed 6528K, reserved 1056768K
  class space    used 717K, capacity 829K, committed 896K, reserved 1048576K
}

Deoptimization events (0 events):
No events

Classes redefined (0 events):
No events

Internal exceptions (10 events):
Event: 0.296 Thread 0x000001e9d0608000 Exception <a 'java/lang/NoSuchMethodError'{0x0000000088affd68}: java.lang.invoke.DirectMethodHandle$Holder.invokeInterface(Ljava/lang/Object;Ljava/lang/Object;)I> (0x0000000088affd68) thrown at [t:/workspace/open/src/hotspot/share/interpreter/linkResolver
Event: 0.297 Thread 0x000001e9d0608000 Exception <a 'java/lang/IncompatibleClassChangeError'{0x0000000088902e58}: Found class java.lang.Object, but interface was expected> (0x0000000088902e58) thrown at [t:/workspace/open/src/hotspot/share/interpreter/linkResolver.cpp, line 843]
Event: 0.383 Thread 0x000001e9d0608000 Exception <a 'java/lang/NoSuchMethodError'{0x0000000088722998}: java.lang.invoke.DirectMethodHandle$Holder.invokeSpecialIFC(Ljava/lang/Object;Ljava/lang/Object;Ljava/lang/Object;)I> (0x0000000088722998) thrown at [t:/workspace/open/src/hotspot/share/inter
Event: 0.396 Thread 0x000001e9d0608000 Exception <a 'java/lang/NoSuchMethodError'{0x0000000088783498}: java.lang.invoke.DirectMethodHandle$Holder.invokeStaticInit(Ljava/lang/Object;IIII)Ljava/lang/Object;> (0x0000000088783498) thrown at [t:/workspace/open/src/hotspot/share/interpreter/linkReso
Event: 0.501 Thread 0x000001e9d0608000 Exception <a 'java/lang/NoSuchMethodError'{0x00000000887c86a0}: java.lang.invoke.DirectMethodHandle$Holder.invokeStaticInit(Ljava/lang/Object;Ljava/lang/Object;IIII)Ljava/lang/Object;> (0x00000000887c86a0) thrown at [t:/workspace/open/src/hotspot/share/in
Event: 0.507 Thread 0x000001e9d0608000 Exception <a 'java/lang/ClassNotFoundException'{0x00000000887e3cf0}: javax/management/remote/rmi/RMIServerImpl_Skel> (0x00000000887e3cf0) thrown at [t:/workspace/open/src/hotspot/share/classfile/systemDictionary.cpp, line 235]
Event: 0.530 Thread 0x000001e9d0608000 Exception <a 'java/lang/ClassNotFoundException'{0x00000000886b3b58}: jdk/internal/agent/resources/spi/agentProvider> (0x00000000886b3b58) thrown at [t:/workspace/open/src/hotspot/share/classfile/systemDictionary.cpp, line 235]
Event: 0.567 Thread 0x000001e9d0608000 Exception <a 'java/lang/ClassNotFoundException'{0x0000000089174188}: javax/smartcardio/CardPermission> (0x0000000089174188) thrown at [t:/workspace/open/src/hotspot/share/classfile/systemDictionary.cpp, line 235]
Event: 0.568 Thread 0x000001e9d0608000 Exception <a 'java/io/FileNotFoundException'{0x0000000089181fc0}> (0x0000000089181fc0) thrown at [t:/workspace/open/src/hotspot/share/prims/jni.cpp, line 615]
Event: 0.622 Thread 0x000001e9d0608000 Exception <a 'java/lang/NoSuchMethodError'{0x0000000088c99aa8}: java.lang.invoke.DirectMethodHandle$Holder.invokeStaticInit(Ljava/lang/Object;Ljava/lang/Object;)I> (0x0000000088c99aa8) thrown at [t:/workspace/open/src/hotspot/share/interpreter/linkResolve

Events (10 events):
Event: 0.635 loading class org/springframework/boot/context/config/ConfigFileApplicationListener done
Event: 0.635 loading class org/springframework/boot/env/EnvironmentPostProcessor
Event: 0.635 loading class org/springframework/boot/env/EnvironmentPostProcessor done
Event: 0.635 loading class org/springframework/context/event/SmartApplicationListener
Event: 0.635 loading class org/springframework/context/event/SmartApplicationListener done
Event: 0.636 loading class org/springframework/boot/context/properties/bind/Bindable
Event: 0.636 loading class org/springframework/boot/context/properties/bind/Bindable done
Event: 0.636 loading class org/springframework/core/ResolvableType
Event: 0.636 loading class org/springframework/core/ResolvableType done
Event: 0.636 Executing VM operation: G1CollectForAllocation


Dynamic libraries:
0x00007ff712e80000 - 0x00007ff712e8d000 	C:\APPS\jdk-12.0.1\bin\javaw.exe
0x00007ffa26e70000 - 0x00007ffa27051000 	C:\WINDOWS\SYSTEM32\ntdll.dll
0x00007ffa25b30000 - 0x00007ffa25be1000 	C:\WINDOWS\System32\KERNEL32.DLL
0x00007ffa23260000 - 0x00007ffa234d3000 	C:\WINDOWS\System32\KERNELBASE.dll
0x00007ffa21620000 - 0x00007ffa216ab000 	C:\WINDOWS\SYSTEM32\apphelp.dll
0x00007ff9db610000 - 0x00007ff9dba9f000 	C:\WINDOWS\SYSTEM32\AcLayers.DLL
0x00007ffa245c0000 - 0x00007ffa2465e000 	C:\WINDOWS\System32\msvcrt.dll
0x00007ffa265b0000 - 0x00007ffa26740000 	C:\WINDOWS\System32\USER32.dll
0x00007ffa23240000 - 0x00007ffa23260000 	C:\WINDOWS\System32\win32u.dll
0x00007ffa26c10000 - 0x00007ffa26c38000 	C:\WINDOWS\System32\GDI32.dll
0x00007ffa23770000 - 0x00007ffa23901000 	C:\WINDOWS\System32\gdi32full.dll
0x00007ffa234e0000 - 0x00007ffa2357f000 	C:\WINDOWS\System32\msvcp_win.dll
0x00007ffa24200000 - 0x00007ffa242f8000 	C:\WINDOWS\System32\ucrtbase.dll
0x00007ffa24300000 - 0x00007ffa24351000 	C:\WINDOWS\System32\SHLWAPI.dll
0x00007ffa26760000 - 0x00007ffa26a82000 	C:\WINDOWS\System32\combase.dll
0x00007ffa26d10000 - 0x00007ffa26e34000 	C:\WINDOWS\System32\RPCRT4.dll
0x00007ffa23a20000 - 0x00007ffa23a99000 	C:\WINDOWS\System32\bcryptPrimitives.dll
0x00007ffa198a0000 - 0x00007ffa19925000 	C:\WINDOWS\SYSTEM32\WINSPOOL.DRV
0x00007ffa231d0000 - 0x00007ffa231e1000 	C:\WINDOWS\System32\kernel.appcore.dll
0x00007ffa1fe10000 - 0x00007ffa1ffc4000 	C:\WINDOWS\SYSTEM32\PROPSYS.dll
0x00007ffa244f0000 - 0x00007ffa245b2000 	C:\WINDOWS\System32\OLEAUT32.dll
0x00007ffa26c60000 - 0x00007ffa26d09000 	C:\WINDOWS\System32\shcore.dll
0x00007ffa26490000 - 0x00007ffa264eb000 	C:\WINDOWS\System32\sechost.dll
0x00007ffa22790000 - 0x00007ffa227c8000 	C:\WINDOWS\SYSTEM32\IPHLPAPI.DLL
0x00007ffa22ce0000 - 0x00007ffa22d05000 	C:\WINDOWS\SYSTEM32\bcrypt.dll
0x000001e9ce290000 - 0x000001e9ce293000 	C:\WINDOWS\SYSTEM32\sfc.dll
0x00007ffa0b430000 - 0x00007ffa0b443000 	C:\WINDOWS\SYSTEM32\sfc_os.DLL
0x00007ffa25bf0000 - 0x00007ffa25c1d000 	C:\WINDOWS\System32\IMM32.DLL
0x00007ffa15e20000 - 0x00007ffa15e37000 	C:\APPS\jdk-12.0.1\bin\jli.dll
0x00007ffa12e70000 - 0x00007ffa12e86000 	C:\APPS\jdk-12.0.1\bin\VCRUNTIME140.dll
0x00007ffa17700000 - 0x00007ffa17969000 	C:\WINDOWS\WinSxS\amd64_microsoft.windows.common-controls_6595b64144ccf1df_6.0.17134.885_none_fb42a3473065565f\COMCTL32.dll
0x00007ffa12ce0000 - 0x00007ffa12d8a000 	C:\APPS\jdk-12.0.1\bin\msvcp140.dll
0x00007ff9d7d80000 - 0x00007ff9d88f4000 	C:\APPS\jdk-12.0.1\bin\server\jvm.dll
0x00007ffa26370000 - 0x00007ffa26411000 	C:\WINDOWS\System32\ADVAPI32.dll
0x00007ffa24660000 - 0x00007ffa24668000 	C:\WINDOWS\System32\PSAPI.DLL
0x00007ffa16cb0000 - 0x00007ffa16cb9000 	C:\WINDOWS\SYSTEM32\WSOCK32.dll
0x00007ffa19800000 - 0x00007ffa19823000 	C:\WINDOWS\SYSTEM32\WINMM.dll
0x00007ffa19220000 - 0x00007ffa1922a000 	C:\WINDOWS\SYSTEM32\VERSION.dll
0x00007ffa26420000 - 0x00007ffa2648c000 	C:\WINDOWS\System32\WS2_32.dll
0x00007ffa19630000 - 0x00007ffa1965a000 	C:\WINDOWS\SYSTEM32\winmmbase.dll
0x00007ffa23aa0000 - 0x00007ffa23ae9000 	C:\WINDOWS\System32\cfgmgr32.dll
0x00007ffa12ca0000 - 0x00007ffa12cb1000 	C:\APPS\jdk-12.0.1\bin\verify.dll
0x00007ffa1e8c0000 - 0x00007ffa1ea89000 	C:\WINDOWS\SYSTEM32\DBGHELP.DLL
0x00007ffa1e7a0000 - 0x00007ffa1e7c9000 	C:\WINDOWS\SYSTEM32\dbgcore.DLL
0x00007ffa12bb0000 - 0x00007ffa12bd6000 	C:\APPS\jdk-12.0.1\bin\java.dll
0x00007ffa12c80000 - 0x00007ffa12c97000 	C:\APPS\jdk-12.0.1\bin\zip.dll
0x00007ffa1ed60000 - 0x00007ffa1ed6a000 	C:\APPS\jdk-12.0.1\bin\jimage.dll
0x00007ffa246f0000 - 0x00007ffa25b30000 	C:\WINDOWS\System32\SHELL32.dll
0x00007ffa23af0000 - 0x00007ffa241fd000 	C:\WINDOWS\System32\windows.storage.dll
0x00007ffa23200000 - 0x00007ffa2321f000 	C:\WINDOWS\System32\profapi.dll
0x00007ffa23180000 - 0x00007ffa231cc000 	C:\WINDOWS\System32\powrprof.dll
0x00007ffa231f0000 - 0x00007ffa231fa000 	C:\WINDOWS\System32\FLTLIB.DLL
0x00007ffa12b90000 - 0x00007ffa12ba9000 	C:\APPS\jdk-12.0.1\bin\net.dll
0x00007ffa1f970000 - 0x00007ffa1fa4d000 	C:\WINDOWS\SYSTEM32\WINHTTP.dll
0x00007ffa17050000 - 0x00007ffa17219000 	C:\WINDOWS\SYSTEM32\urlmon.dll
0x00007ffa17ea0000 - 0x00007ffa18146000 	C:\WINDOWS\SYSTEM32\iertutil.dll
0x00007ffa22bd0000 - 0x00007ffa22bdb000 	C:\WINDOWS\SYSTEM32\CRYPTBASE.DLL
0x00007ffa22a00000 - 0x00007ffa22a66000 	C:\WINDOWS\system32\mswsock.dll
0x00007ffa12b70000 - 0x00007ffa12b83000 	C:\APPS\jdk-12.0.1\bin\nio.dll
0x00007ffa1b0a0000 - 0x00007ffa1b0a9000 	C:\APPS\jdk-12.0.1\bin\management.dll
0x00007ffa12e60000 - 0x00007ffa12e6c000 	C:\APPS\jdk-12.0.1\bin\management_ext.dll
0x00007ffa16f00000 - 0x00007ffa16f16000 	C:\WINDOWS\system32\napinsp.dll
0x00007ffa16ee0000 - 0x00007ffa16efa000 	C:\WINDOWS\system32\pnrpnsp.dll
0x00007ffa1ec30000 - 0x00007ffa1ec49000 	C:\WINDOWS\system32\NLAapi.dll
0x00007ffa227d0000 - 0x00007ffa2288e000 	C:\WINDOWS\SYSTEM32\DNSAPI.dll
0x00007ffa26c50000 - 0x00007ffa26c58000 	C:\WINDOWS\System32\NSI.dll
0x00007ffa16ed0000 - 0x00007ffa16ede000 	C:\WINDOWS\System32\winrnr.dll
0x00007ffa1d620000 - 0x00007ffa1d635000 	C:\WINDOWS\System32\wshbth.dll
0x00007ffa1cd80000 - 0x00007ffa1cd8a000 	C:\Windows\System32\rasadhlp.dll
0x00007ffa1d6f0000 - 0x00007ffa1d762000 	C:\WINDOWS\System32\fwpuclnt.dll
0x00007ffa22bb0000 - 0x00007ffa22bc7000 	C:\WINDOWS\SYSTEM32\CRYPTSP.dll
0x00007ffa225f0000 - 0x00007ffa22623000 	C:\WINDOWS\system32\rsaenh.dll
0x00007ffa23080000 - 0x00007ffa230a8000 	C:\WINDOWS\SYSTEM32\USERENV.dll
0x00007ffa1e620000 - 0x00007ffa1e636000 	C:\WINDOWS\SYSTEM32\dhcpcsvc6.DLL
0x00007ffa1d990000 - 0x00007ffa1d9aa000 	C:\WINDOWS\SYSTEM32\dhcpcsvc.DLL

dbghelp: loaded successfully - version: 4.0.5 - missing functions: none
symbol engine: initialized successfully - sym options: 0x614 - pdb path: .;C:\APPS\jdk-12.0.1\bin;C:\WINDOWS\SYSTEM32;C:\WINDOWS\WinSxS\amd64_microsoft.windows.common-controls_6595b64144ccf1df_6.0.17134.885_none_fb42a3473065565f;C:\APPS\jdk-12.0.1\bin\server

VM Arguments:
jvm_args: -Dcom.sun.management.jmxremote -Dcom.sun.management.jmxremote.port=63292 -Dcom.sun.management.jmxremote.authenticate=false -Dcom.sun.management.jmxremote.ssl=false -Djava.rmi.server.hostname=localhost -Dspring.jmx.enabled=true -Dspring.application.admin.enabled=true -Xverify:none -XX:TieredStopAtLevel=1 -Dfile.encoding=MS949 
java_command: com.wabu.d2project.D2project1Application --spring.output.ansi.enabled=always
java_class_path (initial): E:\workplace\project\d2project-1\bin\main;C:\Users\USER\.gradle\caches\modules-2\files-2.1\org.springframework.boot\spring-boot-starter-data-rest\2.1.6.RELEASE\bf60ed8757219a1cc1043545d2c68dff4c0b7987\spring-boot-starter-data-rest-2.1.6.RELEASE.jar;C:\Users\USER\.gradle\caches\modules-2\files-2.1\org.springframework.boot\spring-boot-starter-hateoas\2.1.6.RELEASE\b2aa366d67cd20249d346ae62e0de92275e22493\spring-boot-starter-hateoas-2.1.6.RELEASE.jar;C:\Users\USER\.gradle\caches\modules-2\files-2.1\org.springframework.boot\spring-boot-starter-jersey\2.1.6.RELEASE\99d8b2657d96a86c2a99def6818f8ceed928df6\spring-boot-starter-jersey-2.1.6.RELEASE.jar;C:\Users\USER\.gradle\caches\modules-2\files-2.1\org.springframework.boot\spring-boot-starter-web-services\2.1.6.RELEASE\f0aace1fa923f7d294e9ef910de485760c38161\spring-boot-starter-web-services-2.1.6.RELEASE.jar;C:\Users\USER\.gradle\caches\modules-2\files-2.1\com.vaadin\vaadin-spring-boot-starter\13.0.10\e213fc4e9516084e3b70980cc079287d10a4ad9f\vaadin-spring-boot-starter-13.0.10.jar;C:\Users\USER\.gradle\caches\modules-2\files-2.1\org.springframework.boot\spring-boot-starter-web\2.1.6.RELEASE\8d232c9366b4ef3f5a919e48efb2228528391914\spring-boot-starter-web-2.1.6.RELEASE.jar;C:\Users\USER\.gradle\caches\modules-2\files-2.1\org.springframework.boot\spring-boot-starter-webflux\2.1.6.RELEASE\3371f4463104ce7bddad990719c04aaa8922449a\spring-boot-starter-webflux-2.1.6.RELEASE.jar;C:\Users\USER\.gradle\caches\modules-2\files-2.1\org.springframework.data\spring-data-rest-hal-browser\3.1.9.RELEASE\29e3258266b7186c2aeb02d382514660e5d952e\spring-data-rest-hal-browser-3.1.9.RELEASE.jar;C:\Users\USER\.gradle\caches\modules-2\files-2.1\org.springframework.session\spring-session-core\2.1.7.RELEASE\78d7828fa1bdaa0fa90656d63564730fd1175da0\spring-session-core-2.1.7.RELEASE.jar;C:\Users\USER\.gradle\caches\modules-2\files-2.1\org.springframework.data\spring-data-rest-webmvc\3.1.9.RELEASE\7a92129c54700d31ce5ceb072b4d
Launcher Type: SUN_STANDARD

[Global flags]
     bool BytecodeVerificationLocal                = false                                     {product} {command line}
     bool BytecodeVerificationRemote               = false                                     {product} {command line}
     intx CICompilerCount                          = 3                                         {product} {ergonomic}
     uint ConcGCThreads                            = 1                                         {product} {ergonomic}
     uint G1ConcRefinementThreads                  = 4                                         {product} {ergonomic}
   size_t G1HeapRegionSize                         = 1048576                                   {product} {ergonomic}
    uintx GCDrainStackTargetSize                   = 64                                        {product} {ergonomic}
   size_t InitialHeapSize                          = 134217728                                 {product} {ergonomic}
     bool ManagementServer                         = true                                      {product} {command line}
   size_t MarkStackSize                            = 4194304                                   {product} {ergonomic}
   size_t MaxHeapSize                              = 2126512128                                {product} {ergonomic}
   size_t MaxNewSize                               = 1275068416                                {product} {ergonomic}
   size_t MinHeapDeltaBytes                        = 1048576                                   {product} {ergonomic}
    uintx NonNMethodCodeHeapSize                   = 6973028                                {pd product} {ergonomic}
    uintx NonProfiledCodeHeapSize                  = 244685212                              {pd product} {ergonomic}
    uintx ProfiledCodeHeapSize                     = 0                                      {pd product} {ergonomic}
    uintx ReservedCodeCacheSize                    = 251658240                              {pd product} {ergonomic}
     bool SegmentedCodeCache                       = true                                      {product} {ergonomic}
     intx TieredStopAtLevel                        = 1                                         {product} {command line}
     bool UseCompressedClassPointers               = true                                 {lp64_product} {ergonomic}
     bool UseCompressedOops                        = true                                 {lp64_product} {ergonomic}
     bool UseG1GC                                  = true                                      {product} {ergonomic}
     bool UseLargePagesIndividualAllocation        = false                                  {pd product} {ergonomic}

Logging:
Log output configuration:
 #0: stdout all=warning uptime,level,tags
 #1: stderr all=off uptime,level,tags

Environment Variables:
CLASSPATH=C:\APPS\jdk-12.0.1\lib
PATH=C:/APPS/jdk 1.8/bin/server;C:/APPS/jdk 1.8/bin;C:/APPS/jdk 1.8/lib/amd64;C:\Program Files (x86)\Common Files\Oracle\Java\javapath;C:\APPS\oracle\product\11.2.0\dbhome_1\bin;C:\Program Files (x86)\Intel\iCLS Client\;C:\Program Files\Intel\iCLS Client\;C:\WINDOWS\system32;C:\WINDOWS;C:\WINDOWS\System32\Wbem;C:\WINDOWS\System32\WindowsPowerShell\v1.0\;C:\Program Files\Intel\WiFi\bin\;C:\Program Files\Common Files\Intel\WirelessCommon\;C:\Program Files (x86)\Intel\Intel(R) Management Engine Components\DAL;C:\Program Files\Intel\Intel(R) Management Engine Components\DAL;C:\Program Files (x86)\Intel\Intel(R) Management Engine Components\IPT;C:\Program Files\Intel\Intel(R) Management Engine Components\IPT;C:\APPS\apache-maven-3.6.1;\bin\;C:\APPS\jdk-12.0.1\bin\;C:\APPS\oracle instantclient\instantclient_18_5;C:\Program Files\MySQL\MySQL Shell 8.0\bin\;C:\WINDOWS\System32\OpenSSH\;C:\Program Files\PuTTY\;C:\Program Files\MySQL\MySQL Server 8.0\bin;C:\Program Files\MongoDB\Server\4.0\bin;C:\Program Files\MySQL\MySQL Shell 8.0\bin\;C:\APPS\sts-4.3.0.RELEASE;
USERNAME=USER
OS=Windows_NT
PROCESSOR_IDENTIFIER=Intel64 Family 6 Model 158 Stepping 9, GenuineIntel



---------------  S Y S T E M  ---------------

OS: Windows 10 , 64 bit Build 17134 (10.0.17134.753)

CPU:total 4 (initial active 4) (4 cores per cpu, 1 threads per core) family 6 model 158 stepping 9, cmov, cx8, fxsr, mmx, sse, sse2, sse3, ssse3, sse4.1, sse4.2, popcnt, avx, avx2, aes, clmul, erms, 3dnowpref, lzcnt, tsc, tscinvbit, bmi1, bmi2, adx, fma

Memory: 4k page, system-wide physical 8106M (1322M free)
TotalPageFile size 11319M (AvailPageFile size 1953M)
current process WorkingSet (physical memory assigned to process): 71M, peak: 71M
current process commit charge ("private bytes"): 215M, peak: 215M

vm_info: OpenJDK 64-Bit Server VM (12.0.1+12) for windows-amd64 JRE (12.0.1+12), built on Apr  2 2019 08:16:31 by "mach5one" with MS VC++ 15.5 (VS2017)

END.
