#
# A fatal error has been detected by the Java Runtime Environment:
#
#  EXCEPTION_ACCESS_VIOLATION (0xc0000005) at pc=0x00007ffb64c43a05, pid=3040, tid=8092
#
# JRE version: OpenJDK Runtime Environment (12.0.1+12) (build 12.0.1+12)
# Java VM: OpenJDK 64-Bit Server VM (12.0.1+12, mixed mode, sharing, tiered, compressed oops, g1 gc, windows-amd64)
# Problematic frame:
# V  [jvm.dll+0x663a05]
#
# No core dump will be written. Minidumps are not enabled by default on client versions of Windows
#
# If you would like to submit a bug report, please visit:
#   http://bugreport.java.com/bugreport/crash.jsp
#

---------------  S U M M A R Y ------------

Command Line: -Dcom.sun.management.jmxremote -Dcom.sun.management.jmxremote.port=51377 -Dcom.sun.management.jmxremote.authenticate=false -Dcom.sun.management.jmxremote.ssl=false -Djava.rmi.server.hostname=localhost -Dspring.jmx.enabled=true -Dspring.application.admin.enabled=true -Xverify:none -XX:TieredStopAtLevel=1 -Dfile.encoding=MS949 com.wabu.d2project.D2project2Application --spring.output.ansi.enabled=always

Host: Intel(R) Core(TM) i5-7400 CPU @ 3.00GHz, 4 cores, 7G,  Windows 10 , 64 bit Build 17134 (10.0.17134.753)
Time: Thu Jul 11 16:38:58 2019 ¢¥eCN©öI¡¾©ö C¡ÍA¨ª¨öA elapsed time: 0 seconds (0d 0h 0m 0s)

---------------  T H R E A D  ---------------

Current thread (0x000001ed814ce000):  WatcherThread [stack: 0x00000047a3700000,0x00000047a3800000] [id=8092]

Stack: [0x00000047a3700000,0x00000047a3800000],  sp=0x00000047a37ffb60,  free space=1022k
Native frames: (J=compiled Java code, j=interpreted, Vv=VM code, C=native code)
V  [jvm.dll+0x663a05]
V  [jvm.dll+0x6cb73f]
V  [jvm.dll+0x71adbd]
V  [jvm.dll+0x74f4d9]
V  [jvm.dll+0x748318]
V  [jvm.dll+0x638276]
C  [ucrtbase.dll+0x1e3fe]
C  [KERNEL32.DLL+0x14034]
C  [ntdll.dll+0x73691]


siginfo: EXCEPTION_ACCESS_VIOLATION (0xc0000005), reading address 0xffffffffffffffff


Register to memory mapping:

RIP=0x00007ffb64c43a05 jvm.dll
RAX=0x0000000800000007 is pointing into metadata
RBX=0x000001ed814c4ec0 points into unknown readable memory: e0 3d ec 64 fb 7f 00 00
RCX=0x000001ed814f99e0 points into unknown readable memory: 07 00 00 00 08 00 00 00
RDX=0x0000000000000033 is an unknown value
RSP=0x00000047a37ffb60 points into unknown readable memory: 50 0c d8 e1 ed 01 00 00
RBP=0x0000000000000002 is an unknown value
RSI=0x000001ed814f97e0 points into unknown readable memory: 60 60 52 81 ed 01 00 00
RDI=0x0 is NULL
R8 =0x0000000000000031 is an unknown value
R9 =0x000001edea170b80 is at begin+0 in a stub
StubRoutines::atomic_cmpxchg_long [0x000001edea170b80, 0x000001edea170b89[ (9 bytes)
R10=0x0 is NULL
R11=0x0000000000000246 is an unknown value
R12=0x0 is NULL
R13=0x000001ed814ce000 points into unknown readable memory: 00 17 ed 64 fb 7f 00 00
R14=0x0000000000000002 is an unknown value
R15=0x000001ed80cd9860 points into unknown readable memory: 00 00 00 00 00 00 00 00


Registers:
RAX=0x0000000800000007, RBX=0x000001ed814c4ec0, RCX=0x000001ed814f99e0, RDX=0x0000000000000033
RSP=0x00000047a37ffb60, RBP=0x0000000000000002, RSI=0x000001ed814f97e0, RDI=0x0000000000000000
R8 =0x0000000000000031, R9 =0x000001edea170b80, R10=0x0000000000000000, R11=0x0000000000000246
R12=0x0000000000000000, R13=0x000001ed814ce000, R14=0x0000000000000002, R15=0x000001ed80cd9860
RIP=0x00007ffb64c43a05, EFLAGS=0x0000000000010202

Top of Stack: (sp=0x00000047a37ffb60)
0x00000047a37ffb60:   000001ede1d80c50 000001ede1d80c50
0x00000047a37ffb70:   0000000000000001 00007ffb64becf40
0x00000047a37ffb80:   0000000000000000 00007ffb64cab73f
0x00000047a37ffb90:   000001ed814ce000 000001ed814ce000
0x00000047a37ffba0:   00000217090d9ebf 00007ffb64bed979
0x00000047a37ffbb0:   00007ffb6509e8e8 00007ffb64cfadbd
0x00000047a37ffbc0:   0000000000000001 000001ede1d80c50
0x00000047a37ffbd0:   000001ede1d80c50 431bde82d7b634db
0x00000047a37ffbe0:   000001ed80cd9860 00000217090d9ebf
0x00000047a37ffbf0:   000001ede1d80c50 00007ffb64d2f4d9
0x00000047a37ffc00:   0000000000000001 0000000000000002
0x00000047a37ffc10:   0000000000000001 0000000000000002
0x00000047a37ffc20:   0000000000000000 0000000000000000
0x00000047a37ffc30:   0000000000000000 00007ffb649af1ee
0x00000047a37ffc40:   0000000000000000 0000000000000000
0x00000047a37ffc50:   0000000000000000 0000000000000000 

Instructions: (pc=0x00007ffb64c43a05)
0x00007ffb64c439e5:   70 48 83 c4 50 5f c3 cc cc cc cc 40 53 48 83 ec
0x00007ffb64c439f5:   20 48 8b d9 48 8b 49 38 48 85 c9 74 0c 48 8b 01
0x00007ffb64c43a05:   ff 10 48 8b 4b 28 48 89 01 48 83 c4 20 5b c3 cc
0x00007ffb64c43a15:   cc cc cc cc cc cc cc cc cc cc cc 48 89 5c 24 08 


Stack slot to memory mapping:
stack at sp + 0 slots: 0x000001ede1d80c50 points into unknown readable memory: 01 00 00 00 00 00 00 00
stack at sp + 1 slots: 0x000001ede1d80c50 points into unknown readable memory: 01 00 00 00 00 00 00 00
stack at sp + 2 slots: 0x0000000000000001 is an unknown value
stack at sp + 3 slots: 0x00007ffb64becf40 jvm.dll
stack at sp + 4 slots: 0x0 is NULL
stack at sp + 5 slots: 0x00007ffb64cab73f jvm.dll
stack at sp + 6 slots: 0x000001ed814ce000 points into unknown readable memory: 00 17 ed 64 fb 7f 00 00
stack at sp + 7 slots: 0x000001ed814ce000 points into unknown readable memory: 00 17 ed 64 fb 7f 00 00


---------------  P R O C E S S  ---------------

Threads class SMR info:
_java_thread_list=0x000001ed81526180, length=12, elements={
0x000001ede1d84800, 0x000001ed801af000, 0x000001ed801b2800, 0x000001ed801d0800,
0x000001ed801d1800, 0x000001ed801d4800, 0x000001ed801d8800, 0x000001ed80192800,
0x000001ed80c52800, 0x000001ed81492800, 0x000001ed814dd000, 0x000001ed8152a000
}

Java Threads: ( => current thread )
  0x000001ede1d84800 JavaThread "main" [_thread_in_vm, id=11756, stack(0x00000047a2300000,0x00000047a2400000)]
  0x000001ed801af000 JavaThread "Reference Handler" daemon [_thread_blocked, id=13080, stack(0x00000047a2a00000,0x00000047a2b00000)]
  0x000001ed801b2800 JavaThread "Finalizer" daemon [_thread_blocked, id=7680, stack(0x00000047a2b00000,0x00000047a2c00000)]
  0x000001ed801d0800 JavaThread "Signal Dispatcher" daemon [_thread_blocked, id=5364, stack(0x00000047a2c00000,0x00000047a2d00000)]
  0x000001ed801d1800 JavaThread "Attach Listener" daemon [_thread_blocked, id=12428, stack(0x00000047a2d00000,0x00000047a2e00000)]
  0x000001ed801d4800 JavaThread "C1 CompilerThread0" daemon [_thread_blocked, id=8504, stack(0x00000047a2e00000,0x00000047a2f00000)]
  0x000001ed801d8800 JavaThread "Sweeper thread" daemon [_thread_blocked, id=4700, stack(0x00000047a2f00000,0x00000047a3000000)]
  0x000001ed80192800 JavaThread "Common-Cleaner" daemon [_thread_blocked, id=12696, stack(0x00000047a3000000,0x00000047a3100000)]
  0x000001ed80c52800 JavaThread "Service Thread" daemon [_thread_blocked, id=7576, stack(0x00000047a3100000,0x00000047a3200000)]
  0x000001ed81492800 JavaThread "RMI TCP Accept-0" daemon [_thread_in_native, id=4316, stack(0x00000047a3400000,0x00000047a3500000)]
  0x000001ed814dd000 JavaThread "RMI TCP Accept-51377" daemon [_thread_in_native, id=1228, stack(0x00000047a3500000,0x00000047a3600000)]
  0x000001ed8152a000 JavaThread "RMI TCP Accept-0" daemon [_thread_in_native, id=1324, stack(0x00000047a3600000,0x00000047a3700000)]

Other Threads:
  0x000001ed801ab800 VMThread "VM Thread" [stack: 0x00000047a2900000,0x00000047a2a00000] [id=10144]
=>0x000001ed814ce000 WatcherThread [stack: 0x00000047a3700000,0x00000047a3800000] [id=8092]
  0x000001ede1dc3000 GCTaskThread "GC Thread#0" [stack: 0x00000047a2400000,0x00000047a2500000] [id=10020]
  0x000001ed81496000 GCTaskThread "GC Thread#1" [stack: 0x00000047a3200000,0x00000047a3300000] [id=9208]
  0x000001ed81496800 GCTaskThread "GC Thread#2" [stack: 0x00000047a3300000,0x00000047a3400000] [id=12832]
  0x000001ede1dd0800 ConcurrentGCThread "G1 Main Marker" [stack: 0x00000047a2500000,0x00000047a2600000] [id=8972]
  0x000001ede1dd5000 ConcurrentGCThread "G1 Conc#0" [stack: 0x00000047a2600000,0x00000047a2700000] [id=6352]
  0x000001ed80029800 ConcurrentGCThread "G1 Refine#0" [stack: 0x00000047a2700000,0x00000047a2800000] [id=9496]
  0x000001ed8002a800 ConcurrentGCThread "G1 Young RemSet Sampling" [stack: 0x00000047a2800000,0x00000047a2900000] [id=5956]

Threads with active compile tasks:

VM state:not at safepoint (normal execution)

VM Mutex/Monitor currently owned by a thread:  ([mutex/lock_event])
[0x000001ede1d80c50] PeriodicTask_lock - owner thread: 0x000001ed814ce000

Heap address: 0x0000000081400000, size: 2028 MB, Compressed Oops mode: 32-bit
Narrow klass base: 0x0000000800000000, Narrow klass shift: 3
Compressed class space size: 1073741824 Address: 0x00000008011a0000

Heap:
 garbage-first heap   total 131072K, used 14332K [0x0000000081400000, 0x0000000100000000)
  region size 1024K, 7 young (7168K), 2 survivors (2048K)
 Metaspace       used 5986K, capacity 6504K, committed 6784K, reserved 1056768K
  class space    used 737K, capacity 861K, committed 896K, reserved 1048576K
Heap Regions: E=young(eden), S=young(survivor), O=old, HS=humongous(starts), HC=humongous(continues), CS=collection set, F=free, A=archive, TAMS=top-at-mark-start (previous, next)
|   0|0x0000000081400000, 0x0000000081500000, 0x0000000081500000|100%|HS|  |TAMS 0x0000000081400000, 0x0000000081400000| Complete 
|   1|0x0000000081500000, 0x0000000081600000, 0x0000000081600000|100%| O|  |TAMS 0x0000000081500000, 0x0000000081500000| Untracked 
|   2|0x0000000081600000, 0x0000000081700000, 0x0000000081700000|100%| O|  |TAMS 0x0000000081600000, 0x0000000081600000| Untracked 
|   3|0x0000000081700000, 0x0000000081800000, 0x0000000081800000|100%| O|  |TAMS 0x0000000081700000, 0x0000000081700000| Untracked 
|   4|0x0000000081800000, 0x0000000081900000, 0x0000000081900000|100%| O|  |TAMS 0x0000000081800000, 0x0000000081800000| Untracked 
|   5|0x0000000081900000, 0x0000000081a00000, 0x0000000081a00000|100%| O|  |TAMS 0x0000000081900000, 0x0000000081900000| Untracked 
|   6|0x0000000081a00000, 0x0000000081b00000, 0x0000000081b00000|100%| O|  |TAMS 0x0000000081a00000, 0x0000000081a00000| Untracked 
|   7|0x0000000081b00000, 0x0000000081c00000, 0x0000000081c00000|100%| O|  |TAMS 0x0000000081b00000, 0x0000000081b00000| Untracked 
|   8|0x0000000081c00000, 0x0000000081cbc600, 0x0000000081d00000| 73%| O|  |TAMS 0x0000000081c00000, 0x0000000081c00000| Untracked 
|   9|0x0000000081d00000, 0x0000000081d00000, 0x0000000081e00000|  0%| F|  |TAMS 0x0000000081d00000, 0x0000000081d00000| Untracked 
|  10|0x0000000081e00000, 0x0000000081e00000, 0x0000000081f00000|  0%| F|  |TAMS 0x0000000081e00000, 0x0000000081e00000| Untracked 
|  11|0x0000000081f00000, 0x0000000081f00000, 0x0000000082000000|  0%| F|  |TAMS 0x0000000081f00000, 0x0000000081f00000| Untracked 
|  12|0x0000000082000000, 0x0000000082000000, 0x0000000082100000|  0%| F|  |TAMS 0x0000000082000000, 0x0000000082000000| Untracked 
|  13|0x0000000082100000, 0x0000000082100000, 0x0000000082200000|  0%| F|  |TAMS 0x0000000082100000, 0x0000000082100000| Untracked 
|  14|0x0000000082200000, 0x0000000082200000, 0x0000000082300000|  0%| F|  |TAMS 0x0000000082200000, 0x0000000082200000| Untracked 
|  15|0x0000000082300000, 0x0000000082300000, 0x0000000082400000|  0%| F|  |TAMS 0x0000000082300000, 0x0000000082300000| Untracked 
|  16|0x0000000082400000, 0x0000000082400000, 0x0000000082500000|  0%| F|  |TAMS 0x0000000082400000, 0x0000000082400000| Untracked 
|  17|0x0000000082500000, 0x0000000082500000, 0x0000000082600000|  0%| F|  |TAMS 0x0000000082500000, 0x0000000082500000| Untracked 
|  18|0x0000000082600000, 0x0000000082600000, 0x0000000082700000|  0%| F|  |TAMS 0x0000000082600000, 0x0000000082600000| Untracked 
|  19|0x0000000082700000, 0x0000000082700000, 0x0000000082800000|  0%| F|  |TAMS 0x0000000082700000, 0x0000000082700000| Untracked 
|  20|0x0000000082800000, 0x0000000082800000, 0x0000000082900000|  0%| F|  |TAMS 0x0000000082800000, 0x0000000082800000| Untracked 
|  21|0x0000000082900000, 0x0000000082900000, 0x0000000082a00000|  0%| F|  |TAMS 0x0000000082900000, 0x0000000082900000| Untracked 
|  22|0x0000000082a00000, 0x0000000082a00000, 0x0000000082b00000|  0%| F|  |TAMS 0x0000000082a00000, 0x0000000082a00000| Untracked 
|  23|0x0000000082b00000, 0x0000000082b00000, 0x0000000082c00000|  0%| F|  |TAMS 0x0000000082b00000, 0x0000000082b00000| Untracked 
|  24|0x0000000082c00000, 0x0000000082c00000, 0x0000000082d00000|  0%| F|  |TAMS 0x0000000082c00000, 0x0000000082c00000| Untracked 
|  25|0x0000000082d00000, 0x0000000082d00000, 0x0000000082e00000|  0%| F|  |TAMS 0x0000000082d00000, 0x0000000082d00000| Untracked 
|  26|0x0000000082e00000, 0x0000000082e00000, 0x0000000082f00000|  0%| F|  |TAMS 0x0000000082e00000, 0x0000000082e00000| Untracked 
|  27|0x0000000082f00000, 0x0000000082f00000, 0x0000000083000000|  0%| F|  |TAMS 0x0000000082f00000, 0x0000000082f00000| Untracked 
|  28|0x0000000083000000, 0x0000000083000000, 0x0000000083100000|  0%| F|  |TAMS 0x0000000083000000, 0x0000000083000000| Untracked 
|  29|0x0000000083100000, 0x0000000083100000, 0x0000000083200000|  0%| F|  |TAMS 0x0000000083100000, 0x0000000083100000| Untracked 
|  30|0x0000000083200000, 0x0000000083200000, 0x0000000083300000|  0%| F|  |TAMS 0x0000000083200000, 0x0000000083200000| Untracked 
|  31|0x0000000083300000, 0x0000000083300000, 0x0000000083400000|  0%| F|  |TAMS 0x0000000083300000, 0x0000000083300000| Untracked 
|  32|0x0000000083400000, 0x0000000083400000, 0x0000000083500000|  0%| F|  |TAMS 0x0000000083400000, 0x0000000083400000| Untracked 
|  33|0x0000000083500000, 0x0000000083500000, 0x0000000083600000|  0%| F|  |TAMS 0x0000000083500000, 0x0000000083500000| Untracked 
|  34|0x0000000083600000, 0x0000000083600000, 0x0000000083700000|  0%| F|  |TAMS 0x0000000083600000, 0x0000000083600000| Untracked 
|  35|0x0000000083700000, 0x0000000083700000, 0x0000000083800000|  0%| F|  |TAMS 0x0000000083700000, 0x0000000083700000| Untracked 
|  36|0x0000000083800000, 0x0000000083800000, 0x0000000083900000|  0%| F|  |TAMS 0x0000000083800000, 0x0000000083800000| Untracked 
|  37|0x0000000083900000, 0x0000000083900000, 0x0000000083a00000|  0%| F|  |TAMS 0x0000000083900000, 0x0000000083900000| Untracked 
|  38|0x0000000083a00000, 0x0000000083a00000, 0x0000000083b00000|  0%| F|  |TAMS 0x0000000083a00000, 0x0000000083a00000| Untracked 
|  39|0x0000000083b00000, 0x0000000083b00000, 0x0000000083c00000|  0%| F|  |TAMS 0x0000000083b00000, 0x0000000083b00000| Untracked 
|  40|0x0000000083c00000, 0x0000000083c00000, 0x0000000083d00000|  0%| F|  |TAMS 0x0000000083c00000, 0x0000000083c00000| Untracked 
|  41|0x0000000083d00000, 0x0000000083d00000, 0x0000000083e00000|  0%| F|  |TAMS 0x0000000083d00000, 0x0000000083d00000| Untracked 
|  42|0x0000000083e00000, 0x0000000083e00000, 0x0000000083f00000|  0%| F|  |TAMS 0x0000000083e00000, 0x0000000083e00000| Untracked 
|  43|0x0000000083f00000, 0x0000000083f00000, 0x0000000084000000|  0%| F|  |TAMS 0x0000000083f00000, 0x0000000083f00000| Untracked 
|  44|0x0000000084000000, 0x0000000084000000, 0x0000000084100000|  0%| F|  |TAMS 0x0000000084000000, 0x0000000084000000| Untracked 
|  45|0x0000000084100000, 0x0000000084100000, 0x0000000084200000|  0%| F|  |TAMS 0x0000000084100000, 0x0000000084100000| Untracked 
|  46|0x0000000084200000, 0x0000000084200000, 0x0000000084300000|  0%| F|  |TAMS 0x0000000084200000, 0x0000000084200000| Untracked 
|  47|0x0000000084300000, 0x0000000084300000, 0x0000000084400000|  0%| F|  |TAMS 0x0000000084300000, 0x0000000084300000| Untracked 
|  48|0x0000000084400000, 0x0000000084400000, 0x0000000084500000|  0%| F|  |TAMS 0x0000000084400000, 0x0000000084400000| Untracked 
|  49|0x0000000084500000, 0x0000000084500000, 0x0000000084600000|  0%| F|  |TAMS 0x0000000084500000, 0x0000000084500000| Untracked 
|  50|0x0000000084600000, 0x0000000084600000, 0x0000000084700000|  0%| F|  |TAMS 0x0000000084600000, 0x0000000084600000| Untracked 
|  51|0x0000000084700000, 0x0000000084700000, 0x0000000084800000|  0%| F|  |TAMS 0x0000000084700000, 0x0000000084700000| Untracked 
|  52|0x0000000084800000, 0x0000000084800000, 0x0000000084900000|  0%| F|  |TAMS 0x0000000084800000, 0x0000000084800000| Untracked 
|  53|0x0000000084900000, 0x0000000084900000, 0x0000000084a00000|  0%| F|  |TAMS 0x0000000084900000, 0x0000000084900000| Untracked 
|  54|0x0000000084a00000, 0x0000000084a00000, 0x0000000084b00000|  0%| F|  |TAMS 0x0000000084a00000, 0x0000000084a00000| Untracked 
|  55|0x0000000084b00000, 0x0000000084b00000, 0x0000000084c00000|  0%| F|  |TAMS 0x0000000084b00000, 0x0000000084b00000| Untracked 
|  56|0x0000000084c00000, 0x0000000084c00000, 0x0000000084d00000|  0%| F|  |TAMS 0x0000000084c00000, 0x0000000084c00000| Untracked 
|  57|0x0000000084d00000, 0x0000000084d00000, 0x0000000084e00000|  0%| F|  |TAMS 0x0000000084d00000, 0x0000000084d00000| Untracked 
|  58|0x0000000084e00000, 0x0000000084e00000, 0x0000000084f00000|  0%| F|  |TAMS 0x0000000084e00000, 0x0000000084e00000| Untracked 
|  59|0x0000000084f00000, 0x0000000084f00000, 0x0000000085000000|  0%| F|  |TAMS 0x0000000084f00000, 0x0000000084f00000| Untracked 
|  60|0x0000000085000000, 0x0000000085000000, 0x0000000085100000|  0%| F|  |TAMS 0x0000000085000000, 0x0000000085000000| Untracked 
|  61|0x0000000085100000, 0x0000000085100000, 0x0000000085200000|  0%| F|  |TAMS 0x0000000085100000, 0x0000000085100000| Untracked 
|  62|0x0000000085200000, 0x0000000085200000, 0x0000000085300000|  0%| F|  |TAMS 0x0000000085200000, 0x0000000085200000| Untracked 
|  63|0x0000000085300000, 0x0000000085300000, 0x0000000085400000|  0%| F|  |TAMS 0x0000000085300000, 0x0000000085300000| Untracked 
|  64|0x0000000085400000, 0x0000000085400000, 0x0000000085500000|  0%| F|  |TAMS 0x0000000085400000, 0x0000000085400000| Untracked 
|  65|0x0000000085500000, 0x0000000085500000, 0x0000000085600000|  0%| F|  |TAMS 0x0000000085500000, 0x0000000085500000| Untracked 
|  66|0x0000000085600000, 0x0000000085600000, 0x0000000085700000|  0%| F|  |TAMS 0x0000000085600000, 0x0000000085600000| Untracked 
|  67|0x0000000085700000, 0x0000000085700000, 0x0000000085800000|  0%| F|  |TAMS 0x0000000085700000, 0x0000000085700000| Untracked 
|  68|0x0000000085800000, 0x0000000085800000, 0x0000000085900000|  0%| F|  |TAMS 0x0000000085800000, 0x0000000085800000| Untracked 
|  69|0x0000000085900000, 0x0000000085900000, 0x0000000085a00000|  0%| F|  |TAMS 0x0000000085900000, 0x0000000085900000| Untracked 
|  70|0x0000000085a00000, 0x0000000085a00000, 0x0000000085b00000|  0%| F|  |TAMS 0x0000000085a00000, 0x0000000085a00000| Untracked 
|  71|0x0000000085b00000, 0x0000000085b00000, 0x0000000085c00000|  0%| F|  |TAMS 0x0000000085b00000, 0x0000000085b00000| Untracked 
|  72|0x0000000085c00000, 0x0000000085c00000, 0x0000000085d00000|  0%| F|  |TAMS 0x0000000085c00000, 0x0000000085c00000| Untracked 
|  73|0x0000000085d00000, 0x0000000085d00000, 0x0000000085e00000|  0%| F|  |TAMS 0x0000000085d00000, 0x0000000085d00000| Untracked 
|  74|0x0000000085e00000, 0x0000000085e00000, 0x0000000085f00000|  0%| F|  |TAMS 0x0000000085e00000, 0x0000000085e00000| Untracked 
|  75|0x0000000085f00000, 0x0000000085f00000, 0x0000000086000000|  0%| F|  |TAMS 0x0000000085f00000, 0x0000000085f00000| Untracked 
|  76|0x0000000086000000, 0x0000000086000000, 0x0000000086100000|  0%| F|  |TAMS 0x0000000086000000, 0x0000000086000000| Untracked 
|  77|0x0000000086100000, 0x0000000086100000, 0x0000000086200000|  0%| F|  |TAMS 0x0000000086100000, 0x0000000086100000| Untracked 
|  78|0x0000000086200000, 0x0000000086200000, 0x0000000086300000|  0%| F|  |TAMS 0x0000000086200000, 0x0000000086200000| Untracked 
|  79|0x0000000086300000, 0x0000000086300000, 0x0000000086400000|  0%| F|  |TAMS 0x0000000086300000, 0x0000000086300000| Untracked 
|  80|0x0000000086400000, 0x0000000086400000, 0x0000000086500000|  0%| F|  |TAMS 0x0000000086400000, 0x0000000086400000| Untracked 
|  81|0x0000000086500000, 0x0000000086500000, 0x0000000086600000|  0%| F|  |TAMS 0x0000000086500000, 0x0000000086500000| Untracked 
|  82|0x0000000086600000, 0x0000000086600000, 0x0000000086700000|  0%| F|  |TAMS 0x0000000086600000, 0x0000000086600000| Untracked 
|  83|0x0000000086700000, 0x0000000086700000, 0x0000000086800000|  0%| F|  |TAMS 0x0000000086700000, 0x0000000086700000| Untracked 
|  84|0x0000000086800000, 0x0000000086800000, 0x0000000086900000|  0%| F|  |TAMS 0x0000000086800000, 0x0000000086800000| Untracked 
|  85|0x0000000086900000, 0x0000000086900000, 0x0000000086a00000|  0%| F|  |TAMS 0x0000000086900000, 0x0000000086900000| Untracked 
|  86|0x0000000086a00000, 0x0000000086a00000, 0x0000000086b00000|  0%| F|  |TAMS 0x0000000086a00000, 0x0000000086a00000| Untracked 
|  87|0x0000000086b00000, 0x0000000086b00000, 0x0000000086c00000|  0%| F|  |TAMS 0x0000000086b00000, 0x0000000086b00000| Untracked 
|  88|0x0000000086c00000, 0x0000000086c00000, 0x0000000086d00000|  0%| F|  |TAMS 0x0000000086c00000, 0x0000000086c00000| Untracked 
|  89|0x0000000086d00000, 0x0000000086d00000, 0x0000000086e00000|  0%| F|  |TAMS 0x0000000086d00000, 0x0000000086d00000| Untracked 
|  90|0x0000000086e00000, 0x0000000086e00000, 0x0000000086f00000|  0%| F|  |TAMS 0x0000000086e00000, 0x0000000086e00000| Untracked 
|  91|0x0000000086f00000, 0x0000000086f00000, 0x0000000087000000|  0%| F|  |TAMS 0x0000000086f00000, 0x0000000086f00000| Untracked 
|  92|0x0000000087000000, 0x0000000087000000, 0x0000000087100000|  0%| F|  |TAMS 0x0000000087000000, 0x0000000087000000| Untracked 
|  93|0x0000000087100000, 0x0000000087100000, 0x0000000087200000|  0%| F|  |TAMS 0x0000000087100000, 0x0000000087100000| Untracked 
|  94|0x0000000087200000, 0x0000000087200000, 0x0000000087300000|  0%| F|  |TAMS 0x0000000087200000, 0x0000000087200000| Untracked 
|  95|0x0000000087300000, 0x0000000087300000, 0x0000000087400000|  0%| F|  |TAMS 0x0000000087300000, 0x0000000087300000| Untracked 
|  96|0x0000000087400000, 0x0000000087400000, 0x0000000087500000|  0%| F|  |TAMS 0x0000000087400000, 0x0000000087400000| Untracked 
|  97|0x0000000087500000, 0x0000000087500000, 0x0000000087600000|  0%| F|  |TAMS 0x0000000087500000, 0x0000000087500000| Untracked 
|  98|0x0000000087600000, 0x0000000087600000, 0x0000000087700000|  0%| F|  |TAMS 0x0000000087600000, 0x0000000087600000| Untracked 
|  99|0x0000000087700000, 0x0000000087700000, 0x0000000087800000|  0%| F|  |TAMS 0x0000000087700000, 0x0000000087700000| Untracked 
| 100|0x0000000087800000, 0x0000000087800000, 0x0000000087900000|  0%| F|  |TAMS 0x0000000087800000, 0x0000000087800000| Untracked 
| 101|0x0000000087900000, 0x0000000087900000, 0x0000000087a00000|  0%| F|  |TAMS 0x0000000087900000, 0x0000000087900000| Untracked 
| 102|0x0000000087a00000, 0x0000000087a00000, 0x0000000087b00000|  0%| F|  |TAMS 0x0000000087a00000, 0x0000000087a00000| Untracked 
| 103|0x0000000087b00000, 0x0000000087b00000, 0x0000000087c00000|  0%| F|  |TAMS 0x0000000087b00000, 0x0000000087b00000| Untracked 
| 104|0x0000000087c00000, 0x0000000087c00000, 0x0000000087d00000|  0%| F|  |TAMS 0x0000000087c00000, 0x0000000087c00000| Untracked 
| 105|0x0000000087d00000, 0x0000000087d00000, 0x0000000087e00000|  0%| F|  |TAMS 0x0000000087d00000, 0x0000000087d00000| Untracked 
| 106|0x0000000087e00000, 0x0000000087e00000, 0x0000000087f00000|  0%| F|  |TAMS 0x0000000087e00000, 0x0000000087e00000| Untracked 
| 107|0x0000000087f00000, 0x0000000087f00000, 0x0000000088000000|  0%| F|  |TAMS 0x0000000087f00000, 0x0000000087f00000| Untracked 
| 108|0x0000000088000000, 0x0000000088000000, 0x0000000088100000|  0%| F|  |TAMS 0x0000000088000000, 0x0000000088000000| Untracked 
| 109|0x0000000088100000, 0x0000000088100000, 0x0000000088200000|  0%| F|  |TAMS 0x0000000088100000, 0x0000000088100000| Untracked 
| 110|0x0000000088200000, 0x0000000088200000, 0x0000000088300000|  0%| F|  |TAMS 0x0000000088200000, 0x0000000088200000| Untracked 
| 111|0x0000000088300000, 0x0000000088300000, 0x0000000088400000|  0%| F|  |TAMS 0x0000000088300000, 0x0000000088300000| Untracked 
| 112|0x0000000088400000, 0x0000000088400000, 0x0000000088500000|  0%| F|  |TAMS 0x0000000088400000, 0x0000000088400000| Untracked 
| 113|0x0000000088500000, 0x0000000088500000, 0x0000000088600000|  0%| F|  |TAMS 0x0000000088500000, 0x0000000088500000| Untracked 
| 114|0x0000000088600000, 0x0000000088600000, 0x0000000088700000|  0%| F|  |TAMS 0x0000000088600000, 0x0000000088600000| Untracked 
| 115|0x0000000088700000, 0x0000000088700000, 0x0000000088800000|  0%| F|  |TAMS 0x0000000088700000, 0x0000000088700000| Untracked 
| 116|0x0000000088800000, 0x0000000088800000, 0x0000000088900000|  0%| F|  |TAMS 0x0000000088800000, 0x0000000088800000| Untracked 
| 117|0x0000000088900000, 0x0000000088942ab0, 0x0000000088a00000| 26%| S|CS|TAMS 0x0000000088900000, 0x0000000088900000| Complete 
| 118|0x0000000088a00000, 0x0000000088b00000, 0x0000000088b00000|100%| S|CS|TAMS 0x0000000088a00000, 0x0000000088a00000| Complete 
| 119|0x0000000088b00000, 0x0000000088b00000, 0x0000000088c00000|  0%| F|  |TAMS 0x0000000088b00000, 0x0000000088b00000| Untracked 
| 120|0x0000000088c00000, 0x0000000088c00000, 0x0000000088d00000|  0%| F|  |TAMS 0x0000000088c00000, 0x0000000088c00000| Untracked 
| 121|0x0000000088d00000, 0x0000000088d00000, 0x0000000088e00000|  0%| F|  |TAMS 0x0000000088d00000, 0x0000000088d00000| Untracked 
| 122|0x0000000088e00000, 0x0000000088e00000, 0x0000000088f00000|  0%| F|  |TAMS 0x0000000088e00000, 0x0000000088e00000| Untracked 
| 123|0x0000000088f00000, 0x0000000088fd4240, 0x0000000089000000| 82%| E|  |TAMS 0x0000000088f00000, 0x0000000088f00000| Complete 
| 124|0x0000000089000000, 0x0000000089100000, 0x0000000089100000|100%| E|CS|TAMS 0x0000000089000000, 0x0000000089000000| Complete 
| 125|0x0000000089100000, 0x0000000089200000, 0x0000000089200000|100%| E|CS|TAMS 0x0000000089100000, 0x0000000089100000| Complete 
| 126|0x0000000089200000, 0x0000000089300000, 0x0000000089300000|100%| E|CS|TAMS 0x0000000089200000, 0x0000000089200000| Complete 
| 127|0x0000000089300000, 0x0000000089400000, 0x0000000089400000|100%| E|CS|TAMS 0x0000000089300000, 0x0000000089300000| Complete 

Card table byte_map: [0x000001edf9570000,0x000001edf9970000] _byte_map_base: 0x000001edf9166000

Marking Bits (Prev, Next): (CMBitMap*) 0x000001ede1dc3ea8, (CMBitMap*) 0x000001ede1dc3ee8
 Prev Bits: [0x000001edf9d70000, 0x000001edfbd20000)
 Next Bits: [0x000001edfbd20000, 0x000001edfdcd0000)

Polling page: 0x000001eddfc30000

Metaspace:

Usage:
  Non-class:      5.51 MB capacity,     5.16 MB ( 94%) used,   339.44 KB (  6%) free+waste,    20.63 KB ( <1%) overhead. 
      Class:    861.00 KB capacity,   742.05 KB ( 86%) used,   107.08 KB ( 12%) free+waste,    11.88 KB (  1%) overhead. 
       Both:      6.35 MB capacity,     5.88 MB ( 93%) used,   446.52 KB (  7%) free+waste,    32.50 KB ( <1%) overhead. 

Virtual space:
  Non-class space:        8.00 MB reserved,       5.75 MB ( 72%) committed 
      Class space:        1.00 GB reserved,     896.00 KB ( <1%) committed 
             Both:        1.01 GB reserved,       6.63 MB ( <1%) committed 

Chunk freelists:
   Non-Class:  6.63 KB
       Class:  384 bytes
        Both:  7.00 KB

CodeHeap 'non-profiled nmethods': size=238912Kb used=1895Kb max_used=1895Kb free=237016Kb
 bounds [0x000001edea820000, 0x000001edeaa90000, 0x000001edf9170000]
CodeHeap 'non-nmethods': size=6848Kb used=1131Kb max_used=1131Kb free=5716Kb
 bounds [0x000001edea170000, 0x000001edea3e0000, 0x000001edea820000]
 total_blobs=1696 nmethods=1241 adapters=365
 compilation: enabled
              stopped_count=0, restarted_count=0
 full_count=0

Compilation events (10 events):
Event: 0.613 Thread 0x000001ed801d4800 nmethod 1111 0x000001edea9b9910 code [0x000001edea9b9ac0, 0x000001edea9b9c38]
Event: 0.613 Thread 0x000001ed801d4800 1112       1       sun.util.locale.StringTokenIterator::<init> (41 bytes)
Event: 0.614 Thread 0x000001ed801d4800 nmethod 1112 0x000001edea9b9c90 code [0x000001edea9b9e80, 0x000001edea9ba1f0]
Event: 0.614 Thread 0x000001ed801d4800 1113       1       sun.util.locale.StringTokenIterator::setStart (62 bytes)
Event: 0.614 Thread 0x000001ed801d4800 nmethod 1113 0x000001edea9ba390 code [0x000001edea9ba580, 0x000001edea9ba810]
Event: 0.614 Thread 0x000001ed801d4800 1114       1       sun.util.locale.LanguageTag::parseLanguage (55 bytes)
Event: 0.614 Thread 0x000001ed801d4800 nmethod 1114 0x000001edea9ba990 code [0x000001edea9bab60, 0x000001edea9bae60]
Event: 0.614 Thread 0x000001ed801d4800 1115       1       sun.util.locale.LanguageTag::parseExtlangs (114 bytes)
Event: 0.614 Thread 0x000001ed801d4800 nmethod 1115 0x000001edea9bb010 code [0x000001edea9bb220, 0x000001edea9bb680]
Event: 0.614 Thread 0x000001ed801d4800 1116       1       sun.util.locale.LanguageTag::parseScript (55 bytes)

GC Heap History (2 events):
Event: 0.407 GC heap before
{Heap before GC invocations=0 (full 0):
 garbage-first heap   total 131072K, used 14336K [0x0000000081400000, 0x0000000100000000)
  region size 1024K, 14 young (14336K), 0 survivors (0K)
 Metaspace       used 2742K, capacity 4749K, committed 4864K, reserved 1056768K
  class space    used 346K, capacity 480K, committed 512K, reserved 1048576K
}
Event: 0.412 GC heap after
{Heap after GC invocations=1 (full 0):
 garbage-first heap   total 131072K, used 8833K [0x0000000081400000, 0x0000000100000000)
  region size 1024K, 2 young (2048K), 2 survivors (2048K)
 Metaspace       used 2742K, capacity 4749K, committed 4864K, reserved 1056768K
  class space    used 346K, capacity 480K, committed 512K, reserved 1048576K
}

Deoptimization events (0 events):
No events

Classes redefined (0 events):
No events

Internal exceptions (10 events):
Event: 0.316 Thread 0x000001ede1d84800 Exception <a 'java/lang/NoSuchMethodError'{0x00000000888c0b38}: java.lang.invoke.DirectMethodHandle$Holder.invokeStaticInit(Ljava/lang/Object;Ljava/lang/Object;Ljava/lang/Object;)Ljava/lang/Object;> (0x00000000888c0b38) thrown at [t:/workspace/open/src/ho
Event: 0.319 Thread 0x000001ede1d84800 Exception <a 'java/lang/NoSuchMethodError'{0x00000000888d9ff8}: java.lang.invoke.DirectMethodHandle$Holder.invokeInterface(Ljava/lang/Object;Ljava/lang/Object;)I> (0x00000000888d9ff8) thrown at [t:/workspace/open/src/hotspot/share/interpreter/linkResolver
Event: 0.319 Thread 0x000001ede1d84800 Exception <a 'java/lang/IncompatibleClassChangeError'{0x00000000888dcaf8}: Found class java.lang.Object, but interface was expected> (0x00000000888dcaf8) thrown at [t:/workspace/open/src/hotspot/share/interpreter/linkResolver.cpp, line 843]
Event: 0.407 Thread 0x000001ede1d84800 Exception <a 'java/lang/NoSuchMethodError'{0x00000000886fdb38}: java.lang.invoke.DirectMethodHandle$Holder.invokeSpecialIFC(Ljava/lang/Object;Ljava/lang/Object;Ljava/lang/Object;)I> (0x00000000886fdb38) thrown at [t:/workspace/open/src/hotspot/share/inter
Event: 0.425 Thread 0x000001ede1d84800 Exception <a 'java/lang/NoSuchMethodError'{0x0000000089377c88}: java.lang.invoke.DirectMethodHandle$Holder.invokeStaticInit(Ljava/lang/Object;IIII)Ljava/lang/Object;> (0x0000000089377c88) thrown at [t:/workspace/open/src/hotspot/share/interpreter/linkReso
Event: 0.526 Thread 0x000001ede1d84800 Exception <a 'java/lang/NoSuchMethodError'{0x00000000893c0738}: java.lang.invoke.DirectMethodHandle$Holder.invokeStaticInit(Ljava/lang/Object;Ljava/lang/Object;IIII)Ljava/lang/Object;> (0x00000000893c0738) thrown at [t:/workspace/open/src/hotspot/share/in
Event: 0.532 Thread 0x000001ede1d84800 Exception <a 'java/lang/ClassNotFoundException'{0x00000000893dbf98}: javax/management/remote/rmi/RMIServerImpl_Skel> (0x00000000893dbf98) thrown at [t:/workspace/open/src/hotspot/share/classfile/systemDictionary.cpp, line 235]
Event: 0.554 Thread 0x000001ede1d84800 Exception <a 'java/lang/ClassNotFoundException'{0x000000008927cc20}: jdk/internal/agent/resources/spi/agentProvider> (0x000000008927cc20) thrown at [t:/workspace/open/src/hotspot/share/classfile/systemDictionary.cpp, line 235]
Event: 0.584 Thread 0x000001ede1d84800 Exception <a 'java/lang/ClassNotFoundException'{0x0000000088f3e570}: javax/smartcardio/CardPermission> (0x0000000088f3e570) thrown at [t:/workspace/open/src/hotspot/share/classfile/systemDictionary.cpp, line 235]
Event: 0.586 Thread 0x000001ede1d84800 Exception <a 'java/io/FileNotFoundException'{0x0000000088f4c3a8}> (0x0000000088f4c3a8) thrown at [t:/workspace/open/src/hotspot/share/prims/jni.cpp, line 615]

Events (10 events):
Event: 0.613 loading class ch/qos/logback/core/pattern/Converter
Event: 0.613 loading class ch/qos/logback/core/pattern/Converter done
Event: 0.613 loading class ch/qos/logback/core/util/EnvUtil
Event: 0.613 loading class ch/qos/logback/core/util/EnvUtil done
Event: 0.613 loading class ch/qos/logback/core/spi/AppenderAttachableImpl
Event: 0.613 loading class ch/qos/logback/core/spi/AppenderAttachableImpl done
Event: 0.614 loading class ch/qos/logback/core/status/StatusUtil
Event: 0.614 loading class ch/qos/logback/core/status/StatusUtil done
Event: 0.614 loading class ch/qos/logback/core/util/StatusPrinter
Event: 0.614 loading class ch/qos/logback/core/util/StatusPrinter done


Dynamic libraries:
0x00007ff7f5b10000 - 0x00007ff7f5b1d000 	C:\APPS\jdk-12.0.1\bin\javaw.exe
0x00007ffb97a00000 - 0x00007ffb97be1000 	C:\WINDOWS\SYSTEM32\ntdll.dll
0x00007ffb953b0000 - 0x00007ffb95461000 	C:\WINDOWS\System32\KERNEL32.DLL
0x00007ffb93f70000 - 0x00007ffb941e3000 	C:\WINDOWS\System32\KERNELBASE.dll
0x00007ffb93e70000 - 0x00007ffb93f68000 	C:\WINDOWS\System32\ucrtbase.dll
0x00007ffb90760000 - 0x00007ffb90777000 	C:\APPS\jdk-12.0.1\bin\jli.dll
0x00007ffb90740000 - 0x00007ffb90756000 	C:\APPS\jdk-12.0.1\bin\VCRUNTIME140.dll
0x00007ffb977d0000 - 0x00007ffb97960000 	C:\WINDOWS\System32\USER32.dll
0x00007ffb93dd0000 - 0x00007ffb93df0000 	C:\WINDOWS\System32\win32u.dll
0x00007ffb81e30000 - 0x00007ffb82099000 	C:\WINDOWS\WinSxS\amd64_microsoft.windows.common-controls_6595b64144ccf1df_6.0.17134.885_none_fb42a3473065565f\COMCTL32.dll
0x00007ffb95200000 - 0x00007ffb9529e000 	C:\WINDOWS\System32\msvcrt.dll
0x00007ffb95a80000 - 0x00007ffb95aa8000 	C:\WINDOWS\System32\GDI32.dll
0x00007ffb954d0000 - 0x00007ffb957f2000 	C:\WINDOWS\System32\combase.dll
0x00007ffb941f0000 - 0x00007ffb94381000 	C:\WINDOWS\System32\gdi32full.dll
0x00007ffb95b60000 - 0x00007ffb95c84000 	C:\WINDOWS\System32\RPCRT4.dll
0x00007ffb94390000 - 0x00007ffb9442f000 	C:\WINDOWS\System32\msvcp_win.dll
0x00007ffb93df0000 - 0x00007ffb93e69000 	C:\WINDOWS\System32\bcryptPrimitives.dll
0x00007ffb94eb0000 - 0x00007ffb94edd000 	C:\WINDOWS\System32\IMM32.DLL
0x00007ffb88b50000 - 0x00007ffb88bfa000 	C:\APPS\jdk-12.0.1\bin\msvcp140.dll
0x00007ffb645e0000 - 0x00007ffb65154000 	C:\APPS\jdk-12.0.1\bin\server\jvm.dll
0x00007ffb95ab0000 - 0x00007ffb95b51000 	C:\WINDOWS\System32\ADVAPI32.dll
0x00007ffb95350000 - 0x00007ffb953ab000 	C:\WINDOWS\System32\sechost.dll
0x00007ffb94e90000 - 0x00007ffb94e98000 	C:\WINDOWS\System32\PSAPI.DLL
0x00007ffb834c0000 - 0x00007ffb834c9000 	C:\WINDOWS\SYSTEM32\WSOCK32.dll
0x00007ffb91ea0000 - 0x00007ffb91ec3000 	C:\WINDOWS\SYSTEM32\WINMM.dll
0x00007ffb97960000 - 0x00007ffb979cc000 	C:\WINDOWS\System32\WS2_32.dll
0x00007ffb86700000 - 0x00007ffb8670a000 	C:\WINDOWS\SYSTEM32\VERSION.dll
0x00007ffb91a50000 - 0x00007ffb91a7a000 	C:\WINDOWS\SYSTEM32\winmmbase.dll
0x00007ffb94e40000 - 0x00007ffb94e89000 	C:\WINDOWS\System32\cfgmgr32.dll
0x00007ffb93d10000 - 0x00007ffb93d21000 	C:\WINDOWS\System32\kernel.appcore.dll
0x00007ffb90720000 - 0x00007ffb90731000 	C:\APPS\jdk-12.0.1\bin\verify.dll
0x00007ffb86420000 - 0x00007ffb865e9000 	C:\WINDOWS\SYSTEM32\DBGHELP.DLL
0x00007ffb85ea0000 - 0x00007ffb85ec9000 	C:\WINDOWS\SYSTEM32\dbgcore.DLL
0x00007ffb8fb40000 - 0x00007ffb8fb66000 	C:\APPS\jdk-12.0.1\bin\java.dll
0x00007ffb90700000 - 0x00007ffb90717000 	C:\APPS\jdk-12.0.1\bin\zip.dll
0x00007ffb90790000 - 0x00007ffb9079a000 	C:\APPS\jdk-12.0.1\bin\jimage.dll
0x00007ffb95e50000 - 0x00007ffb97290000 	C:\WINDOWS\System32\SHELL32.dll
0x00007ffb952a0000 - 0x00007ffb95349000 	C:\WINDOWS\System32\shcore.dll
0x00007ffb94490000 - 0x00007ffb94b9d000 	C:\WINDOWS\System32\windows.storage.dll
0x00007ffb95470000 - 0x00007ffb954c1000 	C:\WINDOWS\System32\shlwapi.dll
0x00007ffb93d90000 - 0x00007ffb93daf000 	C:\WINDOWS\System32\profapi.dll
0x00007ffb93d40000 - 0x00007ffb93d8c000 	C:\WINDOWS\System32\powrprof.dll
0x00007ffb93d30000 - 0x00007ffb93d3a000 	C:\WINDOWS\System32\FLTLIB.DLL
0x00007ffb8fb20000 - 0x00007ffb8fb39000 	C:\APPS\jdk-12.0.1\bin\net.dll
0x00007ffb8f980000 - 0x00007ffb8fa5d000 	C:\WINDOWS\SYSTEM32\WINHTTP.dll
0x00007ffb82810000 - 0x00007ffb829d9000 	C:\WINDOWS\SYSTEM32\urlmon.dll
0x00007ffb838e0000 - 0x00007ffb83b86000 	C:\WINDOWS\SYSTEM32\iertutil.dll
0x00007ffb93760000 - 0x00007ffb9376b000 	C:\WINDOWS\SYSTEM32\CRYPTBASE.DLL
0x00007ffb93590000 - 0x00007ffb935f6000 	C:\WINDOWS\system32\mswsock.dll
0x00007ffb8e880000 - 0x00007ffb8e893000 	C:\APPS\jdk-12.0.1\bin\nio.dll
0x00007ffb88b40000 - 0x00007ffb88b49000 	C:\APPS\jdk-12.0.1\bin\management.dll
0x00007ffb88b30000 - 0x00007ffb88b3c000 	C:\APPS\jdk-12.0.1\bin\management_ext.dll
0x00007ffb830e0000 - 0x00007ffb830f6000 	C:\WINDOWS\system32\napinsp.dll
0x00007ffb83590000 - 0x00007ffb835aa000 	C:\WINDOWS\system32\pnrpnsp.dll
0x00007ffb906a0000 - 0x00007ffb906b9000 	C:\WINDOWS\system32\NLAapi.dll
0x00007ffb93360000 - 0x00007ffb9341e000 	C:\WINDOWS\SYSTEM32\DNSAPI.dll
0x00007ffb94ea0000 - 0x00007ffb94ea8000 	C:\WINDOWS\System32\NSI.dll
0x00007ffb93320000 - 0x00007ffb93358000 	C:\WINDOWS\SYSTEM32\IPHLPAPI.DLL
0x00007ffb83580000 - 0x00007ffb8358e000 	C:\WINDOWS\System32\winrnr.dll
0x00007ffb8eda0000 - 0x00007ffb8edb5000 	C:\WINDOWS\System32\wshbth.dll
0x00007ffb8b7e0000 - 0x00007ffb8b7ea000 	C:\Windows\System32\rasadhlp.dll
0x00007ffb8e540000 - 0x00007ffb8e5b2000 	C:\WINDOWS\System32\fwpuclnt.dll
0x00007ffb93870000 - 0x00007ffb93895000 	C:\WINDOWS\SYSTEM32\bcrypt.dll
0x00007ffb93740000 - 0x00007ffb93757000 	C:\WINDOWS\SYSTEM32\CRYPTSP.dll
0x00007ffb93180000 - 0x00007ffb931b3000 	C:\WINDOWS\system32\rsaenh.dll
0x00007ffb93c10000 - 0x00007ffb93c38000 	C:\WINDOWS\SYSTEM32\USERENV.dll
0x00007ffb8eb40000 - 0x00007ffb8eb56000 	C:\WINDOWS\SYSTEM32\dhcpcsvc6.DLL
0x00007ffb8eb20000 - 0x00007ffb8eb3a000 	C:\WINDOWS\SYSTEM32\dhcpcsvc.DLL

dbghelp: loaded successfully - version: 4.0.5 - missing functions: none
symbol engine: initialized successfully - sym options: 0x614 - pdb path: .;C:\APPS\jdk-12.0.1\bin;C:\WINDOWS\SYSTEM32;C:\WINDOWS\WinSxS\amd64_microsoft.windows.common-controls_6595b64144ccf1df_6.0.17134.885_none_fb42a3473065565f;C:\APPS\jdk-12.0.1\bin\server

VM Arguments:
jvm_args: -Dcom.sun.management.jmxremote -Dcom.sun.management.jmxremote.port=51377 -Dcom.sun.management.jmxremote.authenticate=false -Dcom.sun.management.jmxremote.ssl=false -Djava.rmi.server.hostname=localhost -Dspring.jmx.enabled=true -Dspring.application.admin.enabled=true -Xverify:none -XX:TieredStopAtLevel=1 -Dfile.encoding=MS949 
java_command: com.wabu.d2project.D2project2Application --spring.output.ansi.enabled=always
java_class_path (initial): E:\workplace\project\d2project-2\bin\main;C:\Users\USER\.gradle\caches\modules-2\files-2.1\org.springframework.boot\spring-boot-starter-data-jpa\2.1.6.RELEASE\3d2ff857d0cece1fea905e89371b802c5f5b0041\spring-boot-starter-data-jpa-2.1.6.RELEASE.jar;C:\Users\USER\.gradle\caches\modules-2\files-2.1\org.springframework.boot\spring-boot-starter-data-rest\2.1.6.RELEASE\bf60ed8757219a1cc1043545d2c68dff4c0b7987\spring-boot-starter-data-rest-2.1.6.RELEASE.jar;C:\Users\USER\.gradle\caches\modules-2\files-2.1\org.springframework.boot\spring-boot-starter-freemarker\2.1.6.RELEASE\41e5703646066246e7a7924fc301975925b7dc4b\spring-boot-starter-freemarker-2.1.6.RELEASE.jar;C:\Users\USER\.gradle\caches\modules-2\files-2.1\org.springframework.boot\spring-boot-starter-groovy-templates\2.1.6.RELEASE\dece87bf8efd2ee9a63fde3f1fae816634f92c11\spring-boot-starter-groovy-templates-2.1.6.RELEASE.jar;C:\Users\USER\.gradle\caches\modules-2\files-2.1\org.springframework.boot\spring-boot-starter-hateoas\2.1.6.RELEASE\b2aa366d67cd20249d346ae62e0de92275e22493\spring-boot-starter-hateoas-2.1.6.RELEASE.jar;C:\Users\USER\.gradle\caches\modules-2\files-2.1\org.springframework.boot\spring-boot-starter-jdbc\2.1.6.RELEASE\8f9d678dad1c535377914c6ff3a4d470976a4de5\spring-boot-starter-jdbc-2.1.6.RELEASE.jar;C:\Users\USER\.gradle\caches\modules-2\files-2.1\org.springframework.boot\spring-boot-starter-jersey\2.1.6.RELEASE\99d8b2657d96a86c2a99def6818f8ceed928df6\spring-boot-starter-jersey-2.1.6.RELEASE.jar;C:\Users\USER\.gradle\caches\modules-2\files-2.1\org.springframework.boot\spring-boot-starter-mustache\2.1.6.RELEASE\7f318304f7a8b1d3dd848ccaa66be96d99bd914b\spring-boot-starter-mustache-2.1.6.RELEASE.jar;C:\Users\USER\.gradle\caches\modules-2\files-2.1\org.springframework.boot\spring-boot-starter-thymeleaf\2.1.6.RELEASE\9d007e15b0f6c48005d1808d1c1b7f38e952ba79\spring-boot-starter-thymeleaf-2.1.6.RELEASE.jar;C:\Users\USER\.gradle\caches\modules-2\files-2.1\org.springframework.boot\s
Launcher Type: SUN_STANDARD

[Global flags]
     bool BytecodeVerificationLocal                = false                                     {product} {command line}
     bool BytecodeVerificationRemote               = false                                     {product} {command line}
     intx CICompilerCount                          = 3                                         {product} {ergonomic}
     uint ConcGCThreads                            = 1                                         {product} {ergonomic}
     uint G1ConcRefinementThreads                  = 4                                         {product} {ergonomic}
   size_t G1HeapRegionSize                         = 1048576                                   {product} {ergonomic}
    uintx GCDrainStackTargetSize                   = 64                                        {product} {ergonomic}
   size_t InitialHeapSize                          = 134217728                                 {product} {ergonomic}
     bool ManagementServer                         = true                                      {product} {command line}
   size_t MarkStackSize                            = 4194304                                   {product} {ergonomic}
   size_t MaxHeapSize                              = 2126512128                                {product} {ergonomic}
   size_t MaxNewSize                               = 1275068416                                {product} {ergonomic}
   size_t MinHeapDeltaBytes                        = 1048576                                   {product} {ergonomic}
    uintx NonNMethodCodeHeapSize                   = 6973028                                {pd product} {ergonomic}
    uintx NonProfiledCodeHeapSize                  = 244685212                              {pd product} {ergonomic}
    uintx ProfiledCodeHeapSize                     = 0                                      {pd product} {ergonomic}
    uintx ReservedCodeCacheSize                    = 251658240                              {pd product} {ergonomic}
     bool SegmentedCodeCache                       = true                                      {product} {ergonomic}
     intx TieredStopAtLevel                        = 1                                         {product} {command line}
     bool UseCompressedClassPointers               = true                                 {lp64_product} {ergonomic}
     bool UseCompressedOops                        = true                                 {lp64_product} {ergonomic}
     bool UseG1GC                                  = true                                      {product} {ergonomic}
     bool UseLargePagesIndividualAllocation        = false                                  {pd product} {ergonomic}

Logging:
Log output configuration:
 #0: stdout all=warning uptime,level,tags
 #1: stderr all=off uptime,level,tags

Environment Variables:
CLASSPATH=C:\APPS\jdk-12.0.1\lib
PATH=C:/APPS/jdk 1.8/bin/server;C:/APPS/jdk 1.8/bin;C:/APPS/jdk 1.8/lib/amd64;C:\Program Files (x86)\Common Files\Oracle\Java\javapath;C:\APPS\oracle\product\11.2.0\dbhome_1\bin;C:\Program Files (x86)\Intel\iCLS Client\;C:\Program Files\Intel\iCLS Client\;C:\WINDOWS\system32;C:\WINDOWS;C:\WINDOWS\System32\Wbem;C:\WINDOWS\System32\WindowsPowerShell\v1.0\;C:\Program Files\Intel\WiFi\bin\;C:\Program Files\Common Files\Intel\WirelessCommon\;C:\Program Files (x86)\Intel\Intel(R) Management Engine Components\DAL;C:\Program Files\Intel\Intel(R) Management Engine Components\DAL;C:\Program Files (x86)\Intel\Intel(R) Management Engine Components\IPT;C:\Program Files\Intel\Intel(R) Management Engine Components\IPT;C:\APPS\apache-maven-3.6.1;\bin\;C:\APPS\jdk-12.0.1\bin\;C:\APPS\oracle instantclient\instantclient_18_5;C:\Program Files\MySQL\MySQL Shell 8.0\bin\;C:\WINDOWS\System32\OpenSSH\;C:\Program Files\PuTTY\;C:\Program Files\MySQL\MySQL Server 8.0\bin;C:\Program Files\MongoDB\Server\4.0\bin;C:\Program Files\MySQL\MySQL Shell 8.0\bin\;C:\APPS\sts-4.3.0.RELEASE;
USERNAME=USER
OS=Windows_NT
PROCESSOR_IDENTIFIER=Intel64 Family 6 Model 158 Stepping 9, GenuineIntel



---------------  S Y S T E M  ---------------

OS: Windows 10 , 64 bit Build 17134 (10.0.17134.753)

CPU:total 4 (initial active 4) (4 cores per cpu, 1 threads per core) family 6 model 158 stepping 9, cmov, cx8, fxsr, mmx, sse, sse2, sse3, ssse3, sse4.1, sse4.2, popcnt, avx, avx2, aes, clmul, erms, 3dnowpref, lzcnt, tsc, tscinvbit, bmi1, bmi2, adx, fma

Memory: 4k page, system-wide physical 8106M (2434M free)
TotalPageFile size 10282M (AvailPageFile size 3079M)
current process WorkingSet (physical memory assigned to process): 73M, peak: 73M
current process commit charge ("private bytes"): 211M, peak: 211M

vm_info: OpenJDK 64-Bit Server VM (12.0.1+12) for windows-amd64 JRE (12.0.1+12), built on Apr  2 2019 08:16:31 by "mach5one" with MS VC++ 15.5 (VS2017)

END.
