#
# A fatal error has been detected by the Java Runtime Environment:
#
#  EXCEPTION_ACCESS_VIOLATION (0xc0000005) at pc=0x00007ff85a50b739, pid=12076, tid=1872
#
# JRE version: OpenJDK Runtime Environment (12.0.1+12) (build 12.0.1+12)
# Java VM: OpenJDK 64-Bit Server VM (12.0.1+12, mixed mode, sharing, tiered, compressed oops, g1 gc, windows-amd64)
# Problematic frame:
# V  [jvm.dll+0x6cb739]
#
# No core dump will be written. Minidumps are not enabled by default on client versions of Windows
#
# If you would like to submit a bug report, please visit:
#   http://bugreport.java.com/bugreport/crash.jsp
#

---------------  S U M M A R Y ------------

Command Line: -Dcom.sun.management.jmxremote -Dcom.sun.management.jmxremote.port=50644 -Dcom.sun.management.jmxremote.authenticate=false -Dcom.sun.management.jmxremote.ssl=false -Djava.rmi.server.hostname=localhost -Dspring.jmx.enabled=true -Dspring.application.admin.enabled=true -Xverify:none -XX:TieredStopAtLevel=1 -Dfile.encoding=MS949 com.wabu.d2project.D2project2Application --spring.output.ansi.enabled=always

Host: Intel(R) Core(TM) i5-7400 CPU @ 3.00GHz, 4 cores, 7G,  Windows 10 , 64 bit Build 17134 (10.0.17134.753)
Time: Thu Jul 11 17:15:48 2019 ¢¥eCN©öI¡¾©ö C¡ÍA¨ª¨öA elapsed time: 0 seconds (0d 0h 0m 0s)

---------------  T H R E A D  ---------------

Current thread (0x00000243ffd1f000):  WatcherThread [stack: 0x0000007b21b00000,0x0000007b21c00000] [id=1872]

Stack: [0x0000007b21b00000,0x0000007b21c00000],  sp=0x0000007b21bff8e0,  free space=1022k
Native frames: (J=compiled Java code, j=interpreted, Vv=VM code, C=native code)
V  [jvm.dll+0x6cb739]
V  [jvm.dll+0x71adbd]
V  [jvm.dll+0x74f4d9]
V  [jvm.dll+0x748318]
V  [jvm.dll+0x638276]
C  [ucrtbase.dll+0x1e3fe]
C  [KERNEL32.DLL+0x14034]
C  [ntdll.dll+0x73691]


siginfo: EXCEPTION_ACCESS_VIOLATION (0xc0000005), reading address 0x0000000c0000000b


Register to memory mapping:

RIP=0x00007ff85a50b739 jvm.dll
RAX=0x00000243ffcc4950 points into unknown readable memory: 0b 00 00 00 0c 00 00 00
RBX=0x0 is NULL
RCX=0x0000000c0000000b is an unknown value
RDX=0x0000000000000032 is an unknown value
RSP=0x0000007b21bff8e0 points into unknown readable memory: 00 f0 d1 ff 43 02 00 00
RBP=0x0000000000000002 is an unknown value
RSI=0x00000243ffcc49b0 points into unknown readable memory: a0 45 d1 ff 43 02 00 00
RDI=0x0 is NULL
R8 =0x0 is NULL
R9 =0x00000243ee960b80 is at begin+0 in a stub
StubRoutines::atomic_cmpxchg_long [0x00000243ee960b80, 0x00000243ee960b89[ (9 bytes)
R10=0x0 is NULL
R11=0x0000000000000246 is an unknown value
R12=0x0 is NULL
R13=0x00000243ffd1f000 points into unknown readable memory: 00 17 73 5a f8 7f 00 00
R14=0x0000000000000032 is an unknown value
R15=0x00000243ff4a76a0 points into unknown readable memory: 00 00 00 00 00 00 00 00


Registers:
RAX=0x00000243ffcc4950, RBX=0x0000000000000000, RCX=0x0000000c0000000b, RDX=0x0000000000000032
RSP=0x0000007b21bff8e0, RBP=0x0000000000000002, RSI=0x00000243ffcc49b0, RDI=0x0000000000000000
R8 =0x0000000000000000, R9 =0x00000243ee960b80, R10=0x0000000000000000, R11=0x0000000000000246
R12=0x0000000000000000, R13=0x00000243ffd1f000, R14=0x0000000000000032, R15=0x00000243ff4a76a0
RIP=0x00007ff85a50b739, EFLAGS=0x0000000000010202

Top of Stack: (sp=0x0000007b21bff8e0)
0x0000007b21bff8e0:   00000243ffd1f000 00000243ffd1f000
0x0000007b21bff8f0:   0000012f9fb1bd39 00007ff85a44d979
0x0000007b21bff900:   00007ff85a8fe8e8 00007ff85a55adbd
0x0000007b21bff910:   0000000000000001 00000243e6573150
0x0000007b21bff920:   00000243e6573150 431bde82d7b634db
0x0000007b21bff930:   00000243ff4a76a0 0000012f9fb1bd39
0x0000007b21bff940:   00000243e6573150 00007ff85a58f4d9
0x0000007b21bff950:   0000000000000001 0000000000000032
0x0000007b21bff960:   0000000000000032 0000000000000002
0x0000007b21bff970:   00007ff88da30000 00007ff88daa4feb
0x0000007b21bff980:   0000007b21bffa00 00007ff85a20f1ee
0x0000007b21bff990:   0000000000000000 0000007b203ce000
0x0000007b21bff9a0:   0000000000000000 00007ff88daa4fa8
0x0000007b21bff9b0:   00000243ffd1f000 0000000000000000
0x0000007b21bff9c0:   0000000000100000 0000007b21bffe10
0x0000007b21bff9d0:   0000007b21b00000 00007ff85a588318 

Instructions: (pc=0x00007ff85a50b739)
0x00007ff85a50b719:   20 48 8b 35 5f 0f 3e 00 33 db 48 8b 06 39 18 7e
0x00007ff85a50b729:   27 48 89 7c 24 30 8b fb 48 8b 40 18 48 8b 0c 07
0x00007ff85a50b739:   48 8b 01 ff 50 08 48 8b 06 48 8d 7f 08 ff c3 3b
0x00007ff85a50b749:   18 7c e5 48 8b 7c 24 30 48 8b 5c 24 38 48 83 c4 


Stack slot to memory mapping:
stack at sp + 0 slots: 0x00000243ffd1f000 points into unknown readable memory: 00 17 73 5a f8 7f 00 00
stack at sp + 1 slots: 0x00000243ffd1f000 points into unknown readable memory: 00 17 73 5a f8 7f 00 00
stack at sp + 2 slots: 0x0000012f9fb1bd39 is an unknown value
stack at sp + 3 slots: 0x00007ff85a44d979 jvm.dll
stack at sp + 4 slots: 0x00007ff85a8fe8e8 jvm.dll
stack at sp + 5 slots: 0x00007ff85a55adbd jvm.dll
stack at sp + 6 slots: 0x0000000000000001 is an unknown value
stack at sp + 7 slots: 