#
# A fatal error has been detected by the Java Runtime Environment:
#
#  EXCEPTION_ACCESS_VIOLATION (0xc0000005) at pc=0x00007ff85b0c1dd4, pid=1056, tid=9400
#
# JRE version: OpenJDK Runtime Environment (12.0.1+12) (build 12.0.1+12)
# Java VM: OpenJDK 64-Bit Server VM (12.0.1+12, mixed mode, sharing, tiered, compressed oops, g1 gc, windows-amd64)
# Problematic frame:
# V  [jvm.dll+0x641dd4]
#
# No core dump will be written. Minidumps are not enabled by default on client versions of Windows
#
# If you would like to submit a bug report, please visit:
#   http://bugreport.java.com/bugreport/crash.jsp
#

---------------  S U M M A R Y ------------

Command Line: -Dcom.sun.management.jmxremote -Dcom.sun.management.jmxremote.port=49904 -Dcom.sun.management.jmxremote.authenticate=false -Dcom.sun.management.jmxremote.ssl=false -Djava.rmi.server.hostname=localhost -Dspring.jmx.enabled=true -Dspring.application.admin.enabled=true -Xverify:none -XX:TieredStopAtLevel=1 -Dfile.encoding=MS949 com.wabu.d2project.D2project2Application --spring.output.ansi.enabled=always

Host: Intel(R) Core(TM) i5-7400 CPU @ 3.00GHz, 4 cores, 7G,  Windows 10 , 64 bit Build 17134 (10.0.17134.753)
Time: Thu Jul 11 16:57:49 2019 ¢¥eCN©öI¡¾©ö C¡ÍA¨ª¨öA elapsed time: 3 seconds (0d 0h 0m 3s)

---------------  T H R E A D  ---------------

Current thread (0x000002737ef8d000):  VMThread "VM Thread" [stack: 0x00000073ac500000,0x00000073ac600000] [id=9400]

Stack: [0x00000073ac500000,0x00000073ac600000],  sp=0x00000073ac5fe2c0,  free space=1016k
Native frames: (J=compiled Java code, j=interpreted, Vv=VM code, C=native code)
V  [jvm.dll+0x641dd4]
V  [jvm.dll+0x1eda34]
V  [jvm.dll+0x71182d]
V  [jvm.dll+0x3052aa]
V  [jvm.dll+0x303b34]
V  [jvm.dll+0x3348cb]
V  [jvm.dll+0x78da8c]
V  [jvm.dll+0x7918e7]
V  [jvm.dll+0x792126]
V  [jvm.dll+0x792457]
V  [jvm.dll+0x748318]
V  [jvm.dll+0x638276]
C  [ucrtbase.dll+0x1e3fe]
C  [KERNEL32.DLL+0x14034]
C  [ntdll.dll+0x73691]


siginfo: EXCEPTION_ACCESS_VIOLATION (0xc0000005), reading address 0xffffffffffffffff


Register to memory mapping:

RIP=0x00007ff85b0c1dd4 jvm.dll
RAX=0x000002731d8f8e20 points into unknown readable memory: 07 00 00 00 08 00 00 00
RBX=0x0000000800000007 is pointing into metadata
RCX=0x0 is NULL
RDX=0x730833ece0ba4900 is an unknown value
RSP=0x00000073ac5fe2c0 points into unknown readable memory: 70 56 cc 1f 73 02 00 00
RBP=0x0000000000000001 is an unknown value
RSI=0x0 is NULL
RDI=0x0 is NULL
R8 =0x000002737fa2e830 points into unknown readable memory: 6d 00 00 00 5f 6a 61 76
R9 =0x0000000000000008 is an unknown value
R10=0x000002737ddf8e58 points into unknown readable memory: 60 86 dc 7d 73 02 00 00
R11=0x00000073ac5fe318 points into unknown readable memory: 78 d5 e0 7e 73 02 00 00
R12=0x000002737ee0d1a0 points into unknown readable memory: 1c e7 a2 7f 73 02 00 00
R13=0x000002737f95c818 points into unknown readable memory: 40 bb f8 7e 73 02 00 00
R14=0x000002737ddf8e30 points into unknown readable memory: 08 6f 30 5b f8 7f 00 00
R15=0x000002737ee0d100 points into unknown readable memory: 00 00 00 00 00 00 00 00


Registers:
RAX=0x000002731d8f8e20, RBX=0x0000000800000007, RCX=0x0000000000000000, RDX=0x730833ece0ba4900
RSP=0x00000073ac5fe2c0, RBP=0x0000000000000001, RSI=0x0000000000000000, RDI=0x0000000000000000
R8 =0x000002737fa2e830, R9 =0x0000000000000008, R10=0x000002737ddf8e58, R11=0x00000073ac5fe318
R12=0x000002737ee0d1a0, R13=0x000002737f95c818, R14=0x000002737ddf8e30, R15=0x000002737ee0d100
RIP=0x00007ff85b0c1dd4, EFLAGS=0x0000000000010202

Top of Stack: (sp=0x00000073ac5fe2c0)
0x00000073ac5fe2c0:   000002731fcc5670 000002737bb50000
0x00000073ac5fe2d0:   0000336a0296884f 000002737bb50e40
0x00000073ac5fe2e0:   000002737ddc6530 000002737ee0d100
0x00000073ac5fe2f0:   000002737ddf8e30 000002737ee0d1a0
0x00000073ac5fe300:   0000000000000000 0000000000000001
0x00000073ac5fe310:   000002731d8f8850 000002737ee0d578
0x00000073ac5fe320:   0000000000000000 00007ff85ac6da34
0x00000073ac5fe330:   000002737fa2e830 00007ff800000000
0x00000073ac5fe340:   0000000000000000 000002737f95c818
0x00000073ac5fe350:   0000000000000000 00007ff85b19182d
0x00000073ac5fe360:   0000000000000003 000002737ddf4850
0x00000073ac5fe370:   000002737ddc6530 000002737ddf8e30
0x00000073ac5fe380:   0000000000000000 00007ff800000000
0x00000073ac5fe390:   0000000000000002 00007ff85b4f33f0
0x00000073ac5fe3a0:   0000000000000002 00007ff85b4f3460
0x00000073ac5fe3b0:   0000000100000000 000000000096522c 

Instructions: (pc=0x00007ff85b0c1dd4)
0x00007ff85b0c1db4:   00 49 8b 40 08 48 8b 1c 01 48 85 db 0f 84 a9 01
0x00007ff85b0c1dc4:   00 00 4c 8b ac 24 88 00 00 00 66 90 48 8b 53 18
0x00007ff85b0c1dd4:   0f b6 42 4b 84 c0 75 06 83 7b 20 01 75 3c 48 8b
0x00007ff85b0c1de4:   7b 28 48 85 ff 74 33 48 83 7f 08 01 75 1b 48 8b 


Stack slot to memory mapping:
stack at sp + 0 slots: 0x000002731fcc5670 points into unknown readable memory: d0 e2 a5 1e 73 02 00 00
stack at sp + 1 slots: 0x000002737bb50000 points into unknown readable memory: 00 00 00 00 00 00 00 00
stack at sp + 2 slots: 0x0000336a0296884f is an unknown value
stack at sp + 3 slots: 0x000002737bb50e40 points into unknown readable memory: c0 0c b5 7b 73 02 00 00
stack at sp + 4 slots: 0x000002737ddc6530 points into unknown readable memory: 40 55 39 5b f8 7f 00 00
stack at sp + 5 slots: 0x000002737ee0d100 points into unknown readable memory: 00 00 00 00 00 00 00 00
stack at sp + 6 slots: 0x000002737ddf8e30 points into unknown readable memory: 08 6f 30 5b f8 7f 00 00
stack at sp + 7 slots: 0x000002737ee0d1a0 points into unknown readable memory: 1c e7 a2 7f 73 02 00 00

VM_Operation (0x00000073ac1ff7f0): G1Concurrent, mode: safepoint, requested by thread 0x000002737de3f800


---------------  P R O C E S S  ---------------

Threads class SMR info:
_java_thread_list=0x0000027320375a40, length=19, elements={
0x000002737ddb3000, 0x000002737ef90800, 0x000002737ef93800, 0x000002737f7af000,
0x000002737f7b0000, 0x000002737f7b2000, 0x000002737f7e9000, 0x000002737f95b800,
0x000002737f98c000, 0x000002731d907000, 0x000002731d8fe000, 0x000002731d93f800,
0x000002731ddc2800, 0x000002731ddd2000, 0x000002731dee8800, 0x000002731df5f800,
0x000002731dfac000, 0x000002731dfcb000, 0x000002731fd15800
}

Java Threads: ( => current thread )
  0x000002737ddb3000 JavaThread "main" [_thread_blocked, id=5776, stack(0x00000073abf00000,0x00000073ac000000)]
  0x000002737ef90800 JavaThread "Reference Handler" daemon [_thread_blocked, id=9252, stack(0x00000073ac600000,0x00000073ac700000)]
  0x000002737ef93800 JavaThread "Finalizer" daemon [_thread_blocked, id=9260, stack(0x00000073ac700000,0x00000073ac800000)]
  0x000002737f7af000 JavaThread "Signal Dispatcher" daemon [_thread_blocked, id=9592, stack(0x00000073ac800000,0x00000073ac900000)]
  0x000002737f7b0000 JavaThread "Attach Listener" daemon [_thread_blocked, id=10284, stack(0x00000073ac900000,0x00000073aca00000)]
  0x000002737f7b2000 JavaThread "C1 CompilerThread0" daemon [_thread_blocked, id=5428, stack(0x00000073aca00000,0x00000073acb00000)]
  0x000002737f7e9000 JavaThread "Sweeper thread" daemon [_thread_blocked, id=12028, stack(0x00000073acb00000,0x00000073acc00000)]
  0x000002737f95b800 JavaThread "Common-Cleaner" daemon [_thread_blocked, id=4588, stack(0x00000073acc00000,0x00000073acd00000)]
  0x000002737f98c000 JavaThread "Service Thread" daemon [_thread_blocked, id=11024, stack(0x00000073acd00000,0x00000073ace00000)]
  0x000002731d907000 JavaThread "RMI TCP Accept-0" daemon [_thread_in_native, id=3084, stack(0x00000073ad100000,0x00000073ad200000)]
  0x000002731d8fe000 JavaThread "RMI TCP Accept-49904" daemon [_thread_in_native, id=5328, stack(0x00000073ad200000,0x00000073ad300000)]
  0x000002731d93f800 JavaThread "RMI TCP Accept-0" daemon [_thread_in_native, id=1088, stack(0x00000073ad300000,0x00000073ad400000)]
  0x000002731ddc2800 JavaThread "Thread-0" [_thread_blocked, id=10420, stack(0x00000073ad500000,0x00000073ad600000)]
  0x000002731ddd2000 JavaThread "restartedMain" [_thread_blocked, id=804, stack(0x00000073ad600000,0x00000073ad700000)]
  0x000002731dee8800 JavaThread "RMI TCP Connection(1)-127.0.0.1" daemon [_thread_in_native, id=1308, stack(0x00000073ad800000,0x00000073ad900000)]
  0x000002731df5f800 JavaThread "RMI Scheduler(0)" daemon [_thread_blocked, id=884, stack(0x00000073ad900000,0x00000073ada00000)]
  0x000002731dfac000 JavaThread "RMI TCP Connection(2)-127.0.0.1" daemon [_thread_in_native, id=10456, stack(0x00000073ada00000,0x00000073adb00000)]
  0x000002731dfcb000 JavaThread "JMX server connection timeout 23" daemon [_thread_blocked, id=10676, stack(0x00000073adb00000,0x00000073adc00000)]
  0x000002731fd15800 JavaThread "HikariPool-1 housekeeper" daemon [_thread_blocked, id=9680, stack(0x00000073ad700000,0x00000073ad800000)]

Other Threads:
=>0x000002737ef8d000 VMThread "VM Thread" [stack: 0x00000073ac500000,0x00000073ac600000] [id=9400]
  0x000002731d941000 WatcherThread [stack: 0x00000073ad400000,0x00000073ad500000] [id=7516]
  0x000002737ddf3800 GCTaskThread "GC Thread#0" [stack: 0x00000073ac000000,0x00000073ac100000] [id=5660]
  0x000002731d8ba000 GCTaskThread "GC Thread#1" [stack: 0x00000073acf00000,0x00000073ad000000] [id=10276]
  0x000002731d8ba800 GCTaskThread "GC Thread#2" [stack: 0x00000073ad000000,0x00000073ad100000] [id=6992]
  0x000002731e035000 GCTaskThread "GC Thread#3" [stack: 0x00000073adc00000,0x00000073add00000] [id=5904]
  0x000002737de3f800 ConcurrentGCThread "G1 Main Marker" [stack: 0x00000073ac100000,0x00000073ac200000] [id=9652]
  0x000002737de42800 ConcurrentGCThread "G1 Conc#0" [stack: 0x00000073ac200000,0x00000073ac300000] [id=1060]
  0x000002737ee0c800 ConcurrentGCThread "G1 Refine#0" [stack: 0x00000073ac300000,0x00000073ac400000] [id=9392]
  0x000002737ee0f000 ConcurrentGCThread "G1 Young RemSet Sampling" [stack: 0x00000073ac400000,0x00000073ac500000] [id=9464]

Threads with active compile tasks:

VM state:at safepoint (normal execution)

VM Mutex/Monitor currently owned by a thread:  ([mutex/lock_event])
[0x000002737ddb2010] Threads_lock - owner thread: 0x000002737ef8d000
[0x000002737ddb1560] Heap_lock - owner thread: 0x000002737de3f800

Heap address: 0x0000000081400000, size: 2028 MB, Compressed Oops mode: 32-bit
Narrow klass base: 0x0000000800000000, Narrow klass shift: 3
Compressed class space size: 1073741824 Address: 0x00000008011a0000

Heap:
 garbage-first heap   total 95232K, used 31169K [0x0000000081400000, 0x0000000100000000)
  region size 1024K, 8 young (8192K), 4 survivors (4096K)
 Metaspace       used 35033K, capacity 36225K, committed 36560K, reserved 1081344K
  class space    used 4442K, capacity 4874K, committed 4992K, reserved 1048576K
Heap Regions: E=young(eden), S=young(survivor), O=old, HS=humongous(starts), HC=humongous(continues), CS=collection set, F=free, A=archive, TAMS=top-at-mark-start (previous, next)
|   0|0x0000000081400000, 0x0000000081500000, 0x0000000081500000|100%|HS|  |TAMS 0x0000000081500000, 0x0000000081500000| Complete 
|   1|0x0000000081500000, 0x0000000081600000, 0x0000000081600000|100%| O|  |TAMS 0x0000000081600000, 0x0000000081600000| Untracked 
|   2|0x0000000081600000, 0x0000000081700000, 0x0000000081700000|100%| O|  |TAMS 0x0000000081700000, 0x0000000081700000| Untracked 
|   3|0x0000000081700000, 0x0000000081800000, 0x0000000081800000|100%| O|  |TAMS 0x0000000081800000, 0x0000000081800000| Untracked 
|   4|0x0000000081800000, 0x0000000081900000, 0x0000000081900000|100%| O|  |TAMS 0x0000000081900000, 0x0000000081900000| Untracked 
|   5|0x0000000081900000, 0x0000000081a00000, 0x0000000081a00000|100%| O|  |TAMS 0x0000000081a00000, 0x0000000081a00000| Untracked 
|   6|0x0000000081a00000, 0x0000000081b00000, 0x0000000081b00000|100%| O|  |TAMS 0x0000000081b00000, 0x0000000081b00000| Untracked 
|   7|0x0000000081b00000, 0x0000000081c00000, 0x0000000081c00000|100%| O|  |TAMS 0x0000000081c00000, 0x0000000081c00000| Untracked 
|   8|0x0000000081c00000, 0x0000000081ca2400, 0x0000000081d00000| 63%| O|  |TAMS 0x0000000081ca2400, 0x0000000081ca2400| Untracked 
|   9|0x0000000081d00000, 0x0000000081e00000, 0x0000000081e00000|100%| O|  |TAMS 0x0000000081d00000, 0x0000000081e00000| Untracked 
|  10|0x0000000081e00000, 0x0000000081f00000, 0x0000000081f00000|100%| O|  |TAMS 0x0000000081e00000, 0x0000000081f00000| Untracked 
|  11|0x0000000081f00000, 0x0000000082000000, 0x0000000082000000|100%| O|  |TAMS 0x0000000081f00000, 0x0000000082000000| Untracked 
|  12|0x0000000082000000, 0x0000000082100000, 0x0000000082100000|100%| O|  |TAMS 0x0000000082000000, 0x0000000082100000| Untracked 
|  13|0x0000000082100000, 0x0000000082200000, 0x0000000082200000|100%| O|  |TAMS 0x0000000082100000, 0x0000000082200000| Untracked 
|  14|0x0000000082200000, 0x0000000082300000, 0x0000000082300000|100%| O|  |TAMS 0x0000000082200000, 0x0000000082300000| Untracked 
|  15|0x0000000082300000, 0x0000000082400000, 0x0000000082400000|100%| O|  |TAMS 0x0000000082300000, 0x0000000082400000| Untracked 
|  16|0x0000000082400000, 0x0000000082500000, 0x0000000082500000|100%| O|  |TAMS 0x0000000082400000, 0x0000000082500000| Untracked 
|  17|0x0000000082500000, 0x0000000082600000, 0x0000000082600000|100%| O|  |TAMS 0x0000000082500000, 0x0000000082600000| Untracked 
|  18|0x0000000082600000, 0x0000000082700000, 0x0000000082700000|100%| O|  |TAMS 0x0000000082600000, 0x0000000082700000| Untracked 
|  19|0x0000000082700000, 0x0000000082800000, 0x0000000082800000|100%| O|  |TAMS 0x0000000082700000, 0x0000000082800000| Untracked 
|  20|0x0000000082800000, 0x0000000082900000, 0x0000000082900000|100%| O|  |TAMS 0x0000000082800000, 0x0000000082900000| Untracked 
|  21|0x0000000082900000, 0x0000000082a00000, 0x0000000082a00000|100%| O|  |TAMS 0x0000000082900000, 0x0000000082a00000| Untracked 
|  22|0x0000000082a00000, 0x0000000082b00000, 0x0000000082b00000|100%| O|  |TAMS 0x0000000082a00000, 0x0000000082ada000| Untracked 
|  23|0x0000000082b00000, 0x0000000082c00000, 0x0000000082c00000|100%| O|  |TAMS 0x0000000082b00000, 0x0000000082b00000| Untracked 
|  24|0x0000000082c00000, 0x0000000082c52200, 0x0000000082d00000| 32%| O|  |TAMS 0x0000000082c00000, 0x0000000082c00000| Untracked 
|  25|0x0000000082d00000, 0x0000000082d00000, 0x0000000082e00000|  0%| F|  |TAMS 0x0000000082d00000, 0x0000000082d00000| Untracked 
|  26|0x0000000082e00000, 0x0000000082e00000, 0x0000000082f00000|  0%| F|  |TAMS 0x0000000082e00000, 0x0000000082e00000| Untracked 
|  27|0x0000000082f00000, 0x0000000082f00000, 0x0000000083000000|  0%| F|  |TAMS 0x0000000082f00000, 0x0000000082f00000| Untracked 
|  28|0x0000000083000000, 0x0000000083000000, 0x0000000083100000|  0%| F|  |TAMS 0x0000000083000000, 0x0000000083000000| Untracked 
|  29|0x0000000083100000, 0x0000000083100000, 0x0000000083200000|  0%| F|  |TAMS 0x0000000083100000, 0x0000000083100000| Untracked 
|  30|0x0000000083200000, 0x0000000083200000, 0x0000000083300000|  0%| F|  |TAMS 0x0000000083200000, 0x0000000083200000| Untracked 
|  31|0x0000000083300000, 0x0000000083300000, 0x0000000083400000|  0%| F|  |TAMS 0x0000000083300000, 0x0000000083300000| Untracked 
|  32|0x0000000083400000, 0x0000000083400000, 0x0000000083500000|  0%| F|  |TAMS 0x0000000083400000, 0x0000000083400000| Untracked 
|  33|0x0000000083500000, 0x0000000083500000, 0x0000000083600000|  0%| F|  |TAMS 0x0000000083500000, 0x0000000083500000| Untracked 
|  34|0x0000000083600000, 0x0000000083600000, 0x0000000083700000|  0%| F|  |TAMS 0x0000000083600000, 0x0000000083600000| Untracked 
|  35|0x0000000083700000, 0x0000000083700000, 0x0000000083800000|  0%| F|  |TAMS 0x0000000083700000, 0x0000000083700000| Untracked 
|  36|0x0000000083800000, 0x0000000083800000, 0x0000000083900000|  0%| F|  |TAMS 0x0000000083800000, 0x0000000083800000| Untracked 
|  37|0x0000000083900000, 0x0000000083900000, 0x0000000083a00000|  0%| F|  |TAMS 0x0000000083900000, 0x0000000083900000| Untracked 
|  38|0x0000000083a00000, 0x0000000083a00000, 0x0000000083b00000|  0%| F|  |TAMS 0x0000000083a00000, 0x0000000083a00000| Untracked 
|  39|0x0000000083b00000, 0x0000000083b00000, 0x0000000083c00000|  0%| F|  |TAMS 0x0000000083b00000, 0x0000000083b00000| Untracked 
|  40|0x0000000083c00000, 0x0000000083c00000, 0x0000000083d00000|  0%| F|  |TAMS 0x0000000083c00000, 0x0000000083c00000| Untracked 
|  41|0x0000000083d00000, 0x0000000083d00000, 0x0000000083e00000|  0%| F|  |TAMS 0x0000000083d00000, 0x0000000083d00000| Untracked 
|  42|0x0000000083e00000, 0x0000000083e00000, 0x0000000083f00000|  0%| F|  |TAMS 0x0000000083e00000, 0x0000000083e00000| Untracked 
|  43|0x0000000083f00000, 0x0000000083f00000, 0x0000000084000000|  0%| F|  |TAMS 0x0000000083f00000, 0x0000000083f00000| Untracked 
|  44|0x0000000084000000, 0x0000000084000000, 0x0000000084100000|  0%| F|  |TAMS 0x0000000084000000, 0x0000000084000000| Untracked 
|  45|0x0000000084100000, 0x0000000084100000, 0x0000000084200000|  0%| F|  |TAMS 0x0000000084100000, 0x0000000084100000| Untracked 
|  46|0x0000000084200000, 0x0000000084200000, 0x0000000084300000|  0%| F|  |TAMS 0x0000000084200000, 0x0000000084200000| Untracked 
|  47|0x0000000084300000, 0x0000000084300000, 0x0000000084400000|  0%| F|  |TAMS 0x0000000084300000, 0x0000000084300000| Untracked 
|  48|0x0000000084400000, 0x0000000084400000, 0x0000000084500000|  0%| F|  |TAMS 0x0000000084400000, 0x0000000084400000| Untracked 
|  49|0x0000000084500000, 0x0000000084500000, 0x0000000084600000|  0%| F|  |TAMS 0x0000000084500000, 0x0000000084500000| Untracked 
|  50|0x0000000084600000, 0x0000000084600000, 0x0000000084700000|  0%| F|  |TAMS 0x0000000084600000, 0x0000000084600000| Untracked 
|  51|0x0000000084700000, 0x0000000084700000, 0x0000000084800000|  0%| F|  |TAMS 0x0000000084700000, 0x0000000084700000| Untracked 
|  52|0x0000000084800000, 0x0000000084800000, 0x0000000084900000|  0%| F|  |TAMS 0x0000000084800000, 0x0000000084800000| Untracked 
|  53|0x0000000084900000, 0x0000000084900000, 0x0000000084a00000|  0%| F|  |TAMS 0x0000000084900000, 0x0000000084900000| Untracked 
|  54|0x0000000084a00000, 0x0000000084a00000, 0x0000000084b00000|  0%| F|  |TAMS 0x0000000084a00000, 0x0000000084a00000| Untracked 
|  55|0x0000000084b00000, 0x0000000084b00000, 0x0000000084c00000|  0%| F|  |TAMS 0x0000000084b00000, 0x0000000084b00000| Untracked 
|  56|0x0000000084c00000, 0x0000000084c00000, 0x0000000084d00000|  0%| F|  |TAMS 0x0000000084c00000, 0x0000000084c00000| Untracked 
|  57|0x0000000084d00000, 0x0000000084d00000, 0x0000000084e00000|  0%| F|  |TAMS 0x0000000084d00000, 0x0000000084d00000| Untracked 
|  58|0x0000000084e00000, 0x0000000084e00000, 0x0000000084f00000|  0%| F|  |TAMS 0x0000000084e00000, 0x0000000084e00000| Untracked 
|  59|0x0000000084f00000, 0x0000000084f00000, 0x0000000085000000|  0%| F|  |TAMS 0x0000000084f00000, 0x0000000084f00000| Untracked 
|  60|0x0000000085000000, 0x0000000085000000, 0x0000000085100000|  0%| F|  |TAMS 0x0000000085000000, 0x0000000085000000| Untracked 
|  61|0x0000000085100000, 0x0000000085100000, 0x0000000085200000|  0%| F|  |TAMS 0x0000000085100000, 0x0000000085100000| Untracked 
|  62|0x0000000085200000, 0x0000000085200000, 0x0000000085300000|  0%| F|  |TAMS 0x0000000085200000, 0x0000000085200000| Untracked 
|  63|0x0000000085300000, 0x0000000085300000, 0x0000000085400000|  0%| F|  |TAMS 0x0000000085300000, 0x0000000085300000| Untracked 
|  64|0x0000000085400000, 0x0000000085400000, 0x0000000085500000|  0%| F|  |TAMS 0x0000000085400000, 0x0000000085400000| Untracked 
|  65|0x0000000085500000, 0x0000000085500000, 0x0000000085600000|  0%| F|  |TAMS 0x0000000085500000, 0x0000000085500000| Untracked 
|  66|0x0000000085600000, 0x0000000085600000, 0x0000000085700000|  0%| F|  |TAMS 0x0000000085600000, 0x0000000085600000| Untracked 
|  67|0x0000000085700000, 0x0000000085700000, 0x0000000085800000|  0%| F|  |TAMS 0x0000000085700000, 0x0000000085700000| Untracked 
|  68|0x0000000085800000, 0x000000008587c008, 0x0000000085900000| 48%| S|CS|TAMS 0x0000000085800000, 0x0000000085800000| Complete 
|  69|0x0000000085900000, 0x0000000085a00000, 0x0000000085a00000|100%| S|CS|TAMS 0x0000000085900000, 0x0000000085900000| Complete 
|  70|0x0000000085a00000, 0x0000000085b00000, 0x0000000085b00000|100%| S|CS|TAMS 0x0000000085a00000, 0x0000000085a00000| Complete 
|  71|0x0000000085b00000, 0x0000000085c00000, 0x0000000085c00000|100%| S|CS|TAMS 0x0000000085b00000, 0x0000000085b00000| Complete 
|  72|0x0000000085c00000, 0x0000000085c00000, 0x0000000085d00000|  0%| F|  |TAMS 0x0000000085c00000, 0x0000000085c00000| Untracked 
|  73|0x0000000085d00000, 0x0000000085d00000, 0x0000000085e00000|  0%| F|  |TAMS 0x0000000085d00000, 0x0000000085d00000| Untracked 
|  74|0x0000000085e00000, 0x0000000085e00000, 0x0000000085f00000|  0%| F|  |TAMS 0x0000000085e00000, 0x0000000085e00000| Untracked 
|  75|0x0000000085f00000, 0x0000000085f00000, 0x0000000086000000|  0%| F|  |TAMS 0x0000000085f00000, 0x0000000085f00000| Untracked 
|  76|0x0000000086000000, 0x0000000086000000, 0x0000000086100000|  0%| F|  |TAMS 0x0000000086000000, 0x0000000086000000| Untracked 
|  77|0x0000000086100000, 0x0000000086100000, 0x0000000086200000|  0%| F|  |TAMS 0x0000000086100000, 0x0000000086100000| Untracked 
|  78|0x0000000086200000, 0x0000000086200000, 0x0000000086300000|  0%| F|  |TAMS 0x0000000086200000, 0x0000000086200000| Untracked 
|  79|0x0000000086300000, 0x0000000086300000, 0x0000000086400000|  0%| F|  |TAMS 0x0000000086300000, 0x0000000086300000| Untracked 
|  80|0x0000000086400000, 0x0000000086400000, 0x0000000086500000|  0%| F|  |TAMS 0x0000000086400000, 0x0000000086400000| Untracked 
|  81|0x0000000086500000, 0x0000000086500000, 0x0000000086600000|  0%| F|  |TAMS 0x0000000086500000, 0x0000000086500000| Untracked 
|  82|0x0000000086600000, 0x0000000086600000, 0x0000000086700000|  0%| F|  |TAMS 0x0000000086600000, 0x0000000086600000| Untracked 
|  83|0x0000000086700000, 0x0000000086700000, 0x0000000086800000|  0%| F|  |TAMS 0x0000000086700000, 0x0000000086700000| Untracked 
|  84|0x0000000086800000, 0x0000000086800000, 0x0000000086900000|  0%| F|  |TAMS 0x0000000086800000, 0x0000000086800000| Untracked 
|  85|0x0000000086900000, 0x0000000086900000, 0x0000000086a00000|  0%| F|  |TAMS 0x0000000086900000, 0x0000000086900000| Untracked 
|  86|0x0000000086a00000, 0x0000000086a00000, 0x0000000086b00000|  0%| F|  |TAMS 0x0000000086a00000, 0x0000000086a00000| Untracked 
|  87|0x0000000086b00000, 0x0000000086b00000, 0x0000000086c00000|  0%| F|  |TAMS 0x0000000086b00000, 0x0000000086b00000| Untracked 
|  88|0x0000000086c00000, 0x0000000086c00000, 0x0000000086d00000|  0%| F|  |TAMS 0x0000000086c00000, 0x0000000086c00000| Untracked 
|  89|0x0000000086d00000, 0x0000000086e00000, 0x0000000086e00000|100%| E|  |TAMS 0x0000000086d00000, 0x0000000086d00000| Complete 
| 151|0x000000008ab00000, 0x000000008ac00000, 0x000000008ac00000|100%| E|CS|TAMS 0x000000008ab00000, 0x000000008ab00000| Complete 
| 152|0x000000008ac00000, 0x000000008ad00000, 0x000000008ad00000|100%| E|CS|TAMS 0x000000008ac00000, 0x000000008ac00000| Complete 
| 153|0x000000008ad00000, 0x000000008ae00000, 0x000000008ae00000|100%| E|CS|TAMS 0x000000008ad00000, 0x000000008ad00000| Complete 

Card table byte_map: [0x000002737e270000,0x000002737e670000] _byte_map_base: 0x000002737de66000

Marking Bits (Prev, Next): (CMBitMap*) 0x000002737ddf48a8, (CMBitMap*) 0x000002737ddf4868
 Prev Bits: [0x00000273192e0000, 0x000002731b290000)
 Next Bits: [0x0000027317330000, 0x00000273192e0000)

Polling page: 0x000002737bbb0000

Metaspace:

Usage:
  Non-class:     30.62 MB capacity,    29.87 MB ( 98%) used,   639.99 KB (  2%) free+waste,   119.88 KB ( <1%) overhead. 
      Class:      4.76 MB capacity,     4.34 MB ( 91%) used,   372.51 KB (  8%) free+waste,    58.94 KB (  1%) overhead. 
       Both:     35.38 MB capacity,    34.21 MB ( 97%) used,  1012.50 KB (  3%) free+waste,   178.81 KB ( <1%) overhead. 

Virtual space:
  Non-class space:       32.00 MB reserved,      30.83 MB ( 96%) committed 
      Class space:        1.00 GB reserved,       4.88 MB ( <1%) committed 
             Both:        1.03 GB reserved,      35.70 MB (  3%) committed 

Chunk freelists:
   Non-Class:  7.13 KB
       Class:  2.75 KB
        Both:  9.88 KB

CodeHeap 'non-profiled nmethods': size=238912Kb used=8014Kb max_used=8014Kb free=230897Kb
 bounds [0x00000273089e0000, 0x00000273091c0000, 0x0000027317330000]
CodeHeap 'non-nmethods': size=6848Kb used=1195Kb max_used=1195Kb free=5652Kb
 bounds [0x0000027308330000, 0x00000273085a0000, 0x00000273089e0000]
 total_blobs=4970 nmethods=4410 adapters=453
 compilation: enabled
              stopped_count=0, restarted_count=0
 full_count=0

Compilation events (10 events):
Event: 3.344 Thread 0x000002737f7b2000 4422       1       org.springframework.beans.factory.support.AbstractBeanFactory::isPrototypeCurrentlyInCreation (46 bytes)
Event: 3.345 Thread 0x000002737f7b2000 nmethod 4422 0x00000273091b0490 code [0x00000273091b0680, 0x00000273091b0950]
Event: 3.348 Thread 0x000002737f7b2000 4423       1       java.lang.reflect.ProxyGenerator$PrimitiveTypeInfo::get (13 bytes)
Event: 3.348 Thread 0x000002737f7b2000 nmethod 4423 0x00000273091b0a90 code [0x00000273091b0c60, 0x00000273091b0dd0]
Event: 3.359 Thread 0x000002737f7b2000 4424       1       java.io.File::getCanonicalPath (31 bytes)
Event: 3.359 Thread 0x000002737f7b2000 nmethod 4424 0x00000273091b1390 code [0x00000273091b1580, 0x00000273091b1800]
Event: 3.359 Thread 0x000002737f7b2000 4425       1       java.io.WinNTFileSystem::canonicalize (372 bytes)
Event: 3.361 Thread 0x000002737f7b2000 nmethod 4425 0x00000273091b1910 code [0x00000273091b1c80, 0x00000273091b2c80]
Event: 3.361 Thread 0x000002737f7b2000 4427       1       sun.reflect.generics.repository.GenericDeclRepository::getTypeParameters (27 bytes)
Event: 3.361 Thread 0x000002737f7b2000 nmethod 4427 0x00000273091b3690 code [0x00000273091b3860, 0x00000273091b3ac0]

GC Heap History (10 events):
Event: 2.776 GC heap before
{Heap before GC invocations=13 (full 0):
 garbage-first heap   total 78848K, used 59004K [0x0000000081400000, 0x0000000100000000)
  region size 1024K, 41 young (41984K), 6 survivors (6144K)
 Metaspace       used 30464K, capacity 31535K, committed 31792K, reserved 1077248K
  class space    used 4018K, capacity 4401K, committed 4480K, reserved 1048576K
}
Event: 2.781 GC heap after
{Heap after GC invocations=14 (full 0):
 garbage-first heap   total 78848K, used 24808K [0x0000000081400000, 0x0000000100000000)
  region size 1024K, 4 young (4096K), 4 survivors (4096K)
 Metaspace       used 30464K, capacity 31535K, committed 31792K, reserved 1077248K
  class space    used 4018K, capacity 4401K, committed 4480K, reserved 1048576K
}
Event: 2.791 GC heap before
{Heap before GC invocations=14 (full 0):
 garbage-first heap   total 78848K, used 59624K [0x0000000081400000, 0x0000000100000000)
  region size 1024K, 39 young (39936K), 4 survivors (4096K)
 Metaspace       used 30464K, capacity 31535K, committed 31792K, reserved 1077248K
  class space    used 4018K, capacity 4401K, committed 4480K, reserved 1048576K
}
Event: 2.795 GC heap after
{Heap after GC invocations=15 (full 0):
 garbage-first heap   total 95232K, used 25001K [0x0000000081400000, 0x0000000100000000)
  region size 1024K, 2 young (2048K), 2 survivors (2048K)
 Metaspace       used 30464K, capacity 31535K, committed 31792K, reserved 1077248K
  class space    used 4018K, capacity 4401K, committed 4480K, reserved 1048576K
}
Event: 2.894 GC heap before
{Heap before GC invocations=15 (full 0):
 garbage-first heap   total 95232K, used 68009K [0x0000000081400000, 0x0000000100000000)
  region size 1024K, 45 young (46080K), 2 survivors (2048K)
 Metaspace       used 31322K, capacity 32439K, committed 32688K, reserved 1077248K
  class space    used 4096K, capacity 4508K, committed 4608K, reserved 1048576K
}
Event: 2.897 GC heap after
{Heap after GC invocations=16 (full 0):
 garbage-first heap   total 95232K, used 25714K [0x0000000081400000, 0x0000000100000000)
  region size 1024K, 3 young (3072K), 3 survivors (3072K)
 Metaspace       used 31322K, capacity 32439K, committed 32688K, reserved 1077248K
  class space    used 4096K, capacity 4508K, committed 4608K, reserved 1048576K
}
Event: 3.173 GC heap before
{Heap before GC invocations=16 (full 0):
 garbage-first heap   total 95232K, used 69746K [0x0000000081400000, 0x0000000100000000)
  region size 1024K, 47 young (48128K), 3 survivors (3072K)
 Metaspace       used 31984K, capacity 33115K, committed 33200K, reserved 1077248K
  class space    used 4186K, capacity 4605K, committed 4608K, reserved 1048576K
}
Event: 3.176 GC heap after
{Heap after GC invocations=17 (full 0):
 garbage-first heap   total 95232K, used 26935K [0x0000000081400000, 0x0000000100000000)
  region size 1024K, 4 young (4096K), 4 survivors (4096K)
 Metaspace       used 31984K, capacity 33115K, committed 33200K, reserved 1077248K
  class space    used 4186K, capacity 4605K, committed 4608K, reserved 1048576K
}
Event: 3.322 GC heap before
{Heap before GC invocations=17 (full 0):
 garbage-first heap   total 95232K, used 47415K [0x0000000081400000, 0x0000000100000000)
  region size 1024K, 25 young (25600K), 4 survivors (4096K)
 Metaspace       used 34663K, capacity 35850K, committed 35920K, reserved 1081344K
  class space    used 4403K, capacity 4834K, committed 4864K, reserved 1048576K
}
Event: 3.328 GC heap after
{Heap after GC invocations=18 (full 0):
 garbage-first heap   total 95232K, used 28097K [0x0000000081400000, 0x0000000100000000)
  region size 1024K, 4 young (4096K), 4 survivors (4096K)
 Metaspace       used 34663K, capacity 35850K, committed 35920K, reserved 1081344K
  class space    used 4403K, capacity 4834K, committed 4864K, reserved 1048576K
}

Deoptimization events (0 events):
No events

Classes redefined (0 events):
No events

Internal exceptions (10 events):
Event: 3.330 Thread 0x000002731ddd2000 Exception <a 'java/lang/NoSuchMethodError'{0x000000008ad13840}: java.lang.invoke.DirectMethodHandle$Holder.invokeStaticInit(Ljava/lang/Object;Ljava/lang/Object;Ljava/lang/Object;Ljava/lang/Object;)Ljava/lang/Object;> (0x000000008ad13840) thrown at [t:/wor
Event: 3.334 Thread 0x000002731ddd2000 Exception <a 'java/lang/ClassNotFoundException'{0x000000008ad8a968}: java/lang/ObjectCustomizer> (0x000000008ad8a968) thrown at [t:/workspace/open/src/hotspot/share/classfile/systemDictionary.cpp, line 235]
Event: 3.335 Thread 0x000002731ddd2000 Exception <a 'java/lang/ClassNotFoundException'{0x000000008adb4a18}: org/springframework/orm/jpa/vendor/AbstractJpaVendorAdapterCustomizer> (0x000000008adb4a18) thrown at [t:/workspace/open/src/hotspot/share/classfile/systemDictionary.cpp, line 235]
Event: 3.336 Thread 0x000002731ddd2000 Exception <a 'java/lang/ClassNotFoundException'{0x000000008ade7c78}: org/springframework/orm/jpa/vendor/HibernateJpaVendorAdapterCustomizer> (0x000000008ade7c78) thrown at [t:/workspace/open/src/hotspot/share/classfile/systemDictionary.cpp, line 235]
Event: 3.337 Thread 0x000002731ddd2000 Exception <a 'java/lang/ClassNotFoundException'{0x000000008ac26fb0}: org/springframework/orm/jpa/JpaVendorAdapterCustomizer> (0x000000008ac26fb0) thrown at [t:/workspace/open/src/hotspot/share/classfile/systemDictionary.cpp, line 235]
Event: 3.343 Thread 0x000002731ddd2000 Exception <a 'java/lang/ClassNotFoundException'{0x000000008ac77da0}: java/lang/ObjectCustomizer> (0x000000008ac77da0) thrown at [t:/workspace/open/src/hotspot/share/classfile/systemDictionary.cpp, line 235]
Event: 3.344 Thread 0x000002731ddd2000 Exception <a 'java/lang/ClassNotFoundException'{0x000000008aca1ce8}: org/springframework/boot/orm/jpa/EntityManagerFactoryBuilderCustomizer> (0x000000008aca1ce8) thrown at [t:/workspace/open/src/hotspot/share/classfile/systemDictionary.cpp, line 235]
Event: 3.359 Thread 0x000002731ddd2000 Exception <a 'java/lang/ClassNotFoundException'{0x0000000086d08b98}: java/lang/ObjectCustomizer> (0x0000000086d08b98) thrown at [t:/workspace/open/src/hotspot/share/classfile/systemDictionary.cpp, line 235]
Event: 3.360 Thread 0x000002731ddd2000 Exception <a 'java/lang/ClassNotFoundException'{0x0000000086d32070}: org/springframework/orm/jpa/AbstractEntityManagerFactoryBeanCustomizer> (0x0000000086d32070) thrown at [t:/workspace/open/src/hotspot/share/classfile/systemDictionary.cpp, line 235]
Event: 3.361 Thread 0x000002731ddd2000 Exception <a 'java/lang/ClassNotFoundException'{0x0000000086d78c60}: org/springframework/orm/jpa/LocalContainerEntityManagerFactoryBeanCustomizer> (0x0000000086d78c60) thrown at [t:/workspace/open/src/hotspot/share/classfile/systemDictionary.cpp, line 235

Events (10 events):
Event: 3.360 loading class org/springframework/orm/jpa/LocalContainerEntityManagerFactoryBeanCustomizer done
Event: 3.360 loading class org/springframework/orm/jpa/LocalContainerEntityManagerFactoryBeanCustomizer
Event: 3.360 loading class org/springframework/orm/jpa/LocalContainerEntityManagerFactoryBeanCustomizer done
Event: 3.361 loading class org/springframework/orm/jpa/LocalContainerEntityManagerFactoryBeanCustomizer
Event: 3.361 loading class org/springframework/orm/jpa/LocalContainerEntityManagerFactoryBeanCustomizer done
Event: 3.362 loading class org/springframework/context/ResourceLoaderAwareCustomizer
Event: 3.362 loading class org/springframework/context/ResourceLoaderAwareCustomizer done
Event: 3.362 loading class org/springframework/context/ResourceLoaderAwareCustomizer
Event: 3.362 loading class org/springframework/context/ResourceLoaderAwareCustomizer done
Event: 3.362 Executing VM operation: G1Concurrent


Dynamic libraries:
0x00007ff7afb40000 - 0x00007ff7afb4d000 	C:\APPS\jdk-12.0.1\bin\javaw.exe
0x00007ff88da30000 - 0x00007ff88dc11000 	C:\WINDOWS\SYSTEM32\ntdll.dll
0x00007ff88d940000 - 0x00007ff88d9f1000 	C:\WINDOWS\System32\KERNEL32.DLL
0x00007ff889f50000 - 0x00007ff88a1c3000 	C:\WINDOWS\System32\KERNELBASE.dll
0x00007ff889e50000 - 0x00007ff889f48000 	C:\WINDOWS\System32\ucrtbase.dll
0x00007ff87f1d0000 - 0x00007ff87f1e7000 	C:\APPS\jdk-12.0.1\bin\jli.dll
0x00007ff88d690000 - 0x00007ff88d820000 	C:\WINDOWS\System32\USER32.dll
0x00007ff88a1d0000 - 0x00007ff88a1f0000 	C:\WINDOWS\System32\win32u.dll
0x00007ff88d910000 - 0x00007ff88d938000 	C:\WINDOWS\System32\GDI32.dll
0x00007ff88a9b0000 - 0x00007ff88ab41000 	C:\WINDOWS\System32\gdi32full.dll
0x00007ff88ad40000 - 0x00007ff88addf000 	C:\WINDOWS\System32\msvcp_win.dll
0x00007ff87f1b0000 - 0x00007ff87f1c6000 	C:\APPS\jdk-12.0.1\bin\VCRUNTIME140.dll
0x00007ff879340000 - 0x00007ff8795a9000 	C:\WINDOWS\WinSxS\amd64_microsoft.windows.common-controls_6595b64144ccf1df_6.0.17134.885_none_fb42a3473065565f\COMCTL32.dll
0x00007ff88cd90000 - 0x00007ff88ce2e000 	C:\WINDOWS\System32\msvcrt.dll
0x00007ff88d360000 - 0x00007ff88d682000 	C:\WINDOWS\System32\combase.dll
0x00007ff88b030000 - 0x00007ff88b154000 	C:\WINDOWS\System32\RPCRT4.dll
0x00007ff88ade0000 - 0x00007ff88ae59000 	C:\WINDOWS\System32\bcryptPrimitives.dll
0x00007ff88d820000 - 0x00007ff88d84d000 	C:\WINDOWS\System32\IMM32.DLL
0x00007ff8696f0000 - 0x00007ff86979a000 	C:\APPS\jdk-12.0.1\bin\msvcp140.dll
0x00007ff85aa80000 - 0x00007ff85b5f4000 	C:\APPS\jdk-12.0.1\bin\server\jvm.dll
0x00007ff88d860000 - 0x00007ff88d901000 	C:\WINDOWS\System32\ADVAPI32.dll
0x00007ff88ce30000 - 0x00007ff88ce8b000 	C:\WINDOWS\System32\sechost.dll
0x00007ff88b400000 - 0x00007ff88b408000 	C:\WINDOWS\System32\PSAPI.DLL
0x00007ff87a320000 - 0x00007ff87a329000 	C:\WINDOWS\SYSTEM32\WSOCK32.dll
0x00007ff887fc0000 - 0x00007ff887fe3000 	C:\WINDOWS\SYSTEM32\WINMM.dll
0x00007ff88cc40000 - 0x00007ff88ccac000 	C:\WINDOWS\System32\WS2_32.dll
0x00007ff87c830000 - 0x00007ff87c83a000 	C:\WINDOWS\SYSTEM32\VERSION.dll
0x00007ff887ea0000 - 0x00007ff887eca000 	C:\WINDOWS\SYSTEM32\WINMMBASE.dll
0x00007ff889e00000 - 0x00007ff889e49000 	C:\WINDOWS\System32\cfgmgr32.dll
0x00007ff889da0000 - 0x00007ff889db1000 	C:\WINDOWS\System32\kernel.appcore.dll
0x00007ff87ac60000 - 0x00007ff87ac71000 	C:\APPS\jdk-12.0.1\bin\verify.dll
0x00007ff87c8b0000 - 0x00007ff87ca79000 	C:\WINDOWS\SYSTEM32\DBGHELP.DLL
0x00007ff87c780000 - 0x00007ff87c7a9000 	C:\WINDOWS\SYSTEM32\dbgcore.DLL
0x00007ff87a3d0000 - 0x00007ff87a3f6000 	C:\APPS\jdk-12.0.1\bin\java.dll
0x00007ff876320000 - 0x00007ff876337000 	C:\APPS\jdk-12.0.1\bin\zip.dll
0x00007ff87b420000 - 0x00007ff87b42a000 	C:\APPS\jdk-12.0.1\bin\jimage.dll
0x00007ff88b7a0000 - 0x00007ff88cbe0000 	C:\WINDOWS\System32\SHELL32.dll
0x00007ff88b6f0000 - 0x00007ff88b799000 	C:\WINDOWS\System32\shcore.dll
0x00007ff88a1f0000 - 0x00007ff88a8fd000 	C:\WINDOWS\System32\windows.storage.dll
0x00007ff88ceb0000 - 0x00007ff88cf01000 	C:\WINDOWS\System32\shlwapi.dll
0x00007ff889de0000 - 0x00007ff889dff000 	C:\WINDOWS\System32\profapi.dll
0x00007ff889d50000 - 0x00007ff889d9c000 	C:\WINDOWS\System32\powrprof.dll
0x00007ff889d40000 - 0x00007ff889d4a000 	C:\WINDOWS\System32\FLTLIB.DLL
0x00007ff8747a0000 - 0x00007ff8747b9000 	C:\APPS\jdk-12.0.1\bin\net.dll
0x00007ff87a150000 - 0x00007ff87a319000 	C:\WINDOWS\SYSTEM32\urlmon.dll
0x00007ff885990000 - 0x00007ff885a6d000 	C:\WINDOWS\SYSTEM32\WINHTTP.dll
0x00007ff8796d0000 - 0x00007ff879976000 	C:\WINDOWS\SYSTEM32\iertutil.dll
0x00007ff889790000 - 0x00007ff88979b000 	C:\WINDOWS\SYSTEM32\CRYPTBASE.DLL
0x00007ff8895c0000 - 0x00007ff889626000 	C:\WINDOWS\system32\mswsock.dll
0x00007ff874780000 - 0x00007ff874793000 	C:\APPS\jdk-12.0.1\bin\nio.dll
0x00007ff871810000 - 0x00007ff871819000 	C:\APPS\jdk-12.0.1\bin\management.dll
0x00007ff871800000 - 0x00007ff87180c000 	C:\APPS\jdk-12.0.1\bin\management_ext.dll
0x00007ff87a3b0000 - 0x00007ff87a3c6000 	C:\WINDOWS\system32\napinsp.dll
0x00007ff87a390000 - 0x00007ff87a3aa000 	C:\WINDOWS\system32\pnrpnsp.dll
0x00007ff8866d0000 - 0x00007ff8866e9000 	C:\WINDOWS\system32\NLAapi.dll
0x00007ff889390000 - 0x00007ff88944e000 	C:\WINDOWS\SYSTEM32\DNSAPI.dll
0x00007ff88b250000 - 0x00007ff88b258000 	C:\WINDOWS\System32\NSI.dll
0x00007ff889350000 - 0x00007ff889388000 	C:\WINDOWS\SYSTEM32\IPHLPAPI.DLL
0x00007ff87a380000 - 0x00007ff87a38e000 	C:\WINDOWS\System32\winrnr.dll
0x00007ff884e30000 - 0x00007ff884e45000 	C:\WINDOWS\System32\wshbth.dll
0x00007ff8831e0000 - 0x00007ff8831ea000 	C:\Windows\System32\rasadhlp.dll
0x00007ff884830000 - 0x00007ff8848a2000 	C:\WINDOWS\System32\fwpuclnt.dll
0x00007ff8898a0000 - 0x00007ff8898c5000 	C:\WINDOWS\SYSTEM32\bcrypt.dll
0x00007ff889770000 - 0x00007ff889787000 	C:\WINDOWS\SYSTEM32\CRYPTSP.dll
0x00007ff8891b0000 - 0x00007ff8891e3000 	C:\WINDOWS\system32\rsaenh.dll
0x00007ff889c70000 - 0x00007ff889c98000 	C:\WINDOWS\SYSTEM32\USERENV.dll
0x00007ff884c50000 - 0x00007ff884c66000 	C:\WINDOWS\SYSTEM32\dhcpcsvc6.DLL
0x00007ff884c30000 - 0x00007ff884c4a000 	C:\WINDOWS\SYSTEM32\dhcpcsvc.DLL

dbghelp: loaded successfully - version: 4.0.5 - missing functions: none
symbol engine: initialized successfully - sym options: 0x614 - pdb path: .;C:\APPS\jdk-12.0.1\bin;C:\WINDOWS\SYSTEM32;C:\WINDOWS\WinSxS\amd64_microsoft.windows.common-controls_6595b64144ccf1df_6.0.17134.885_none_fb42a3473065565f;C:\APPS\jdk-12.0.1\bin\server

VM Arguments:
jvm_args: -Dcom.sun.management.jmxremote -Dcom.sun.management.jmxremote.port=49904 -Dcom.sun.management.jmxremote.authenticate=false -Dcom.sun.management.jmxremote.ssl=false -Djava.rmi.server.hostname=localhost -Dspring.jmx.enabled=true -Dspring.application.admin.enabled=true -Xverify:none -XX:TieredStopAtLevel=1 -Dfile.encoding=MS949 
java_command: com.wabu.d2project.D2project2Application --spring.output.ansi.enabled=always
java_class_path (initial): E:\workplace\project\d2project-2\bin\main;C:\Users\USER\.gradle\caches\modules-2\files-2.1\org.springframework.boot\spring-boot-starter-data-jpa\2.1.6.RELEASE\3d2ff857d0cece1fea905e89371b802c5f5b0041\spring-boot-starter-data-jpa-2.1.6.RELEASE.jar;C:\Users\USER\.gradle\caches\modules-2\files-2.1\org.springframework.boot\spring-boot-starter-data-rest\2.1.6.RELEASE\bf60ed8757219a1cc1043545d2c68dff4c0b7987\spring-boot-starter-data-rest-2.1.6.RELEASE.jar;C:\Users\USER\.gradle\caches\modules-2\files-2.1\org.springframework.boot\spring-boot-starter-freemarker\2.1.6.RELEASE\41e5703646066246e7a7924fc301975925b7dc4b\spring-boot-starter-freemarker-2.1.6.RELEASE.jar;C:\Users\USER\.gradle\caches\modules-2\files-2.1\org.springframework.boot\spring-boot-starter-groovy-templates\2.1.6.RELEASE\dece87bf8efd2ee9a63fde3f1fae816634f92c11\spring-boot-starter-groovy-templates-2.1.6.RELEASE.jar;C:\Users\USER\.gradle\caches\modules-2\files-2.1\org.springframework.boot\spring-boot-starter-hateoas\2.1.6.RELEASE\b2aa366d67cd20249d346ae62e0de92275e22493\spring-boot-starter-hateoas-2.1.6.RELEASE.jar;C:\Users\USER\.gradle\caches\modules-2\files-2.1\org.springframework.boot\spring-boot-starter-jdbc\2.1.6.RELEASE\8f9d678dad1c535377914c6ff3a4d470976a4de5\spring-boot-starter-jdbc-2.1.6.RELEASE.jar;C:\Users\USER\.gradle\caches\modules-2\files-2.1\org.springframework.boot\spring-boot-starter-jersey\2.1.6.RELEASE\99d8b2657d96a86c2a99def6818f8ceed928df6\spring-boot-starter-jersey-2.1.6.RELEASE.jar;C:\Users\USER\.gradle\caches\modules-2\files-2.1\org.springframework.boot\spring-boot-starter-mustache\2.1.6.RELEASE\7f318304f7a8b1d3dd848ccaa66be96d99bd914b\spring-boot-starter-mustache-2.1.6.RELEASE.jar;C:\Users\USER\.gradle\caches\modules-2\files-2.1\org.springframework.boot\spring-boot-starter-thymeleaf\2.1.6.RELEASE\9d007e15b0f6c48005d1808d1c1b7f38e952ba79\spring-boot-starter-thymeleaf-2.1.6.RELEASE.jar;C:\Users\USER\.gradle\caches\modules-2\files-2.1\org.springframework.boot\s
Launcher Type: SUN_STANDARD

[Global flags]
     bool BytecodeVerificationLocal                = false                                     {product} {command line}
     bool BytecodeVerificationRemote               = false                                     {product} {command line}
     intx CICompilerCount                          = 3                                         {product} {ergonomic}
     uint ConcGCThreads                            = 1                                         {product} {ergonomic}
     uint G1ConcRefinementThreads                  = 4                                         {product} {ergonomic}
   size_t G1HeapRegionSize                         = 1048576                                   {product} {ergonomic}
    uintx GCDrainStackTargetSize                   = 64                                        {product} {ergonomic}
   size_t InitialHeapSize                          = 134217728                                 {product} {ergonomic}
     bool ManagementServer                         = true                                      {product} {command line}
   size_t MarkStackSize                            = 4194304                                   {product} {ergonomic}
   size_t MaxHeapSize                              = 2126512128                                {product} {ergonomic}
   size_t MaxNewSize                               = 1275068416                                {product} {ergonomic}
   size_t MinHeapDeltaBytes                        = 1048576                                   {product} {ergonomic}
    uintx NonNMethodCodeHeapSize                   = 6973028                                {pd product} {ergonomic}
    uintx NonProfiledCodeHeapSize                  = 244685212                              {pd product} {ergonomic}
    uintx ProfiledCodeHeapSize                     = 0                                      {pd product} {ergonomic}
    uintx ReservedCodeCacheSize                    = 251658240                              {pd product} {ergonomic}
     bool SegmentedCodeCache                       = true                                      {product} {ergonomic}
     intx TieredStopAtLevel                        = 1                                         {product} {command line}
     bool UseCompressedClassPointers               = true                                 {lp64_product} {ergonomic}
     bool UseCompressedOops                        = true                                 {lp64_product} {ergonomic}
     bool UseG1GC                                  = true                                      {product} {ergonomic}
     bool UseLargePagesIndividualAllocation        = false                                  {pd product} {ergonomic}

Logging:
Log output configuration:
 #0: stdout all=warning uptime,level,tags
 #1: stderr all=off uptime,level,tags

Environment Variables:
CLASSPATH=C:\APPS\jdk-12.0.1\lib
PATH=C:/APPS/jdk 1.8/bin/server;C:/APPS/jdk 1.8/bin;C:/APPS/jdk 1.8/lib/amd64;C:\Program Files (x86)\Common Files\Oracle\Java\javapath;C:\APPS\oracle\product\11.2.0\dbhome_1\bin;C:\Program Files (x86)\Intel\iCLS Client\;C:\Program Files\Intel\iCLS Client\;C:\WINDOWS\system32;C:\WINDOWS;C:\WINDOWS\System32\Wbem;C:\WINDOWS\System32\WindowsPowerShell\v1.0\;C:\Program Files\Intel\WiFi\bin\;C:\Program Files\Common Files\Intel\WirelessCommon\;C:\Program Files (x86)\Intel\Intel(R) Management Engine Components\DAL;C:\Program Files\Intel\Intel(R) Management Engine Components\DAL;C:\Program Files (x86)\Intel\Intel(R) Management Engine Components\IPT;C:\Program Files\Intel\Intel(R) Management Engine Components\IPT;C:\APPS\apache-maven-3.6.1;\bin\;C:\APPS\jdk-12.0.1\bin\;C:\APPS\oracle instantclient\instantclient_18_5;C:\Program Files\MySQL\MySQL Shell 8.0\bin\;C:\WINDOWS\System32\OpenSSH\;C:\Program Files\PuTTY\;C:\Program Files\MySQL\MySQL Server 8.0\bin;C:\Program Files\MongoDB\Server\4.0\bin;C:\Program Files\MySQL\MySQL Shell 8.0\bin\;C:\APPS\sts-4.3.0.RELEASE;
USERNAME=USER
OS=Windows_NT
PROCESSOR_IDENTIFIER=Intel64 Family 6 Model 158 Stepping 9, GenuineIntel



---------------  S Y S T E M  ---------------

OS: Windows 10 , 64 bit Build 17134 (10.0.17134.753)

CPU:total 4 (initial active 4) (4 cores per cpu, 1 threads per core) family 6 model 158 stepping 9, cmov, cx8, fxsr, mmx, sse, sse2, sse3, ssse3, sse4.1, sse4.2, popcnt, avx, avx2, aes, clmul, erms, 3dnowpref, lzcnt, tsc, tscinvbit, bmi1, bmi2, adx, fma

Memory: 4k page, system-wide physical 8106M (4252M free)
TotalPageFile size 10282M (AvailPageFile size 6082M)
current process WorkingSet (physical memory assigned to process): 197M, peak: 197M
current process commit charge ("private bytes"): 235M, peak: 263M

vm_info: OpenJDK 64-Bit Server VM (12.0.1+12) for windows-amd64 JRE (12.0.1+12), built on Apr  2 2019 08:16:31 by "mach5one" with MS VC++ 15.5 (VS2017)

END.
