#
# A fatal error has been detected by the Java Runtime Environment:
#
#  EXCEPTION_ACCESS_VIOLATION (0xc0000005) at pc=0x00007fffef0b36ed, pid=6336, tid=11540
#
# JRE version: OpenJDK Runtime Environment (12.0.1+12) (build 12.0.1+12)
# Java VM: OpenJDK 64-Bit Server VM (12.0.1+12, mixed mode, sharing, tiered, compressed oops, g1 gc, windows-amd64)
# Problematic frame:
# V  [jvm.dll+0x6636ed]
#
# No core dump will be written. Minidumps are not enabled by default on client versions of Windows
#
# If you would like to submit a bug report, please visit:
#   http://bugreport.java.com/bugreport/crash.jsp
#

---------------  S U M M A R Y ------------

Command Line: -Dcom.sun.management.jmxremote -Dcom.sun.management.jmxremote.port=54368 -Dcom.sun.management.jmxremote.authenticate=false -Dcom.sun.management.jmxremote.ssl=false -Djava.rmi.server.hostname=localhost -Dspring.jmx.enabled=true -Dspring.application.admin.enabled=true -Xverify:none -XX:TieredStopAtLevel=1 -Dfile.encoding=MS949 com.wabu.d2project.D2projectApplication --spring.output.ansi.enabled=always

Host: Intel(R) Core(TM) i5-7400 CPU @ 3.00GHz, 4 cores, 7G,  Windows 10 , 64 bit Build 17134 (10.0.17134.753)
Time: Tue Jul  2 16:27:51 2019 ¢¥eCN©öI¡¾©ö C¡ÍA¨ª¨öA elapsed time: 3 seconds (0d 0h 0m 3s)

---------------  T H R E A D  ---------------

Current thread (0x00000257ee737800):  VMThread "VM Thread" [stack: 0x000000dbf2300000,0x000000dbf2400000] [id=11540]

Stack: [0x000000dbf2300000,0x000000dbf2400000],  sp=0x000000dbf23fee90,  free space=1019k
Native frames: (J=compiled Java code, j=interpreted, Vv=VM code, C=native code)
V  [jvm.dll+0x6636ed]
V  [jvm.dll+0x663c9a]
V  [jvm.dll+0x37ef39]
V  [jvm.dll+0x78d482]
V  [jvm.dll+0x78da8c]
V  [jvm.dll+0x7918e7]
V  [jvm.dll+0x792126]
V  [jvm.dll+0x792457]
V  [jvm.dll+0x748318]
V  [jvm.dll+0x638276]
C  [ucrtbase.dll+0x1e3fe]
C  [KERNEL32.DLL+0x14034]
C  [ntdll.dll+0x73691]


siginfo: EXCEPTION_ACCESS_VIOLATION (0xc0000005), reading address 0x0000000c00000013


Register to memory mapping:

RIP=0x00007fffef0b36ed jvm.dll
RAX=0x0000000000000001 is an unknown value
RBX=0x0000000c0000000b is an unknown value
RCX=0x00000257ce130000 points into unknown readable memory: 00 00 00 00 00 00 00 00
RDX=0x00000257ce130000 points into unknown readable memory: 00 00 00 00 00 00 00 00
RSP=0x000000dbf23fee90 points into unknown readable memory: cc 00 00 00 00 00 00 00
RBP=0x0 is NULL
RSI=0x0000000000000005 is an unknown value
RDI=0x00000257ef935160 points into unknown readable memory: 0b 00 00 00 0c 00 00 00
R8 =0x0000000000000002 is an unknown value
R9 =0x00000257ce0b1200 points into unknown readable memory: c0 0c 0b ce 57 02 00 00
R10=0x0 is NULL
R11=0x000000dbf23fed90 points into unknown readable memory: 68 51 73 ee 57 02 00 00
R12=0x00007fffef2a31d0 jvm.dll
R13=0x000000dbf1dfecb0 is pointing into the stack for thread: 0x00000257d02f2800
R14=0x00000257ee737800 points into unknown readable memory: 28 02 36 ef ff 7f 00 00
R15=0x00000257ee735168 points into unknown readable memory: 00 78 73 ee 57 02 00 00


Registers:
RAX=0x0000000000000001, RBX=0x0000000c0000000b, RCX=0x00000257ce130000, RDX=0x00000257ce130000
RSP=0x000000dbf23fee90, RBP=0x0000000000000000, RSI=0x0000000000000005, RDI=0x00000257ef935160
R8 =0x0000000000000002, R9 =0x00000257ce0b1200, R10=0x0000000000000000, R11=0x000000dbf23fed90
R12=0x00007fffef2a31d0, R13=0x000000dbf1dfecb0, R14=0x00000257ee737800, R15=0x00000257ee735168
RIP=0x00007fffef0b36ed, EFLAGS=0x0000000000010202

Top of Stack: (sp=0x000000dbf23fee90)
0x000000dbf23fee90:   00000000000000cc 00007fff00000000
0x000000dbf23feea0:   0000025700000000 0000000000000000
0x000000dbf23feeb0:   0000000000000010 00007fffef0b3c9a
0x000000dbf23feec0:   00000257ee737800 000000000000001f
0x000000dbf23feed0:   0000000000000005 000000dbf23fefd0
0x000000dbf23feee0:   0000000000000000 00007fffeedcef39
0x000000dbf23feef0:   000000dbf23fef90 0000000000000005
0x000000dbf23fef00:   0000000000000000 0000000000000005
0x000000dbf23fef10:   0000000000000010 00007fffef1dd482
0x000000dbf23fef20:   00000257ee737800 0000000000000005
0x000000dbf23fef30:   0000000000000005 0000000000000000
0x000000dbf23fef40:   0000025700000000 000000dbf23fef88
0x000000dbf23fef50:   0000000000000000 00000257ee737800
0x000000dbf23fef60:   00000257f22f63d0 00007fffef050100
0x000000dbf23fef70:   0000000000000000 00007fffef33a478
0x000000dbf23fef80:   0000000000000000 00007fff00000010 

Instructions: (pc=0x00007fffef0b36ed)
0x00007fffef0b36cd:   8b ce e8 ec 93 a5 ff 48 8b 3d fd 7b 44 00 48 8b
0x00007fffef0b36dd:   74 24 40 48 85 ff 74 39 48 8b 1f 48 85 db 74 29
0x00007fffef0b36ed:   48 83 7b 08 01 75 1a 48 8b 53 18 89 2b 48 85 d2
0x00007fffef0b36fd:   74 0f 39 6b 04 48 8b cb e8 06 ce d4 ff 48 89 6b 


Stack slot to memory mapping:
stack at sp + 0 slots: 0x00000000000000cc is an unknown value
stack at sp + 1 slots: 0x00007fff00000000 is an unknown value
stack at sp + 2 slots: 0x0000025700000000 is an unknown value
stack at sp + 3 slots: 0x0 is NULL
stack at sp + 4 slots: 0x0000000000000010 is an unknown value
stack at sp + 5 slots: 0x00007fffef0b3c9a jvm.dll
stack at sp + 6 slots: 0x00000257ee737800 points into unknown readable memory: 28 02 36 ef ff 7f 00 00
stack at sp + 7 slots: 0x000000000000001f is an unknown value

VM_Operation (0x000000dbf1dfecb0): Exit, mode: safepoint, requested by thread 0x00000257d02f2800


---------------  P R O C E S S  ---------------

Threads class SMR info:
_java_thread_list=0x00000257f22f63d0, length=16, elements={
0x00000257d02f2800, 0x00000257ee73b800, 0x00000257ee73f000, 0x00000257ee75f000,
0x00000257ee760000, 0x00000257ee763800, 0x00000257ee76e000, 0x00000257ef1a4800,
0x00000257ef1db800, 0x00000257ef94e000, 0x00000257ef93d000, 0x00000257ef98e000,
0x00000257f03ea800, 0x00000257f03eb000, 0x00000257f04ad800, 0x00000257f04ed800
}

Java Threads: ( => current thread )
  0x00000257d02f2800 JavaThread "main" [_thread_blocked, id=3268, stack(0x000000dbf1d00000,0x000000dbf1e00000)]
  0x00000257ee73b800 JavaThread "Reference Handler" daemon [_thread_blocked, id=7404, stack(0x000000dbf2400000,0x000000dbf2500000)]
  0x00000257ee73f000 JavaThread "Finalizer" daemon [_thread_blocked, id=10376, stack(0x000000dbf2500000,0x000000dbf2600000)]
  0x00000257ee75f000 JavaThread "Signal Dispatcher" daemon [_thread_blocked, id=11036, stack(0x000000dbf2600000,0x000000dbf2700000)]
  0x00000257ee760000 JavaThread "Attach Listener" daemon [_thread_blocked, id=2688, stack(0x000000dbf2700000,0x000000dbf2800000)]
  0x00000257ee763800 JavaThread "C1 CompilerThread0" daemon [_thread_blocked, id=10408, stack(0x000000dbf2800000,0x000000dbf2900000)]
  0x00000257ee76e000 JavaThread "Sweeper thread" daemon [_thread_blocked, id=10328, stack(0x000000dbf2900000,0x000000dbf2a00000)]
  0x00000257ef1a4800 JavaThread "Common-Cleaner" daemon [_thread_blocked, id=10232, stack(0x000000dbf2a00000,0x000000dbf2b00000)]
  0x00000257ef1db800 JavaThread "Service Thread" daemon [_thread_blocked, id=524, stack(0x000000dbf2b00000,0x000000dbf2c00000)]
  0x00000257ef94e000 JavaThread "RMI TCP Accept-0" daemon [_thread_in_native, id=7184, stack(0x000000dbf2d00000,0x000000dbf2e00000)]
  0x00000257ef93d000 JavaThread "RMI TCP Accept-54368" daemon [_thread_in_native, id=6204, stack(0x000000dbf2e00000,0x000000dbf2f00000)]
  0x00000257ef98e000 JavaThread "RMI TCP Accept-0" daemon [_thread_in_native, id=11240, stack(0x000000dbf3200000,0x000000dbf3300000)]
  0x00000257f03ea800 JavaThread "RMI TCP Connection(1)-127.0.0.1" daemon [_thread_in_native, id=2100, stack(0x000000dbf3700000,0x000000dbf3800000)]
  0x00000257f03eb000 JavaThread "RMI Scheduler(0)" daemon [_thread_blocked, id=7216, stack(0x000000dbf3800000,0x000000dbf3900000)]
  0x00000257f04ad800 JavaThread "RMI TCP Connection(2)-127.0.0.1" daemon [_thread_in_native, id=9820, stack(0x000000dbf3900000,0x000000dbf3a00000)]
  0x00000257f04ed800 JavaThread "JMX server connection timeout 23" daemon [_thread_blocked, id=7444, stack(0x000000dbf3a00000,0x000000dbf3b00000)]

Other Threads:
=>0x00000257ee737800 VMThread "VM Thread" [stack: 0x000000dbf2300000,0x000000dbf2400000] [id=11540]
  0x00000257d0331800 GCTaskThread "GC Thread#0" [stack: 0x000000dbf1e00000,0x000000dbf1f00000] [id=9992]
  0x00000257ef94f000 GCTaskThread "GC Thread#1" [stack: 0x000000dbf2f00000,0x000000dbf3000000] [id=8372]
  0x00000257ef94f800 GCTaskThread "GC Thread#2" [stack: 0x000000dbf3000000,0x000000dbf3100000] [id=8164]
  0x00000257f040a800 GCTaskThread "GC Thread#3" [stack: 0x000000dbf3b00000,0x000000dbf3c00000] [id=3504]
  0x00000257d033f000 ConcurrentGCThread "G1 Main Marker" [stack: 0x000000dbf1f00000,0x000000dbf2000000] [id=6704]
  0x00000257d0342000 ConcurrentGCThread "G1 Conc#0" [stack: 0x000000dbf2000000,0x000000dbf2100000] [id=9756]
  0x00000257ee5b3800 ConcurrentGCThread "G1 Refine#0" [stack: 0x000000dbf2100000,0x000000dbf2200000] [id=14024]
  0x00000257ef221800 ConcurrentGCThread "G1 Refine#1" [stack: 0x000000dbf3100000,0x000000dbf3200000] [id=5256]
  0x00000257ee5b5800 ConcurrentGCThread "G1 Young RemSet Sampling" [stack: 0x000000dbf2200000,0x000000dbf2300000] [id=2760]

Threads with active compile tasks:

VM state:at safepoint (shutting down)

VM Mutex/Monitor currently owned by a thread:  ([mutex/lock_event])
[0x00000257d02ee670] Threads_lock - owner thread: 0x00000257ee737800

Heap address: 0x0000000081400000, size: 2028 MB, Compressed Oops mode: 32-bit
Narrow klass base: 0x0000000800000000, Narrow klass shift: 3
Compressed class space size: 1073741824 Address: 0x00000008011a0000

Heap:
 garbage-first heap   total 70656K, used 33386K [0x0000000081400000, 0x0000000100000000)
  region size 1024K, 12 young (12288K), 4 survivors (4096K)
 Metaspace       used 33704K, capacity 35280K, committed 35328K, reserved 1079296K
  class space    used 4532K, capacity 5092K, committed 5120K, reserved 1048576K
Heap Regions: E=young(eden), S=young(survivor), O=old, HS=humongous(starts), HC=humongous(continues), CS=collection set, F=free, A=archive, TAMS=top-at-mark-start (previous, next)
|   0|0x0000000081400000, 0x0000000081500000, 0x0000000081500000|100%| O|  |TAMS 0x0000000081500000, 0x0000000081400000| Untracked 
|   1|0x0000000081500000, 0x0000000081600000, 0x0000000081600000|100%| O|  |TAMS 0x0000000081600000, 0x0000000081500000| Untracked 
|   2|0x0000000081600000, 0x0000000081700000, 0x0000000081700000|100%| O|  |TAMS 0x0000000081700000, 0x0000000081600000| Untracked 
|   3|0x0000000081700000, 0x0000000081800000, 0x0000000081800000|100%| O|  |TAMS 0x0000000081800000, 0x0000000081700000| Untracked 
|   4|0x0000000081800000, 0x0000000081900000, 0x0000000081900000|100%| O|  |TAMS 0x0000000081900000, 0x0000000081800000| Untracked 
|   5|0x0000000081900000, 0x0000000081a00000, 0x0000000081a00000|100%| O|  |TAMS 0x0000000081a00000, 0x0000000081900000| Untracked 
|   6|0x0000000081a00000, 0x0000000081b00000, 0x0000000081b00000|100%| O|  |TAMS 0x0000000081addc00, 0x0000000081a00000| Untracked 
|   7|0x0000000081b00000, 0x0000000081c00000, 0x0000000081c00000|100%| O|  |TAMS 0x0000000081b00000, 0x0000000081b00000| Untracked 
|   8|0x0000000081c00000, 0x0000000081d00000, 0x0000000081d00000|100%| O|  |TAMS 0x0000000081c00000, 0x0000000081c00000| Untracked 
|   9|0x0000000081d00000, 0x0000000081e00000, 0x0000000081e00000|100%| O|  |TAMS 0x0000000081d00000, 0x0000000081d00000| Untracked 
|  10|0x0000000081e00000, 0x0000000081e14600, 0x0000000081f00000|  7%| O|  |TAMS 0x0000000081e00000, 0x0000000081e00000| Untracked 
|  11|0x0000000081f00000, 0x0000000082000000, 0x0000000082000000|100%| O|  |TAMS 0x0000000081f00000, 0x0000000081f00000| Untracked 
|  12|0x0000000082000000, 0x0000000082100000, 0x0000000082100000|100%| O|  |TAMS 0x0000000082000000, 0x0000000082000000| Untracked 
|  13|0x0000000082100000, 0x0000000082200000, 0x0000000082200000|100%| O|  |TAMS 0x0000000082100000, 0x0000000082100000| Untracked 
|  14|0x0000000082200000, 0x0000000082300000, 0x0000000082300000|100%| O|  |TAMS 0x0000000082200000, 0x0000000082200000| Untracked 
|  15|0x0000000082300000, 0x0000000082400000, 0x0000000082400000|100%| O|  |TAMS 0x0000000082300000, 0x0000000082300000| Untracked 
|  16|0x0000000082400000, 0x0000000082500000, 0x0000000082500000|100%| O|  |TAMS 0x0000000082400000, 0x0000000082400000| Untracked 
|  17|0x0000000082500000, 0x0000000082600000, 0x0000000082600000|100%| O|  |TAMS 0x0000000082500000, 0x0000000082500000| Untracked 
|  18|0x0000000082600000, 0x0000000082700000, 0x0000000082700000|100%| O|  |TAMS 0x0000000082600000, 0x0000000082600000| Untracked 
|  19|0x0000000082700000, 0x0000000082800000, 0x0000000082800000|100%| O|  |TAMS 0x0000000082700000, 0x0000000082700000| Untracked 
|  20|0x0000000082800000, 0x0000000082900000, 0x0000000082900000|100%| O|  |TAMS 0x0000000082800000, 0x0000000082800000| Untracked 
|  21|0x0000000082900000, 0x0000000082a00000, 0x0000000082a00000|100%| O|  |TAMS 0x0000000082900000, 0x0000000082900000| Untracked 
|  22|0x0000000082a00000, 0x0000000082a8c200, 0x0000000082b00000| 54%| O|  |TAMS 0x0000000082a00000, 0x0000000082a00000| Untracked 
|  23|0x0000000082b00000, 0x0000000082b00000, 0x0000000082c00000|  0%| F|  |TAMS 0x0000000082b00000, 0x0000000082b00000| Untracked 
|  24|0x0000000082c00000, 0x0000000082c00000, 0x0000000082d00000|  0%| F|  |TAMS 0x0000000082c00000, 0x0000000082c00000| Untracked 
|  25|0x0000000082d00000, 0x0000000082d00000, 0x0000000082e00000|  0%| F|  |TAMS 0x0000000082d00000, 0x0000000082d00000| Untracked 
|  26|0x0000000082e00000, 0x0000000082e00000, 0x0000000082f00000|  0%| F|  |TAMS 0x0000000082e00000, 0x0000000082e00000| Untracked 
|  27|0x0000000082f00000, 0x0000000082f00000, 0x0000000083000000|  0%| F|  |TAMS 0x0000000082f00000, 0x0000000082f00000| Untracked 
|  28|0x0000000083000000, 0x0000000083000000, 0x0000000083100000|  0%| F|  |TAMS 0x0000000083000000, 0x0000000083000000| Untracked 
|  29|0x0000000083100000, 0x0000000083100000, 0x0000000083200000|  0%| F|  |TAMS 0x0000000083100000, 0x0000000083100000| Untracked 
|  30|0x0000000083200000, 0x0000000083200000, 0x0000000083300000|  0%| F|  |TAMS 0x0000000083200000, 0x0000000083200000| Untracked 
|  31|0x0000000083300000, 0x0000000083300000, 0x0000000083400000|  0%| F|  |TAMS 0x0000000083300000, 0x0000000083300000| Untracked 
|  32|0x0000000083400000, 0x00000000834fa320, 0x0000000083500000| 97%| S|CS|TAMS 0x0000000083400000, 0x0000000083400000| Complete 
|  33|0x0000000083500000, 0x0000000083600000, 0x0000000083600000|100%| S|CS|TAMS 0x0000000083500000, 0x0000000083500000| Complete 
|  34|0x0000000083600000, 0x0000000083700000, 0x0000000083700000|100%| S|CS|TAMS 0x0000000083600000, 0x0000000083600000| Complete 
|  35|0x0000000083700000, 0x0000000083800000, 0x0000000083800000|100%| S|CS|TAMS 0x0000000083700000, 0x0000000083700000| Complete 
|  36|0x0000000083800000, 0x0000000083800000, 0x0000000083900000|  0%| F|  |TAMS 0x0000000083800000, 0x0000000083800000| Untracked 
|  37|0x0000000083900000, 0x0000000083900000, 0x0000000083a00000|  0%| F|  |TAMS 0x0000000083900000, 0x0000000083900000| Untracked 
|  38|0x0000000083a00000, 0x0000000083a00000, 0x0000000083b00000|  0%| F|  |TAMS 0x0000000083a00000, 0x0000000083a00000| Untracked 
|  39|0x0000000083b00000, 0x0000000083b00000, 0x0000000083c00000|  0%| F|  |TAMS 0x0000000083b00000, 0x0000000083b00000| Untracked 
|  40|0x0000000083c00000, 0x0000000083c00000, 0x0000000083d00000|  0%| F|  |TAMS 0x0000000083c00000, 0x0000000083c00000| Untracked 
|  41|0x0000000083d00000, 0x0000000083d00000, 0x0000000083e00000|  0%| F|  |TAMS 0x0000000083d00000, 0x0000000083d00000| Untracked 
|  42|0x0000000083e00000, 0x0000000083e00000, 0x0000000083f00000|  0%| F|  |TAMS 0x0000000083e00000, 0x0000000083e00000| Untracked 
|  43|0x0000000083f00000, 0x0000000083f00000, 0x0000000084000000|  0%| F|  |TAMS 0x0000000083f00000, 0x0000000083f00000| Untracked 
|  44|0x0000000084000000, 0x0000000084000000, 0x0000000084100000|  0%| F|  |TAMS 0x0000000084000000, 0x0000000084000000| Untracked 
|  45|0x0000000084100000, 0x0000000084100000, 0x0000000084200000|  0%| F|  |TAMS 0x0000000084100000, 0x0000000084100000| Untracked 
|  46|0x0000000084200000, 0x0000000084200000, 0x0000000084300000|  0%| F|  |TAMS 0x0000000084200000, 0x0000000084200000| Untracked 
|  47|0x0000000084300000, 0x0000000084300000, 0x0000000084400000|  0%| F|  |TAMS 0x0000000084300000, 0x0000000084300000| Untracked 
|  48|0x0000000084400000, 0x0000000084400000, 0x0000000084500000|  0%| F|  |TAMS 0x0000000084400000, 0x0000000084400000| Untracked 
|  49|0x0000000084500000, 0x0000000084500000, 0x0000000084600000|  0%| F|  |TAMS 0x0000000084500000, 0x0000000084500000| Untracked 
|  50|0x0000000084600000, 0x0000000084600000, 0x0000000084700000|  0%| F|  |TAMS 0x0000000084600000, 0x0000000084600000| Untracked 
|  51|0x0000000084700000, 0x0000000084700000, 0x0000000084800000|  0%| F|  |TAMS 0x0000000084700000, 0x0000000084700000| Untracked 
|  52|0x0000000084800000, 0x0000000084800000, 0x0000000084900000|  0%| F|  |TAMS 0x0000000084800000, 0x0000000084800000| Untracked 
|  53|0x0000000084900000, 0x0000000084900000, 0x0000000084a00000|  0%| F|  |TAMS 0x0000000084900000, 0x0000000084900000| Untracked 
|  54|0x0000000084a00000, 0x0000000084a00000, 0x0000000084b00000|  0%| F|  |TAMS 0x0000000084a00000, 0x0000000084a00000| Untracked 
|  55|0x0000000084b00000, 0x0000000084b00000, 0x0000000084c00000|  0%| F|  |TAMS 0x0000000084b00000, 0x0000000084b00000| Untracked 
|  56|0x0000000084c00000, 0x0000000084c00000, 0x0000000084d00000|  0%| F|  |TAMS 0x0000000084c00000, 0x0000000084c00000| Untracked 
|  57|0x0000000084d00000, 0x0000000084d00000, 0x0000000084e00000|  0%| F|  |TAMS 0x0000000084d00000, 0x0000000084d00000| Untracked 
|  58|0x0000000084e00000, 0x0000000084e00000, 0x0000000084f00000|  0%| F|  |TAMS 0x0000000084e00000, 0x0000000084e00000| Untracked 
|  59|0x0000000084f00000, 0x0000000084f00000, 0x0000000085000000|  0%| F|  |TAMS 0x0000000084f00000, 0x0000000084f00000| Untracked 
|  60|0x0000000085000000, 0x0000000085000000, 0x0000000085100000|  0%| F|  |TAMS 0x0000000085000000, 0x0000000085000000| Untracked 
|  61|0x0000000085100000, 0x00000000851ab090, 0x0000000085200000| 66%| E|  |TAMS 0x0000000085100000, 0x0000000085100000| Complete 
|  62|0x0000000085200000, 0x0000000085300000, 0x0000000085300000|100%| E|CS|TAMS 0x0000000085200000, 0x0000000085200000| Complete 
| 103|0x0000000087b00000, 0x0000000087c00000, 0x0000000087c00000|100%| E|CS|TAMS 0x0000000087b00000, 0x0000000087b00000| Complete 
| 104|0x0000000087c00000, 0x0000000087d00000, 0x0000000087d00000|100%| E|CS|TAMS 0x0000000087c00000, 0x0000000087c00000| Complete 
| 105|0x0000000087d00000, 0x0000000087e00000, 0x0000000087e00000|100%| E|CS|TAMS 0x0000000087d00000, 0x0000000087d00000| Complete 
| 106|0x0000000087e00000, 0x0000000087f00000, 0x0000000087f00000|100%| E|CS|TAMS 0x0000000087e00000, 0x0000000087e00000| Complete 
| 107|0x0000000087f00000, 0x0000000088000000, 0x0000000088000000|100%| E|CS|TAMS 0x0000000087f00000, 0x0000000087f00000| Complete 
| 153|0x000000008ad00000, 0x000000008ae00000, 0x000000008ae00000|100%| E|CS|TAMS 0x000000008ad00000, 0x000000008ad00000| Complete 

Card table byte_map: [0x00000257e7ae0000,0x00000257e7ee0000] _byte_map_base: 0x00000257e76d6000

Marking Bits (Prev, Next): (CMBitMap*) 0x00000257d03324c8, (CMBitMap*) 0x00000257d0332488
 Prev Bits: [0x00000257ea290000, 0x00000257ec240000)
 Next Bits: [0x00000257e82e0000, 0x00000257ea290000)

Polling page: 0x00000257ce110000

Metaspace:

Usage:
  Non-class:     29.48 MB capacity,    28.49 MB ( 97%) used,   875.42 KB (  3%) free+waste,   140.38 KB ( <1%) overhead. 
      Class:      4.97 MB capacity,     4.43 MB ( 89%) used,   489.13 KB ( 10%) free+waste,    70.44 KB (  1%) overhead. 
       Both:     34.45 MB capacity,    32.91 MB ( 96%) used,     1.33 MB (  4%) free+waste,   210.81 KB ( <1%) overhead. 

Virtual space:
  Non-class space:       30.00 MB reserved,      29.50 MB ( 98%) committed 
      Class space:        1.00 GB reserved,       5.00 MB ( <1%) committed 
             Both:        1.03 GB reserved,      34.50 MB (  3%) committed 

Chunk freelists:
   Non-Class:  2.50 KB
       Class:  3.50 KB
        Both:  6.00 KB

CodeHeap 'non-profiled nmethods': size=238912Kb used=8334Kb max_used=8334Kb free=230577Kb
 bounds [0x00000257d8d90000, 0x00000257d95c0000, 0x00000257e76e0000]
CodeHeap 'non-nmethods': size=6848Kb used=1183Kb max_used=1183Kb free=5665Kb
 bounds [0x00000257d86e0000, 0x00000257d8950000, 0x00000257d8d90000]
 total_blobs=5113 nmethods=4567 adapters=434
 compilation: enabled
              stopped_count=0, restarted_count=0
 full_count=0

Compilation events (10 events):
Event: 3.137 Thread 0x00000257ee763800 4585       1       org.springframework.boot.autoconfigure.condition.ConditionEvaluationReport$ConditionAndOutcome::getOutcome (5 bytes)
Event: 3.137 Thread 0x00000257ee763800 nmethod 4585 0x00000257d95b1f10 code [0x00000257d95b20c0, 0x00000257d95b21f8]
Event: 3.138 Thread 0x00000257ee763800 4586       1       java.util.TreeMap::forEach (58 bytes)
Event: 3.138 Thread 0x00000257ee763800 nmethod 4586 0x00000257d95b2290 code [0x00000257d95b2480, 0x00000257d95b27c0]
Event: 3.138 Thread 0x00000257ee763800 4587       1       java.util.regex.Matcher::getTextLength (10 bytes)
Event: 3.138 Thread 0x00000257ee763800 nmethod 4587 0x00000257d95b2a10 code [0x00000257d95b2bc0, 0x00000257d95b2d30]
Event: 3.138 Thread 0x00000257ee763800 4588       1       ch.qos.logback.core.pattern.FormattingConverter::write (154 bytes)
Event: 3.139 Thread 0x00000257ee763800 nmethod 4588 0x00000257d95b2d90 code [0x00000257d95b3000, 0x00000257d95b34c0]
Event: 3.145 Thread 0x00000257ee763800 4589       1       java.lang.StackTraceElement::getClassName (5 bytes)
Event: 3.145 Thread 0x00000257ee763800 nmethod 4589 0x00000257d95b3810 code [0x00000257d95b39c0, 0x00000257d95b3af8]

GC Heap History (10 events):
Event: 2.337 GC heap before
{Heap before GC invocations=9 (full 0):
 garbage-first heap   total 58368K, used 43454K [0x0000000081400000, 0x0000000100000000)
  region size 1024K, 27 young (27648K), 3 survivors (3072K)
 Metaspace       used 28061K, capacity 29101K, committed 29184K, reserved 1075200K
  class space    used 3729K, capacity 4090K, committed 4096K, reserved 1048576K
}
Event: 2.340 GC heap after
{Heap after GC invocations=10 (full 0):
 garbage-first heap   total 70656K, used 20145K [0x0000000081400000, 0x0000000100000000)
  region size 1024K, 3 young (3072K), 3 survivors (3072K)
 Metaspace       used 28061K, capacity 29101K, committed 29184K, reserved 1075200K
  class space    used 3729K, capacity 4090K, committed 4096K, reserved 1048576K
}
Event: 2.535 GC heap before
{Heap before GC invocations=10 (full 0):
 garbage-first heap   total 70656K, used 49841K [0x0000000081400000, 0x0000000100000000)
  region size 1024K, 32 young (32768K), 3 survivors (3072K)
 Metaspace       used 28720K, capacity 29796K, committed 30080K, reserved 1075200K
  class space    used 3798K, capacity 4170K, committed 4224K, reserved 1048576K
}
Event: 2.538 GC heap after
{Heap after GC invocations=11 (full 0):
 garbage-first heap   total 70656K, used 21092K [0x0000000081400000, 0x0000000100000000)
  region size 1024K, 3 young (3072K), 3 survivors (3072K)
 Metaspace       used 28720K, capacity 29796K, committed 30080K, reserved 1075200K
  class space    used 3798K, capacity 4170K, committed 4224K, reserved 1048576K
}
Event: 2.748 GC heap before
{Heap before GC invocations=11 (full 0):
 garbage-first heap   total 70656K, used 51812K [0x0000000081400000, 0x0000000100000000)
  region size 1024K, 33 young (33792K), 3 survivors (3072K)
 Metaspace       used 30667K, capacity 32007K, committed 32256K, reserved 1077248K
  class space    used 4064K, capacity 4492K, committed 4608K, reserved 1048576K
}
Event: 2.750 GC heap after
{Heap after GC invocations=12 (full 0):
 garbage-first heap   total 70656K, used 22314K [0x0000000081400000, 0x0000000100000000)
  region size 1024K, 4 young (4096K), 4 survivors (4096K)
 Metaspace       used 30667K, capacity 32007K, committed 32256K, reserved 1077248K
  class space    used 4064K, capacity 4492K, committed 4608K, reserved 1048576K
}
Event: 2.926 GC heap before
{Heap before GC invocations=12 (full 0):
 garbage-first heap   total 70656K, used 53034K [0x0000000081400000, 0x0000000100000000)
  region size 1024K, 34 young (34816K), 4 survivors (4096K)
 Metaspace       used 32020K, capacity 33358K, committed 33536K, reserved 1077248K
  class space    used 4284K, capacity 4757K, committed 4864K, reserved 1048576K
}
Event: 2.930 GC heap after
{Heap after GC invocations=13 (full 0):
 garbage-first heap   total 70656K, used 24093K [0x0000000081400000, 0x0000000100000000)
  region size 1024K, 4 young (4096K), 4 survivors (4096K)
 Metaspace       used 32020K, capacity 33358K, committed 33536K, reserved 1077248K
  class space    used 4284K, capacity 4757K, committed 4864K, reserved 1048576K
}
Event: 3.084 GC heap before
{Heap before GC invocations=13 (full 0):
 garbage-first heap   total 70656K, used 54813K [0x0000000081400000, 0x0000000100000000)
  region size 1024K, 34 young (34816K), 4 survivors (4096K)
 Metaspace       used 33360K, capacity 34783K, committed 34944K, reserved 1079296K
  class space    used 4476K, capacity 4975K, committed 4992K, reserved 1048576K
}
Event: 3.088 GC heap after
{Heap after GC invocations=14 (full 0):
 garbage-first heap   total 70656K, used 26218K [0x0000000081400000, 0x0000000100000000)
  region size 1024K, 4 young (4096K), 4 survivors (4096K)
 Metaspace       used 33360K, capacity 34783K, committed 34944K, reserved 1079296K
  class space    used 4476K, capacity 4975K, committed 4992K, reserved 1048576K
}

Deoptimization events (0 events):
No events

Classes redefined (0 events):
No events

Internal exceptions (10 events):
Event: 3.111 Thread 0x00000257f0198000 Exception <a 'java/lang/ClassNotFoundException'{0x0000000087c0c0a8}: org/springframework/beans/factory/AwareCustomizer> (0x0000000087c0c0a8) thrown at [t:/workspace/open/src/hotspot/share/classfile/systemDictionary.cpp, line 235]
Event: 3.113 Thread 0x00000257f0198000 Exception <a 'java/lang/NoClassDefFoundError'{0x0000000087c5bca8}: de/flapdoodle/embed/mongo/MongodStarter> (0x0000000087c5bca8) thrown at [t:/workspace/open/src/hotspot/share/classfile/systemDictionary.cpp, line 224]
Event: 3.113 Thread 0x00000257f0198000 Exception <a 'java/lang/reflect/InvocationTargetException'{0x0000000087c5d808}> (0x0000000087c5d808) thrown at [t:/workspace/open/src/hotspot/share/runtime/reflection.cpp, line 1183]
Event: 3.114 Thread 0x00000257f0198000 Exception <a 'java/lang/NoSuchMethodError'{0x0000000087c6db58}: java.lang.invoke.DirectMethodHandle$Holder.invokeInterface(Ljava/lang/Object;Ljava/lang/Object;)V> (0x0000000087c6db58) thrown at [t:/workspace/open/src/hotspot/share/interpreter/linkResolver
Event: 3.120 Thread 0x00000257f0198000 Exception <a 'java/lang/NoSuchMethodError'{0x0000000087cb6ec0}: <clinit>> (0x0000000087cb6ec0) thrown at [t:/workspace/open/src/hotspot/share/prims/jni.cpp, line 1362]
Event: 3.120 Thread 0x00000257f0198000 Exception <a 'java/lang/NoSuchMethodError'{0x0000000087cbacd8}: <clinit>> (0x0000000087cbacd8) thrown at [t:/workspace/open/src/hotspot/share/prims/jni.cpp, line 1362]
Event: 3.121 Thread 0x00000257f0198000 Exception <a 'java/lang/NoSuchMethodError'{0x0000000087cc63c8}: <clinit>> (0x0000000087cc63c8) thrown at [t:/workspace/open/src/hotspot/share/prims/jni.cpp, line 1362]
Event: 3.132 Thread 0x00000257f0d23800 Exception <a 'java/lang/InterruptedException'{0x0000000087b80840}: sleep interrupted> (0x0000000087b80840) thrown at [t:/workspace/open/src/hotspot/share/prims/jvm.cpp, line 3005]
Event: 3.144 Thread 0x00000257f0198000 Exception <a 'java/lang/NoClassDefFoundError'{0x0000000085275c28}: sun/reflect/Reflection> (0x0000000085275c28) thrown at [t:/workspace/open/src/hotspot/share/classfile/systemDictionary.cpp, line 224]
Event: 3.146 Thread 0x00000257f0198000 Exception <a 'java/lang/reflect/InvocationTargetException'{0x00000000852c1ff8}> (0x00000000852c1ff8) thrown at [t:/workspace/open/src/hotspot/share/runtime/reflection.cpp, line 1183]

Events (10 events):
Event: 3.147 loading class java/security/cert/URICertStoreParameters
Event: 3.147 loading class java/security/cert/CertStoreParameters
Event: 3.147 loading class java/security/cert/CertStoreParameters done
Event: 3.147 loading class java/security/cert/URICertStoreParameters done
Event: 3.147 Thread 0x00000257f0197800 Thread exited: 0x00000257f0197800
Event: 3.147 loading class org/springframework/boot/devtools/restart/SilentExitExceptionHandler$SilentExitException
Event: 3.147 loading class org/springframework/boot/devtools/restart/SilentExitExceptionHandler$SilentExitException done
Event: 3.147 Thread 0x00000257f0d28000 Thread added: 0x00000257f0d28000
Event: 3.148 Thread 0x00000257f0d28000 Thread exited: 0x00000257f0d28000
Event: 3.148 Executing VM operation: Exit


Dynamic libraries:
0x00007ff7b11b0000 - 0x00007ff7b11bd000 	C:\APPS\jdk-12.0.1\bin\javaw.exe
0x00007ff84a140000 - 0x00007ff84a321000 	C:\WINDOWS\SYSTEM32\ntdll.dll
0x00007ff848c10000 - 0x00007ff848cc1000 	C:\WINDOWS\System32\KERNEL32.DLL
0x00007ff847330000 - 0x00007ff8475a3000 	C:\WINDOWS\System32\KERNELBASE.dll
0x00007ff847180000 - 0x00007ff847278000 	C:\WINDOWS\System32\ucrtbase.dll
0x00007ff825e40000 - 0x00007ff825e57000 	C:\APPS\jdk-12.0.1\bin\jli.dll
0x00007ff847e40000 - 0x00007ff847fd0000 	C:\WINDOWS\System32\USER32.dll
0x00007ff8475b0000 - 0x00007ff8475d0000 	C:\WINDOWS\System32\win32u.dll
0x00007ff8475d0000 - 0x00007ff8475f8000 	C:\WINDOWS\System32\GDI32.dll
0x00007ff8465c0000 - 0x00007ff846751000 	C:\WINDOWS\System32\gdi32full.dll
0x00007ff8470e0000 - 0x00007ff84717f000 	C:\WINDOWS\System32\msvcp_win.dll
0x00007ff824d00000 - 0x00007ff824d16000 	C:\APPS\jdk-12.0.1\bin\VCRUNTIME140.dll
0x00007ff835a60000 - 0x00007ff835cc9000 	C:\WINDOWS\WinSxS\amd64_microsoft.windows.common-controls_6595b64144ccf1df_6.0.17134.829_none_fb46a5473061b9d5\COMCTL32.dll
0x00007ff8485e0000 - 0x00007ff84867e000 	C:\WINDOWS\System32\msvcrt.dll
0x00007ff848070000 - 0x00007ff848392000 	C:\WINDOWS\System32\combase.dll
0x00007ff847a30000 - 0x00007ff847b54000 	C:\WINDOWS\System32\RPCRT4.dll
0x00007ff847060000 - 0x00007ff8470da000 	C:\WINDOWS\System32\bcryptPrimitives.dll
0x00007ff847ce0000 - 0x00007ff847d0d000 	C:\WINDOWS\System32\IMM32.DLL
0x00007ff80ea10000 - 0x00007ff80eaba000 	C:\APPS\jdk-12.0.1\bin\msvcp140.dll
0x00007fffeea50000 - 0x00007fffef5c4000 	C:\APPS\jdk-12.0.1\bin\server\jvm.dll
0x00007ff847d90000 - 0x00007ff847e31000 	C:\WINDOWS\System32\ADVAPI32.dll
0x00007ff8486e0000 - 0x00007ff84873b000 	C:\WINDOWS\System32\sechost.dll
0x00007ff848b90000 - 0x00007ff848b98000 	C:\WINDOWS\System32\PSAPI.DLL
0x00007ff833e40000 - 0x00007ff833e49000 	C:\WINDOWS\SYSTEM32\WSOCK32.dll
0x00007ff848540000 - 0x00007ff8485ac000 	C:\WINDOWS\System32\WS2_32.dll
0x00007ff844440000 - 0x00007ff844463000 	C:\WINDOWS\SYSTEM32\WINMM.dll
0x00007ff8450a0000 - 0x00007ff8450aa000 	C:\WINDOWS\SYSTEM32\VERSION.dll
0x00007ff843ff0000 - 0x00007ff84401a000 	C:\WINDOWS\SYSTEM32\WINMMBASE.dll
0x00007ff846570000 - 0x00007ff8465b9000 	C:\WINDOWS\System32\cfgmgr32.dll
0x00007ff8464e0000 - 0x00007ff8464f1000 	C:\WINDOWS\System32\kernel.appcore.dll
0x00007ff81b080000 - 0x00007ff81b091000 	C:\APPS\jdk-12.0.1\bin\verify.dll
0x00007ff837a90000 - 0x00007ff837c59000 	C:\WINDOWS\SYSTEM32\DBGHELP.DLL
0x00007ff837a60000 - 0x00007ff837a89000 	C:\WINDOWS\SYSTEM32\dbgcore.DLL
0x00007ff81ae00000 - 0x00007ff81ae26000 	C:\APPS\jdk-12.0.1\bin\java.dll
0x00007ff81af10000 - 0x00007ff81af27000 	C:\APPS\jdk-12.0.1\bin\zip.dll
0x00007ff835900000 - 0x00007ff83590a000 	C:\APPS\jdk-12.0.1\bin\jimage.dll
0x00007ff848cd0000 - 0x00007ff84a110000 	C:\WINDOWS\System32\SHELL32.dll
0x00007ff847980000 - 0x00007ff847a29000 	C:\WINDOWS\System32\shcore.dll
0x00007ff846760000 - 0x00007ff846e6d000 	C:\WINDOWS\System32\windows.storage.dll
0x00007ff847920000 - 0x00007ff847971000 	C:\WINDOWS\System32\shlwapi.dll
0x00007ff846450000 - 0x00007ff84646f000 	C:\WINDOWS\System32\profapi.dll
0x00007ff846470000 - 0x00007ff8464bc000 	C:\WINDOWS\System32\powrprof.dll
0x00007ff846500000 - 0x00007ff84650a000 	C:\WINDOWS\System32\FLTLIB.DLL
0x00007ff81aeb0000 - 0x00007ff81aec9000 	C:\APPS\jdk-12.0.1\bin\net.dll
0x00007ff841d50000 - 0x00007ff841e2d000 	C:\WINDOWS\SYSTEM32\WINHTTP.dll
0x00007ff837830000 - 0x00007ff8379f9000 	C:\WINDOWS\SYSTEM32\urlmon.dll
0x00007ff838440000 - 0x00007ff8386e6000 	C:\WINDOWS\SYSTEM32\iertutil.dll
0x00007ff845ea0000 - 0x00007ff845eab000 	C:\WINDOWS\SYSTEM32\CRYPTBASE.DLL
0x00007ff845cd0000 - 0x00007ff845d36000 	C:\WINDOWS\system32\mswsock.dll
0x00007ff81ade0000 - 0x00007ff81adf3000 	C:\APPS\jdk-12.0.1\bin\nio.dll
0x00007ff831090000 - 0x00007ff831099000 	C:\APPS\jdk-12.0.1\bin\management.dll
0x00007ff82ff30000 - 0x00007ff82ff3c000 	C:\APPS\jdk-12.0.1\bin\management_ext.dll
0x00007ff8307f0000 - 0x00007ff830806000 	C:\WINDOWS\system32\napinsp.dll
0x00007ff8307d0000 - 0x00007ff8307ea000 	C:\WINDOWS\system32\pnrpnsp.dll
0x00007ff842be0000 - 0x00007ff842bf9000 	C:\WINDOWS\system32\NLAapi.dll
0x00007ff845aa0000 - 0x00007ff845b5e000 	C:\WINDOWS\SYSTEM32\DNSAPI.dll
0x00007ff848c00000 - 0x00007ff848c08000 	C:\WINDOWS\System32\NSI.dll
0x00007ff845a60000 - 0x00007ff845a98000 	C:\WINDOWS\SYSTEM32\IPHLPAPI.DLL
0x00007ff830740000 - 0x00007ff83074e000 	C:\WINDOWS\System32\winrnr.dll
0x00007ff841520000 - 0x00007ff841535000 	C:\WINDOWS\System32\wshbth.dll
0x00007ff83ced0000 - 0x00007ff83ceda000 	C:\Windows\System32\rasadhlp.dll
0x00007ff841090000 - 0x00007ff841102000 	C:\WINDOWS\System32\fwpuclnt.dll
0x00007ff845fb0000 - 0x00007ff845fd5000 	C:\WINDOWS\SYSTEM32\bcrypt.dll
0x00007ff845e80000 - 0x00007ff845e97000 	C:\WINDOWS\SYSTEM32\CRYPTSP.dll
0x00007ff8458c0000 - 0x00007ff8458f3000 	C:\WINDOWS\system32\rsaenh.dll
0x00007ff846350000 - 0x00007ff846378000 	C:\WINDOWS\SYSTEM32\USERENV.dll
0x00007ff841570000 - 0x00007ff841586000 	C:\WINDOWS\SYSTEM32\dhcpcsvc6.DLL
0x00007ff841550000 - 0x00007ff84156a000 	C:\WINDOWS\SYSTEM32\dhcpcsvc.DLL

dbghelp: loaded successfully - version: 4.0.5 - missing functions: none
symbol engine: initialized successfully - sym options: 0x614 - pdb path: .;C:\APPS\jdk-12.0.1\bin;C:\WINDOWS\SYSTEM32;C:\WINDOWS\WinSxS\amd64_microsoft.windows.common-controls_6595b64144ccf1df_6.0.17134.829_none_fb46a5473061b9d5;C:\APPS\jdk-12.0.1\bin\server

VM Arguments:
jvm_args: -Dcom.sun.management.jmxremote -Dcom.sun.management.jmxremote.port=54368 -Dcom.sun.management.jmxremote.authenticate=false -Dcom.sun.management.jmxremote.ssl=false -Djava.rmi.server.hostname=localhost -Dspring.jmx.enabled=true -Dspring.application.admin.enabled=true -Xverify:none -XX:TieredStopAtLevel=1 -Dfile.encoding=MS949 
java_command: com.wabu.d2project.D2projectApplication --spring.output.ansi.enabled=always
java_class_path (initial): E:\workplace\project\d2project\bin\main;C:\Users\USER\.gradle\caches\modules-2\files-2.1\org.springframework.boot\spring-boot-starter-data-mongodb\2.1.6.RELEASE\2474b0d70d4dc2d01ace3bfea476ef52048d679d\spring-boot-starter-data-mongodb-2.1.6.RELEASE.jar;C:\Users\USER\.gradle\caches\modules-2\files-2.1\org.springframework.boot\spring-boot-starter-data-mongodb-reactive\2.1.6.RELEASE\90934e750b9b5d880657d245e9727484aed19017\spring-boot-starter-data-mongodb-reactive-2.1.6.RELEASE.jar;C:\Users\USER\.gradle\caches\modules-2\files-2.1\org.springframework.boot\spring-boot-starter-data-rest\2.1.6.RELEASE\bf60ed8757219a1cc1043545d2c68dff4c0b7987\spring-boot-starter-data-rest-2.1.6.RELEASE.jar;C:\Users\USER\.gradle\caches\modules-2\files-2.1\org.springframework.boot\spring-boot-starter-hateoas\2.1.6.RELEASE\b2aa366d67cd20249d346ae62e0de92275e22493\spring-boot-starter-hateoas-2.1.6.RELEASE.jar;C:\Users\USER\.gradle\caches\modules-2\files-2.1\org.springframework.boot\spring-boot-starter-jersey\2.1.6.RELEASE\99d8b2657d96a86c2a99def6818f8ceed928df6\spring-boot-starter-jersey-2.1.6.RELEASE.jar;C:\Users\USER\.gradle\caches\modules-2\files-2.1\org.springframework.boot\spring-boot-starter-web-services\2.1.6.RELEASE\f0aace1fa923f7d294e9ef910de485760c38161\spring-boot-starter-web-services-2.1.6.RELEASE.jar;C:\Users\USER\.gradle\caches\modules-2\files-2.1\com.vaadin\vaadin-spring-boot-starter\13.0.9\6cdffa03fafc951bf7f49048952108a597c34277\vaadin-spring-boot-starter-13.0.9.jar;C:\Users\USER\.gradle\caches\modules-2\files-2.1\org.springframework.boot\spring-boot-starter-web\2.1.6.RELEASE\8d232c9366b4ef3f5a919e48efb2228528391914\spring-boot-starter-web-2.1.6.RELEASE.jar;C:\Users\USER\.gradle\caches\modules-2\files-2.1\org.springframework.boot\spring-boot-starter-webflux\2.1.6.RELEASE\3371f4463104ce7bddad990719c04aaa8922449a\spring-boot-starter-webflux-2.1.6.RELEASE.jar;C:\Users\USER\.gradle\caches\modules-2\files-2.1\org.springframework.data\spring-data-rest-hal
Launcher Type: SUN_STANDARD

[Global flags]
     bool BytecodeVerificationLocal                = false                                     {product} {command line}
     bool BytecodeVerificationRemote               = false                                     {product} {command line}
     intx CICompilerCount                          = 3                                         {product} {ergonomic}
     uint ConcGCThreads                            = 1                                         {product} {ergonomic}
     uint G1ConcRefinementThreads                  = 4                                         {product} {ergonomic}
   size_t G1HeapRegionSize                         = 1048576                                   {product} {ergonomic}
    uintx GCDrainStackTargetSize                   = 64                                        {product} {ergonomic}
   size_t InitialHeapSize                          = 134217728                                 {product} {ergonomic}
     bool ManagementServer                         = true                                      {product} {command line}
   size_t MarkStackSize                            = 4194304                                   {product} {ergonomic}
   size_t MaxHeapSize                              = 2126512128                                {product} {ergonomic}
   size_t MaxNewSize                               = 1275068416                                {product} {ergonomic}
   size_t MinHeapDeltaBytes                        = 1048576                                   {product} {ergonomic}
    uintx NonNMethodCodeHeapSize                   = 6973028                                {pd product} {ergonomic}
    uintx NonProfiledCodeHeapSize                  = 244685212                              {pd product} {ergonomic}
    uintx ProfiledCodeHeapSize                     = 0                                      {pd product} {ergonomic}
    uintx ReservedCodeCacheSize                    = 251658240                              {pd product} {ergonomic}
     bool SegmentedCodeCache                       = true                                      {product} {ergonomic}
     intx TieredStopAtLevel                        = 1                                         {product} {command line}
     bool UseCompressedClassPointers               = true                                 {lp64_product} {ergonomic}
     bool UseCompressedOops                        = true                                 {lp64_product} {ergonomic}
     bool UseG1GC                                  = true                                      {product} {ergonomic}
     bool UseLargePagesIndividualAllocation        = false                                  {pd product} {ergonomic}

Logging:
Log output configuration:
 #0: stdout all=warning uptime,level,tags
 #1: stderr all=off uptime,level,tags

Environment Variables:
CLASSPATH=C:\APPS\jdk-12.0.1\lib
PATH=C:/APPS/jdk 1.8/bin/server;C:/APPS/jdk 1.8/bin;C:/APPS/jdk 1.8/lib/amd64;C:\Program Files (x86)\Common Files\Oracle\Java\javapath;C:\APPS\oracle\product\11.2.0\dbhome_1\bin;C:\Program Files (x86)\Intel\iCLS Client\;C:\Program Files\Intel\iCLS Client\;C:\WINDOWS\system32;C:\WINDOWS;C:\WINDOWS\System32\Wbem;C:\WINDOWS\System32\WindowsPowerShell\v1.0\;C:\Program Files\Intel\WiFi\bin\;C:\Program Files\Common Files\Intel\WirelessCommon\;C:\Program Files (x86)\Intel\Intel(R) Management Engine Components\DAL;C:\Program Files\Intel\Intel(R) Management Engine Components\DAL;C:\Program Files (x86)\Intel\Intel(R) Management Engine Components\IPT;C:\Program Files\Intel\Intel(R) Management Engine Components\IPT;C:\APPS\apache-maven-3.6.1;\bin\;C:\APPS\jdk-12.0.1\bin\;C:\APPS\oracle instantclient\instantclient_18_5;C:\Program Files\MySQL\MySQL Shell 8.0\bin\;C:\WINDOWS\System32\OpenSSH\;C:\Program Files\PuTTY\;C:\Program Files\MySQL\MySQL Server 8.0\bin;C:\Program Files\MongoDB\Server\4.0\bin;C:\Program Files\MySQL\MySQL Shell 8.0\bin\;C:\APPS\sts-4.3.0.RELEASE;
USERNAME=USER
OS=Windows_NT
PROCESSOR_IDENTIFIER=Intel64 Family 6 Model 158 Stepping 9, GenuineIntel



---------------  S Y S T E M  ---------------

OS: Windows 10 , 64 bit Build 17134 (10.0.17134.753)

CPU:total 4 (initial active 4) (4 cores per cpu, 1 threads per core) family 6 model 158 stepping 9, cmov, cx8, fxsr, mmx, sse, sse2, sse3, ssse3, sse4.1, sse4.2, popcnt, avx, avx2, aes, clmul, erms, 3dnowpref, lzcnt, tsc, tscinvbit, bmi1, bmi2, adx, fma

Memory: 4k page, system-wide physical 8106M (2302M free)
TotalPageFile size 10351M (AvailPageFile size 1397M)
current process WorkingSet (physical memory assigned to process): 172M, peak: 172M
current process commit charge ("private bytes"): 207M, peak: 268M

vm_info: OpenJDK 64-Bit Server VM (12.0.1+12) for windows-amd64 JRE (12.0.1+12), built on Apr  2 2019 08:16:31 by "mach5one" with MS VC++ 15.5 (VS2017)

END.
