#
# A fatal error has been detected by the Java Runtime Environment:
#
#  EXCEPTION_ACCESS_VIOLATION (0xc0000005) at pc=0x00007ffff2ed89a6, pid=3164, tid=11344
#
# JRE version: OpenJDK Runtime Environment (12.0.1+12) (build 12.0.1+12)
# Java VM: OpenJDK 64-Bit Server VM (12.0.1+12, mixed mode, sharing, tiered, compressed oops, g1 gc, windows-amd64)
# Problematic frame:
# V  [jvm.dll+0x6289a6]
#
# No core dump will be written. Minidumps are not enabled by default on client versions of Windows
#
# If you would like to submit a bug report, please visit:
#   http://bugreport.java.com/bugreport/crash.jsp
#

---------------  S U M M A R Y ------------

Command Line: -Dcom.sun.management.jmxremote -Dcom.sun.management.jmxremote.port=52139 -Dcom.sun.management.jmxremote.authenticate=false -Dcom.sun.management.jmxremote.ssl=false -Djava.rmi.server.hostname=localhost -Dspring.jmx.enabled=true -Dspring.application.admin.enabled=true -Xverify:none -XX:TieredStopAtLevel=1 -Dfile.encoding=MS949 com.wabu.d2project.D2projectApplication --spring.output.ansi.enabled=always

Host: Intel(R) Core(TM) i5-7400 CPU @ 3.00GHz, 4 cores, 7G,  Windows 10 , 64 bit Build 17134 (10.0.17134.753)
Time: Tue Jul  2 16:03:34 2019 ¢¥eCN©öI¡¾©ö C¡ÍA¨ª¨öA elapsed time: 0 seconds (0d 0h 0m 0s)

---------------  T H R E A D  ---------------

Current thread (0x000001b52e431800):  GCTaskThread "GC Thread#0" [stack: 0x0000005d5d600000,0x0000005d5d700000] [id=11344]

Stack: [0x0000005d5d600000,0x0000005d5d700000],  sp=0x0000005d5d6fdf60,  free space=1015k
Native frames: (J=compiled Java code, j=interpreted, Vv=VM code, C=native code)
V  [jvm.dll+0x6289a6]
V  [jvm.dll+0x5ef479]
V  [jvm.dll+0x2e5d45]
V  [jvm.dll+0x2e57c9]
V  [jvm.dll+0x74d0d7]
V  [jvm.dll+0x74d530]
V  [jvm.dll+0x332d98]
V  [jvm.dll+0x3328e8]
V  [jvm.dll+0x2fc7a0]
V  [jvm.dll+0x7bb0a0]
V  [jvm.dll+0x748318]
V  [jvm.dll+0x638276]
C  [ucrtbase.dll+0x1e3fe]
C  [KERNEL32.DLL+0x14034]
C  [ntdll.dll+0x73691]

JavaThread 0x000001b54c816000 (nid = 3452) was being processed
Java frames: (J=compiled Java code, j=interpreted, Vv=VM code)
j  java.lang.Object.wait(J)V+0 java.base@12.0.1
j  java.lang.ref.ReferenceQueue.remove(J)Ljava/lang/ref/Reference;+59 java.base@12.0.1
j  jdk.internal.ref.CleanerImpl.run()V+65 java.base@12.0.1
j  java.lang.Thread.run()V+11 java.base@12.0.1
j  jdk.internal.misc.InnocuousThread.run()V+20 java.base@12.0.1
v  ~StubRoutines::call_stub

siginfo: EXCEPTION_ACCESS_VIOLATION (0xc0000005), reading address 0x0000000c00000093


Register to memory mapping:

RIP=0x00007ffff2ed89a6 jvm.dll
RAX=0x0000000c0000000b is an unknown value
RBX=0x00000000000005b1 is an unknown value
RCX=0x0000000000000011 is an unknown value
RDX=0x0000005d5d6fdff0 points into unknown readable memory: d0 f9 2a 00 08 00 00 00
RSP=0x0000005d5d6fdf60 points into unknown readable memory: 09 00 00 00 00 00 00 00
RBP=0x0000000000000041 is an unknown value
RSI={method} {0x00000008002af9d8} 'run' '()V' in 'jdk/internal/ref/CleanerImpl'
RDI=0x00000000000005b1 is an unknown value
R8 =0x0000000000000041 is an unknown value
R9 =0x0000005d5d6fe108 points into unknown readable memory: 00 00 00 00 00 00 00 00
R10=0x00000008008e8300 is pointing into metadata
R11=0x000000008193ff98 points into unknown readable memory: 09 00 00 00 00 00 00 00
R12=0x0000005d5d6fe108 points into unknown readable memory: 00 00 00 00 00 00 00 00
R13=0x00000000000003d8 is an unknown value
R14=0x000001b54da446b0 points into unknown readable memory: 0b 00 00 00 0c 00 00 00
R15=0x0000005d5d6fdff0 points into unknown readable memory: d0 f9 2a 00 08 00 00 00


Registers:
RAX=0x0000000c0000000b, RBX=0x00000000000005b1, RCX=0x0000000000000011, RDX=0x0000005d5d6fdff0
RSP=0x0000005d5d6fdf60, RBP=0x0000000000000041, RSI=0x00000008002af9d0, RDI=0x00000000000005b1
R8 =0x0000000000000041, R9 =0x0000005d5d6fe108, R10=0x00000008008e8300, R11=0x000000008193ff98
R12=0x0000005d5d6fe108, R13=0x00000000000003d8, R14=0x000001b54da446b0, R15=0x0000005d5d6fdff0
RIP=0x00007ffff2ed89a6, EFLAGS=0x0000000000010206

Top of Stack: (sp=0x0000005d5d6fdf60)
0x0000005d5d6fdf60:   0000000000000009 000000000000000a
0x0000005d5d6fdf70:   0000005d5d6fe0e8 0000005d5d6fe108
0x0000005d5d6fdf80:   000000000000003b 000000000000000e
0x0000005d5d6fdf90:   000001b54da150c8 000001b54da15048
0x0000005d5d6fdfa0:   0000000000000041 0000000000000041
0x0000005d5d6fdfb0:   00000008002af9d0 0000005d5d6fe110
0x0000005d5d6fdfc0:   0000005d5d6fe108 00007ffff2e9f479
0x0000005d5d6fdfd0:   0000005d5d6fe108 0000005d5d6fe110
0x0000005d5d6fdfe0:   00000008002af9d0 0000005d5d6fe108
0x0000005d5d6fdff0:   00000008002af9d0 000001b52e431800
0x0000005d5d6fe000:   000001b54da150c8 00007ffff2b95d45
0x0000005d5d6fe010:   0000005d5d6fe2d0 0000005d5d6fe2a0
0x0000005d5d6fe020:   0000005d5d6fe110 000001b54da150c8
0x0000005d5d6fe030:   0000000000000001 00000008002af9d0
0x0000005d5d6fe040:   000001b52e431800 0000000000000004
0x0000005d5d6fe050:   000001b52e431800 0000000000000000 

Instructions: (pc=0x00007ffff2ed89a6)
0x00007ffff2ed8986:   24 70 48 89 77 10 8b fb 66 90 8b c7 25 1f 00 00
0x00007ffff2ed8996:   80 7d 07 ff c8 83 c8 e0 ff c0 48 63 c8 49 8b 06
0x00007ffff2ed89a6:   48 8b 14 c8 48 85 d2 74 15 48 8b 02 48 85 c0 74
0x00007ffff2ed89b6:   0d 49 3b 07 75 08 0f b7 42 08 3b c5 74 79 ff c7 


Stack slot to memory mapping:
stack at sp + 0 slots: 0x0000000000000009 is an unknown value
stack at sp + 1 slots: 0x000000000000000a is an unknown value
stack at sp + 2 slots: 0x0000005d5d6fe0e8 points into unknown readable memory: 50 25 14 f3 ff 7f 00 00
stack at sp + 3 slots: 0x0000005d5d6fe108 points into unknown readable memory: 00 00 00 00 00 00 00 00
stack at sp + 4 slots: 0x000000000000003b is an unknown value
stack at sp + 5 slots: 0x000000000000000e is an unknown value
stack at sp + 6 slots: 0x000001b54da150c8 points into unknown readable memory: e0 b4 14 f3 ff 7f 00 00
stack at sp + 7 slots: 0x000001b54da15048 points into unknown readable memory: f0 b4 14 f3 ff 7f 00 00


---------------  P R O C E S S  ---------------

Threads class SMR info:
_java_thread_list=0x000001b54da89800, length=12, elements={
0x000001b52e3f2800, 0x000001b54c832000, 0x000001b54c835800, 0x000001b54c853000,
0x000001b54c854000, 0x000001b54c856000, 0x000001b54c85e000, 0x000001b54c816000,
0x000001b54d2df800, 0x000001b54da54000, 0x000001b54da40000, 0x000001b54d9e0800
}

Java Threads: ( => current thread )
  0x000001b52e3f2800 JavaThread "main" [_thread_blocked, id=13980, stack(0x0000005d5d500000,0x0000005d5d600000)]
  0x000001b54c832000 JavaThread "Reference Handler" daemon [_thread_blocked, id=12560, stack(0x0000005d5dc00000,0x0000005d5dd00000)]
  0x000001b54c835800 JavaThread "Finalizer" daemon [_thread_blocked, id=9988, stack(0x0000005d5dd00000,0x0000005d5de00000)]
  0x000001b54c853000 JavaThread "Signal Dispatcher" daemon [_thread_blocked, id=2028, stack(0x0000005d5de00000,0x0000005d5df00000)]
  0x000001b54c854000 JavaThread "Attach Listener" daemon [_thread_blocked, id=6652, stack(0x0000005d5df00000,0x0000005d5e000000)]
  0x000001b54c856000 JavaThread "C1 CompilerThread0" daemon [_thread_blocked, id=3652, stack(0x0000005d5e000000,0x0000005d5e100000)]
  0x000001b54c85e000 JavaThread "Sweeper thread" daemon [_thread_blocked, id=10680, stack(0x0000005d5e100000,0x0000005d5e200000)]
  0x000001b54c816000 JavaThread "Common-Cleaner" daemon [_thread_blocked, id=3452, stack(0x0000005d5e200000,0x0000005d5e300000)]
  0x000001b54d2df800 JavaThread "Service Thread" daemon [_thread_blocked, id=8716, stack(0x0000005d5e300000,0x0000005d5e400000)]
  0x000001b54da54000 JavaThread "RMI TCP Accept-0" daemon [_thread_in_native, id=5256, stack(0x0000005d5e400000,0x0000005d5e500000)]
  0x000001b54da40000 JavaThread "RMI TCP Accept-52139" daemon [_thread_in_native, id=4856, stack(0x0000005d5e500000,0x0000005d5e600000)]
  0x000001b54d9e0800 JavaThread "RMI TCP Accept-0" daemon [_thread_in_native, id=11688, stack(0x0000005d5e900000,0x0000005d5ea00000)]

Other Threads:
  0x000001b54c82d000 VMThread "VM Thread" [stack: 0x0000005d5db00000,0x0000005d5dc00000] [id=10884]
  0x000001b54dab2000 WatcherThread [stack: 0x0000005d5ea00000,0x0000005d5eb00000] [id=9068]
=>0x000001b52e431800 GCTaskThread "GC Thread#0" [stack: 0x0000005d5d600000,0x0000005d5d700000] [id=11344]
  0x000001b54da77800 GCTaskThread "GC Thread#1" [stack: 0x0000005d5e600000,0x0000005d5e700000] [id=8036]
  0x000001b54da78000 GCTaskThread "GC Thread#2" [stack: 0x0000005d5e700000,0x0000005d5e800000] [id=13780]
  0x000001b52e43f800 ConcurrentGCThread "G1 Main Marker" [stack: 0x0000005d5d700000,0x0000005d5d800000] [id=12328]
  0x000001b52e442800 ConcurrentGCThread "G1 Conc#0" [stack: 0x0000005d5d800000,0x0000005d5d900000] [id=8236]
  0x000001b52e4ae000 ConcurrentGCThread "G1 Refine#0" [stack: 0x0000005d5d900000,0x0000005d5da00000] [id=11036]
  0x000001b54da97800 ConcurrentGCThread "G1 Refine#1" [stack: 0x0000005d5e800000,0x0000005d5e900000] [id=5596]
  0x000001b54c6ab800 ConcurrentGCThread "G1 Young RemSet Sampling" [stack: 0x0000005d5da00000,0x0000005d5db00000] [id=5356]

Threads with active compile tasks:
C1 CompilerThread0  1016   !   1       java.net.URL::<init> (543 bytes)

VM state:at safepoint (normal execution)

VM Mutex/Monitor currently owned by a thread:  ([mutex/lock_event])
[0x000001b52e3ee520] Threads_lock - owner thread: 0x000001b54c82d000
[0x000001b52e3eebe0] Heap_lock - owner thread: 0x000001b52e3f2800

Heap address: 0x0000000081400000, size: 2028 MB, Compressed Oops mode: 32-bit
Narrow klass base: 0x0000000800000000, Narrow klass shift: 3
Compressed class space size: 1073741824 Address: 0x00000008011a0000

Heap:
 garbage-first heap   total 131072K, used 11323K [0x0000000081400000, 0x0000000100000000)
  region size 1024K, 5 young (5120K), 1 survivors (1024K)
 Metaspace       used 4924K, capacity 5576K, committed 5632K, reserved 1056768K
  class space    used 614K, capacity 721K, committed 768K, reserved 1048576K
Heap Regions: E=young(eden), S=young(survivor), O=old, HS=humongous(starts), HC=humongous(continues), CS=collection set, F=free, A=archive, TAMS=top-at-mark-start (previous, next)
|   0|0x0000000081400000, 0x0000000081500000, 0x0000000081500000|100%| O|  |TAMS 0x0000000081400000, 0x0000000081400000| Untracked 
|   1|0x0000000081500000, 0x0000000081600000, 0x0000000081600000|100%| O|  |TAMS 0x0000000081500000, 0x0000000081500000| Untracked 
|   2|0x0000000081600000, 0x0000000081700000, 0x0000000081700000|100%| O|  |TAMS 0x0000000081600000, 0x0000000081600000| Untracked 
|   3|0x0000000081700000, 0x0000000081800000, 0x0000000081800000|100%| O|  |TAMS 0x0000000081700000, 0x0000000081700000| Untracked 
|   4|0x0000000081800000, 0x0000000081900000, 0x0000000081900000|100%| O|  |TAMS 0x0000000081800000, 0x0000000081800000| Untracked 
|   5|0x0000000081900000, 0x0000000081a00000, 0x0000000081a00000|100%| O|  |TAMS 0x0000000081900000, 0x0000000081900000| Untracked 
|   6|0x0000000081a00000, 0x0000000081afc340, 0x0000000081b00000| 98%| O|  |TAMS 0x0000000081a00000, 0x0000000081a00000| Untracked 
|   7|0x0000000081b00000, 0x0000000081b00000, 0x0000000081c00000|  0%| F|  |TAMS 0x0000000081b00000, 0x0000000081b00000| Untracked 
|   8|0x0000000081c00000, 0x0000000081c00000, 0x0000000081d00000|  0%| F|  |TAMS 0x0000000081c00000, 0x0000000081c00000| Untracked 
|   9|0x0000000081d00000, 0x0000000081d00000, 0x0000000081e00000|  0%| F|  |TAMS 0x0000000081d00000, 0x0000000081d00000| Untracked 
|  10|0x0000000081e00000, 0x0000000081e00000, 0x0000000081f00000|  0%| F|  |TAMS 0x0000000081e00000, 0x0000000081e00000| Untracked 
|  11|0x0000000081f00000, 0x0000000081f00000, 0x0000000082000000|  0%| F|  |TAMS 0x0000000081f00000, 0x0000000081f00000| Untracked 
|  12|0x0000000082000000, 0x0000000082000000, 0x0000000082100000|  0%| F|  |TAMS 0x0000000082000000, 0x0000000082000000| Untracked 
|  13|0x0000000082100000, 0x0000000082100000, 0x0000000082200000|  0%| F|  |TAMS 0x0000000082100000, 0x0000000082100000| Untracked 
|  14|0x0000000082200000, 0x0000000082200000, 0x0000000082300000|  0%| F|  |TAMS 0x0000000082200000, 0x0000000082200000| Untracked 
|  15|0x0000000082300000, 0x0000000082300000, 0x0000000082400000|  0%| F|  |TAMS 0x0000000082300000, 0x0000000082300000| Untracked 
|  16|0x0000000082400000, 0x0000000082400000, 0x0000000082500000|  0%| F|  |TAMS 0x0000000082400000, 0x0000000082400000| Untracked 
|  17|0x0000000082500000, 0x0000000082500000, 0x0000000082600000|  0%| F|  |TAMS 0x0000000082500000, 0x0000000082500000| Untracked 
|  18|0x0000000082600000, 0x0000000082600000, 0x0000000082700000|  0%| F|  |TAMS 0x0000000082600000, 0x0000000082600000| Untracked 
|  19|0x0000000082700000, 0x0000000082700000, 0x0000000082800000|  0%| F|  |TAMS 0x0000000082700000, 0x0000000082700000| Untracked 
|  20|0x0000000082800000, 0x0000000082800000, 0x0000000082900000|  0%| F|  |TAMS 0x0000000082800000, 0x0000000082800000| Untracked 
|  21|0x0000000082900000, 0x0000000082900000, 0x0000000082a00000|  0%| F|  |TAMS 0x0000000082900000, 0x0000000082900000| Untracked 
|  22|0x0000000082a00000, 0x0000000082a00000, 0x0000000082b00000|  0%| F|  |TAMS 0x0000000082a00000, 0x0000000082a00000| Untracked 
|  23|0x0000000082b00000, 0x0000000082b00000, 0x0000000082c00000|  0%| F|  |TAMS 0x0000000082b00000, 0x0000000082b00000| Untracked 
|  24|0x0000000082c00000, 0x0000000082c00000, 0x0000000082d00000|  0%| F|  |TAMS 0x0000000082c00000, 0x0000000082c00000| Untracked 
|  25|0x0000000082d00000, 0x0000000082d00000, 0x0000000082e00000|  0%| F|  |TAMS 0x0000000082d00000, 0x0000000082d00000| Untracked 
|  26|0x0000000082e00000, 0x0000000082e00000, 0x0000000082f00000|  0%| F|  |TAMS 0x0000000082e00000, 0x0000000082e00000| Untracked 
|  27|0x0000000082f00000, 0x0000000082f00000, 0x0000000083000000|  0%| F|  |TAMS 0x0000000082f00000, 0x0000000082f00000| Untracked 
|  28|0x0000000083000000, 0x0000000083000000, 0x0000000083100000|  0%| F|  |TAMS 0x0000000083000000, 0x0000000083000000| Untracked 
|  29|0x0000000083100000, 0x0000000083100000, 0x0000000083200000|  0%| F|  |TAMS 0x0000000083100000, 0x0000000083100000| Untracked 
|  30|0x0000000083200000, 0x0000000083200000, 0x0000000083300000|  0%| F|  |TAMS 0x0000000083200000, 0x0000000083200000| Untracked 
|  31|0x0000000083300000, 0x0000000083300000, 0x0000000083400000|  0%| F|  |TAMS 0x0000000083300000, 0x0000000083300000| Untracked 
|  32|0x0000000083400000, 0x0000000083400000, 0x0000000083500000|  0%| F|  |TAMS 0x0000000083400000, 0x0000000083400000| Untracked 
|  33|0x0000000083500000, 0x0000000083500000, 0x0000000083600000|  0%| F|  |TAMS 0x0000000083500000, 0x0000000083500000| Untracked 
|  34|0x0000000083600000, 0x0000000083600000, 0x0000000083700000|  0%| F|  |TAMS 0x0000000083600000, 0x0000000083600000| Untracked 
|  35|0x0000000083700000, 0x0000000083700000, 0x0000000083800000|  0%| F|  |TAMS 0x0000000083700000, 0x0000000083700000| Untracked 
|  36|0x0000000083800000, 0x0000000083800000, 0x0000000083900000|  0%| F|  |TAMS 0x0000000083800000, 0x0000000083800000| Untracked 
|  37|0x0000000083900000, 0x0000000083900000, 0x0000000083a00000|  0%| F|  |TAMS 0x0000000083900000, 0x0000000083900000| Untracked 
|  38|0x0000000083a00000, 0x0000000083a00000, 0x0000000083b00000|  0%| F|  |TAMS 0x0000000083a00000, 0x0000000083a00000| Untracked 
|  39|0x0000000083b00000, 0x0000000083b00000, 0x0000000083c00000|  0%| F|  |TAMS 0x0000000083b00000, 0x0000000083b00000| Untracked 
|  40|0x0000000083c00000, 0x0000000083c00000, 0x0000000083d00000|  0%| F|  |TAMS 0x0000000083c00000, 0x0000000083c00000| Untracked 
|  41|0x0000000083d00000, 0x0000000083d00000, 0x0000000083e00000|  0%| F|  |TAMS 0x0000000083d00000, 0x0000000083d00000| Untracked 
|  42|0x0000000083e00000, 0x0000000083e00000, 0x0000000083f00000|  0%| F|  |TAMS 0x0000000083e00000, 0x0000000083e00000| Untracked 
|  43|0x0000000083f00000, 0x0000000083f00000, 0x0000000084000000|  0%| F|  |TAMS 0x0000000083f00000, 0x0000000083f00000| Untracked 
|  44|0x0000000084000000, 0x0000000084000000, 0x0000000084100000|  0%| F|  |TAMS 0x0000000084000000, 0x0000000084000000| Untracked 
|  45|0x0000000084100000, 0x0000000084100000, 0x0000000084200000|  0%| F|  |TAMS 0x0000000084100000, 0x0000000084100000| Untracked 
|  46|0x0000000084200000, 0x0000000084200000, 0x0000000084300000|  0%| F|  |TAMS 0x0000000084200000, 0x0000000084200000| Untracked 
|  47|0x0000000084300000, 0x0000000084300000, 0x0000000084400000|  0%| F|  |TAMS 0x0000000084300000, 0x0000000084300000| Untracked 
|  48|0x0000000084400000, 0x0000000084400000, 0x0000000084500000|  0%| F|  |TAMS 0x0000000084400000, 0x0000000084400000| Untracked 
|  49|0x0000000084500000, 0x0000000084500000, 0x0000000084600000|  0%| F|  |TAMS 0x0000000084500000, 0x0000000084500000| Untracked 
|  50|0x0000000084600000, 0x0000000084600000, 0x0000000084700000|  0%| F|  |TAMS 0x0000000084600000, 0x0000000084600000| Untracked 
|  51|0x0000000084700000, 0x0000000084700000, 0x0000000084800000|  0%| F|  |TAMS 0x0000000084700000, 0x0000000084700000| Untracked 
|  52|0x0000000084800000, 0x0000000084800000, 0x0000000084900000|  0%| F|  |TAMS 0x0000000084800000, 0x0000000084800000| Untracked 
|  53|0x0000000084900000, 0x0000000084900000, 0x0000000084a00000|  0%| F|  |TAMS 0x0000000084900000, 0x0000000084900000| Untracked 
|  54|0x0000000084a00000, 0x0000000084a00000, 0x0000000084b00000|  0%| F|  |TAMS 0x0000000084a00000, 0x0000000084a00000| Untracked 
|  55|0x0000000084b00000, 0x0000000084b00000, 0x0000000084c00000|  0%| F|  |TAMS 0x0000000084b00000, 0x0000000084b00000| Untracked 
|  56|0x0000000084c00000, 0x0000000084c00000, 0x0000000084d00000|  0%| F|  |TAMS 0x0000000084c00000, 0x0000000084c00000| Untracked 
|  57|0x0000000084d00000, 0x0000000084d00000, 0x0000000084e00000|  0%| F|  |TAMS 0x0000000084d00000, 0x0000000084d00000| Untracked 
|  58|0x0000000084e00000, 0x0000000084e00000, 0x0000000084f00000|  0%| F|  |TAMS 0x0000000084e00000, 0x0000000084e00000| Untracked 
|  59|0x0000000084f00000, 0x0000000084f00000, 0x0000000085000000|  0%| F|  |TAMS 0x0000000084f00000, 0x0000000084f00000| Untracked 
|  60|0x0000000085000000, 0x0000000085000000, 0x0000000085100000|  0%| F|  |TAMS 0x0000000085000000, 0x0000000085000000| Untracked 
|  61|0x0000000085100000, 0x0000000085100000, 0x0000000085200000|  0%| F|  |TAMS 0x0000000085100000, 0x0000000085100000| Untracked 
|  62|0x0000000085200000, 0x0000000085200000, 0x0000000085300000|  0%| F|  |TAMS 0x0000000085200000, 0x0000000085200000| Untracked 
|  63|0x0000000085300000, 0x0000000085300000, 0x0000000085400000|  0%| F|  |TAMS 0x0000000085300000, 0x0000000085300000| Untracked 
|  64|0x0000000085400000, 0x0000000085400000, 0x0000000085500000|  0%| F|  |TAMS 0x0000000085400000, 0x0000000085400000| Untracked 
|  65|0x0000000085500000, 0x0000000085500000, 0x0000000085600000|  0%| F|  |TAMS 0x0000000085500000, 0x0000000085500000| Untracked 
|  66|0x0000000085600000, 0x0000000085600000, 0x0000000085700000|  0%| F|  |TAMS 0x0000000085600000, 0x0000000085600000| Untracked 
|  67|0x0000000085700000, 0x0000000085700000, 0x0000000085800000|  0%| F|  |TAMS 0x0000000085700000, 0x0000000085700000| Untracked 
|  68|0x0000000085800000, 0x0000000085800000, 0x0000000085900000|  0%| F|  |TAMS 0x0000000085800000, 0x0000000085800000| Untracked 
|  69|0x0000000085900000, 0x0000000085900000, 0x0000000085a00000|  0%| F|  |TAMS 0x0000000085900000, 0x0000000085900000| Untracked 
|  70|0x0000000085a00000, 0x0000000085a00000, 0x0000000085b00000|  0%| F|  |TAMS 0x0000000085a00000, 0x0000000085a00000| Untracked 
|  71|0x0000000085b00000, 0x0000000085b00000, 0x0000000085c00000|  0%| F|  |TAMS 0x0000000085b00000, 0x0000000085b00000| Untracked 
|  72|0x0000000085c00000, 0x0000000085c00000, 0x0000000085d00000|  0%| F|  |TAMS 0x0000000085c00000, 0x0000000085c00000| Untracked 
|  73|0x0000000085d00000, 0x0000000085d00000, 0x0000000085e00000|  0%| F|  |TAMS 0x0000000085d00000, 0x0000000085d00000| Untracked 
|  74|0x0000000085e00000, 0x0000000085e00000, 0x0000000085f00000|  0%| F|  |TAMS 0x0000000085e00000, 0x0000000085e00000| Untracked 
|  75|0x0000000085f00000, 0x0000000085f00000, 0x0000000086000000|  0%| F|  |TAMS 0x0000000085f00000, 0x0000000085f00000| Untracked 
|  76|0x0000000086000000, 0x0000000086000000, 0x0000000086100000|  0%| F|  |TAMS 0x0000000086000000, 0x0000000086000000| Untracked 
|  77|0x0000000086100000, 0x0000000086100000, 0x0000000086200000|  0%| F|  |TAMS 0x0000000086100000, 0x0000000086100000| Untracked 
|  78|0x0000000086200000, 0x0000000086200000, 0x0000000086300000|  0%| F|  |TAMS 0x0000000086200000, 0x0000000086200000| Untracked 
|  79|0x0000000086300000, 0x0000000086300000, 0x0000000086400000|  0%| F|  |TAMS 0x0000000086300000, 0x0000000086300000| Untracked 
|  80|0x0000000086400000, 0x0000000086400000, 0x0000000086500000|  0%| F|  |TAMS 0x0000000086400000, 0x0000000086400000| Untracked 
|  81|0x0000000086500000, 0x0000000086500000, 0x0000000086600000|  0%| F|  |TAMS 0x0000000086500000, 0x0000000086500000| Untracked 
|  82|0x0000000086600000, 0x0000000086600000, 0x0000000086700000|  0%| F|  |TAMS 0x0000000086600000, 0x0000000086600000| Untracked 
|  83|0x0000000086700000, 0x0000000086700000, 0x0000000086800000|  0%| F|  |TAMS 0x0000000086700000, 0x0000000086700000| Untracked 
|  84|0x0000000086800000, 0x0000000086800000, 0x0000000086900000|  0%| F|  |TAMS 0x0000000086800000, 0x0000000086800000| Untracked 
|  85|0x0000000086900000, 0x0000000086900000, 0x0000000086a00000|  0%| F|  |TAMS 0x0000000086900000, 0x0000000086900000| Untracked 
|  86|0x0000000086a00000, 0x0000000086a00000, 0x0000000086b00000|  0%| F|  |TAMS 0x0000000086a00000, 0x0000000086a00000| Untracked 
|  87|0x0000000086b00000, 0x0000000086b00000, 0x0000000086c00000|  0%| F|  |TAMS 0x0000000086b00000, 0x0000000086b00000| Untracked 
|  88|0x0000000086c00000, 0x0000000086c00000, 0x0000000086d00000|  0%| F|  |TAMS 0x0000000086c00000, 0x0000000086c00000| Untracked 
|  89|0x0000000086d00000, 0x0000000086d00000, 0x0000000086e00000|  0%| F|  |TAMS 0x0000000086d00000, 0x0000000086d00000| Untracked 
|  90|0x0000000086e00000, 0x0000000086e00000, 0x0000000086f00000|  0%| F|  |TAMS 0x0000000086e00000, 0x0000000086e00000| Untracked 
|  91|0x0000000086f00000, 0x0000000086f00000, 0x0000000087000000|  0%| F|  |TAMS 0x0000000086f00000, 0x0000000086f00000| Untracked 
|  92|0x0000000087000000, 0x0000000087000000, 0x0000000087100000|  0%| F|  |TAMS 0x0000000087000000, 0x0000000087000000| Untracked 
|  93|0x0000000087100000, 0x0000000087100000, 0x0000000087200000|  0%| F|  |TAMS 0x0000000087100000, 0x0000000087100000| Untracked 
|  94|0x0000000087200000, 0x0000000087200000, 0x0000000087300000|  0%| F|  |TAMS 0x0000000087200000, 0x0000000087200000| Untracked 
|  95|0x0000000087300000, 0x0000000087300000, 0x0000000087400000|  0%| F|  |TAMS 0x0000000087300000, 0x0000000087300000| Untracked 
|  96|0x0000000087400000, 0x0000000087400000, 0x0000000087500000|  0%| F|  |TAMS 0x0000000087400000, 0x0000000087400000| Untracked 
|  97|0x0000000087500000, 0x0000000087500000, 0x0000000087600000|  0%| F|  |TAMS 0x0000000087500000, 0x0000000087500000| Untracked 
|  98|0x0000000087600000, 0x0000000087600000, 0x0000000087700000|  0%| F|  |TAMS 0x0000000087600000, 0x0000000087600000| Untracked 
|  99|0x0000000087700000, 0x0000000087700000, 0x0000000087800000|  0%| F|  |TAMS 0x0000000087700000, 0x0000000087700000| Untracked 
| 100|0x0000000087800000, 0x0000000087800000, 0x0000000087900000|  0%| F|  |TAMS 0x0000000087800000, 0x0000000087800000| Untracked 
| 101|0x0000000087900000, 0x0000000087900000, 0x0000000087a00000|  0%| F|  |TAMS 0x0000000087900000, 0x0000000087900000| Untracked 
| 102|0x0000000087a00000, 0x0000000087a00000, 0x0000000087b00000|  0%| F|  |TAMS 0x0000000087a00000, 0x0000000087a00000| Untracked 
| 103|0x0000000087b00000, 0x0000000087b00000, 0x0000000087c00000|  0%| F|  |TAMS 0x0000000087b00000, 0x0000000087b00000| Untracked 
| 104|0x0000000087c00000, 0x0000000087c00000, 0x0000000087d00000|  0%| F|  |TAMS 0x0000000087c00000, 0x0000000087c00000| Untracked 
| 105|0x0000000087d00000, 0x0000000087d00000, 0x0000000087e00000|  0%| F|  |TAMS 0x0000000087d00000, 0x0000000087d00000| Untracked 
| 106|0x0000000087e00000, 0x0000000087e00000, 0x0000000087f00000|  0%| F|  |TAMS 0x0000000087e00000, 0x0000000087e00000| Untracked 
| 107|0x0000000087f00000, 0x0000000087f00000, 0x0000000088000000|  0%| F|  |TAMS 0x0000000087f00000, 0x0000000087f00000| Untracked 
| 108|0x0000000088000000, 0x0000000088000000, 0x0000000088100000|  0%| F|  |TAMS 0x0000000088000000, 0x0000000088000000| Untracked 
| 109|0x0000000088100000, 0x0000000088100000, 0x0000000088200000|  0%| F|  |TAMS 0x0000000088100000, 0x0000000088100000| Untracked 
| 110|0x0000000088200000, 0x0000000088200000, 0x0000000088300000|  0%| F|  |TAMS 0x0000000088200000, 0x0000000088200000| Untracked 
| 111|0x0000000088300000, 0x0000000088300000, 0x0000000088400000|  0%| F|  |TAMS 0x0000000088300000, 0x0000000088300000| Untracked 
| 112|0x0000000088400000, 0x0000000088500000, 0x0000000088500000|100%| E|CS|TAMS 0x0000000088400000, 0x0000000088400000| Complete 
| 113|0x0000000088500000, 0x0000000088600000, 0x0000000088600000|100%| E|CS|TAMS 0x0000000088500000, 0x0000000088500000| Complete 
| 114|0x0000000088600000, 0x0000000088600000, 0x0000000088700000|  0%| F|  |TAMS 0x0000000088600000, 0x0000000088600000| Untracked 
| 115|0x0000000088700000, 0x0000000088700000, 0x0000000088800000|  0%| F|  |TAMS 0x0000000088700000, 0x0000000088700000| Untracked 
| 116|0x0000000088800000, 0x0000000088800000, 0x0000000088900000|  0%| F|  |TAMS 0x0000000088800000, 0x0000000088800000| Untracked 
| 117|0x0000000088900000, 0x0000000088900000, 0x0000000088a00000|  0%| F|  |TAMS 0x0000000088900000, 0x0000000088900000| Untracked 
| 118|0x0000000088a00000, 0x0000000088a00000, 0x0000000088b00000|  0%| F|  |TAMS 0x0000000088a00000, 0x0000000088a00000| Untracked 
| 119|0x0000000088b00000, 0x0000000088b00000, 0x0000000088c00000|  0%| F|  |TAMS 0x0000000088b00000, 0x0000000088b00000| Untracked 
| 120|0x0000000088c00000, 0x0000000088c00000, 0x0000000088d00000|  0%| F|  |TAMS 0x0000000088c00000, 0x0000000088c00000| Untracked 
| 121|0x0000000088d00000, 0x0000000088d00000, 0x0000000088e00000|  0%| F|  |TAMS 0x0000000088d00000, 0x0000000088d00000| Untracked 
| 122|0x0000000088e00000, 0x0000000088e00000, 0x0000000088f00000|  0%| F|  |TAMS 0x0000000088e00000, 0x0000000088e00000| Untracked 
| 123|0x0000000088f00000, 0x0000000088f721c0, 0x0000000089000000| 44%| S|  |TAMS 0x0000000088f00000, 0x0000000088f00000| Complete 
| 124|0x0000000089000000, 0x0000000089100000, 0x0000000089100000|100%| E|CS|TAMS 0x0000000089000000, 0x0000000089000000| Complete 
| 125|0x0000000089100000, 0x0000000089200000, 0x0000000089200000|100%| E|CS|TAMS 0x0000000089100000, 0x0000000089100000| Complete 
| 126|0x0000000089200000, 0x0000000089300000, 0x0000000089300000|100%| E|CS|TAMS 0x0000000089200000, 0x0000000089200000| Complete 
| 127|0x0000000089300000, 0x0000000089400000, 0x0000000089400000|100%| E|CS|TAMS 0x0000000089300000, 0x0000000089300000| Complete 

Card table byte_map: [0x000001b545be0000,0x000001b545fe0000] _byte_map_base: 0x000001b5457d6000

Marking Bits (Prev, Next): (CMBitMap*) 0x000001b52e4328f8, (CMBitMap*) 0x000001b52e432938
 Prev Bits: [0x000001b5463e0000, 0x000001b548390000)
 Next Bits: [0x000001b548390000, 0x000001b54a340000)

Polling page: 0x000001b52c3d0000

Metaspace:

Usage:
  Non-class:      4.74 MB capacity,     4.21 MB ( 89%) used,   526.52 KB ( 11%) free+waste,    18.63 KB ( <1%) overhead. 
      Class:    721.00 KB capacity,   614.44 KB ( 85%) used,    95.69 KB ( 13%) free+waste,    10.88 KB (  2%) overhead. 
       Both:      5.45 MB capacity,     4.81 MB ( 88%) used,   622.20 KB ( 11%) free+waste,    29.50 KB ( <1%) overhead. 

Virtual space:
  Non-class space:        8.00 MB reserved,       4.75 MB ( 59%) committed 
      Class space:        1.00 GB reserved,     768.00 KB ( <1%) committed 
             Both:        1.01 GB reserved,       5.50 MB ( <1%) committed 

Chunk freelists:
   Non-Class:  1.13 KB
       Class:  1.88 KB
        Both:  3.00 KB

CodeHeap 'non-profiled nmethods': size=238912Kb used=1466Kb max_used=1466Kb free=237445Kb
 bounds [0x000001b536e90000, 0x000001b537100000, 0x000001b5457e0000]
CodeHeap 'non-nmethods': size=6848Kb used=1120Kb max_used=1120Kb free=5727Kb
 bounds [0x000001b5367e0000, 0x000001b536a50000, 0x000001b536e90000]
 total_blobs=1455 nmethods=1015 adapters=351
 compilation: enabled
              stopped_count=0, restarted_count=0
 full_count=0

Compilation events (10 events):
Event: 0.721 Thread 0x000001b54c856000 nmethod 1010 0x000001b536ffac90 code [0x000001b536ffae40, 0x000001b536ffaf78]
Event: 0.722 Thread 0x000001b54c856000 1012   !   1       jdk.internal.loader.URLClassPath$JarLoader::getResource (353 bytes)
Event: 0.723 Thread 0x000001b54c856000 nmethod 1012 0x000001b536ffb010 code [0x000001b536ffb400, 0x000001b536ffc510]
Event: 0.723 Thread 0x000001b54c856000 1014       1       sun.net.www.ParseUtil::firstEncodeIndex (86 bytes)
Event: 0.724 Thread 0x000001b54c856000 nmethod 1014 0x000001b536ffd890 code [0x000001b536ffda80, 0x000001b536ffddf0]
Event: 0.724 Thread 0x000001b54c856000 1013       1       jdk.internal.util.jar.JarIndex::get (49 bytes)
Event: 0.724 Thread 0x000001b54c856000 nmethod 1013 0x000001b536ffe090 code [0x000001b536ffe280, 0x000001b536ffe5d0]
Event: 0.724 Thread 0x000001b54c856000 1015       1       java.io.FilterInputStream::<init> (10 bytes)
Event: 0.724 Thread 0x000001b54c856000 nmethod 1015 0x000001b536ffe790 code [0x000001b536ffe940, 0x000001b536ffead8]
Event: 0.724 Thread 0x000001b54c856000 1016   !   1       java.net.URL::<init> (543 bytes)

GC Heap History (3 events):
Event: 0.657 GC heap before
{Heap before GC invocations=0 (full 0):
 garbage-first heap   total 131072K, used 13312K [0x0000000081400000, 0x0000000100000000)
  region size 1024K, 14 young (14336K), 0 survivors (0K)
 Metaspace       used 4097K, capacity 4945K, committed 4992K, reserved 1056768K
  class space    used 516K, capacity 593K, committed 640K, reserved 1048576K
}
Event: 0.661 GC heap after
{Heap after GC invocations=1 (full 0):
 garbage-first heap   total 131072K, used 7227K [0x0000000081400000, 0x0000000100000000)
  region size 1024K, 2 young (2048K), 2 survivors (2048K)
 Metaspace       used 4097K, capacity 4945K, committed 4992K, reserved 1056768K
  class space    used 516K, capacity 593K, committed 640K, reserved 1048576K
}
Event: 0.724 GC heap before
{Heap before GC invocations=1 (full 0):
 garbage-first heap   total 131072K, used 10299K [0x0000000081400000, 0x0000000100000000)
  region size 1024K, 6 young (6144K), 2 survivors (2048K)
 Metaspace       used 4924K, capacity 5576K, committed 5632K, reserved 1056768K
  class space    used 614K, capacity 721K, committed 768K, reserved 1048576K
}

Deoptimization events (0 events):
No events

Classes redefined (0 events):
No events

Internal exceptions (10 events):
Event: 0.400 Thread 0x000001b52e3f2800 Exception <a 'java/lang/NoSuchMethodError'{0x000000008895fc40}: java.lang.invoke.DirectMethodHandle$Holder.invokeStaticInit(Ljava/lang/Object;Ljava/lang/Object;Ljava/lang/Object;)Ljava/lang/Object;> (0x000000008895fc40) thrown at [t:/workspace/open/src/ho
Event: 0.403 Thread 0x000001b52e3f2800 Exception <a 'java/lang/NoSuchMethodError'{0x0000000088979100}: java.lang.invoke.DirectMethodHandle$Holder.invokeInterface(Ljava/lang/Object;Ljava/lang/Object;)I> (0x0000000088979100) thrown at [t:/workspace/open/src/hotspot/share/interpreter/linkResolver
Event: 0.403 Thread 0x000001b52e3f2800 Exception <a 'java/lang/IncompatibleClassChangeError'{0x000000008897bc00}: Found class java.lang.Object, but interface was expected> (0x000000008897bc00) thrown at [t:/workspace/open/src/hotspot/share/interpreter/linkResolver.cpp, line 843]
Event: 0.498 Thread 0x000001b52e3f2800 Exception <a 'java/lang/NoSuchMethodError'{0x000000008879be58}: java.lang.invoke.DirectMethodHandle$Holder.invokeSpecialIFC(Ljava/lang/Object;Ljava/lang/Object;Ljava/lang/Object;)I> (0x000000008879be58) thrown at [t:/workspace/open/src/hotspot/share/inter
Event: 0.511 Thread 0x000001b52e3f2800 Exception <a 'java/lang/NoSuchMethodError'{0x00000000887fcf50}: java.lang.invoke.DirectMethodHandle$Holder.invokeStaticInit(Ljava/lang/Object;IIII)Ljava/lang/Object;> (0x00000000887fcf50) thrown at [t:/workspace/open/src/hotspot/share/interpreter/linkReso
Event: 0.634 Thread 0x000001b52e3f2800 Exception <a 'java/lang/NoSuchMethodError'{0x0000000088646eb8}: java.lang.invoke.DirectMethodHandle$Holder.invokeStaticInit(Ljava/lang/Object;Ljava/lang/Object;IIII)Ljava/lang/Object;> (0x0000000088646eb8) thrown at [t:/workspace/open/src/hotspot/share/in
Event: 0.642 Thread 0x000001b52e3f2800 Exception <a 'java/lang/ClassNotFoundException'{0x0000000088662520}: javax/management/remote/rmi/RMIServerImpl_Skel> (0x0000000088662520) thrown at [t:/workspace/open/src/hotspot/share/classfile/systemDictionary.cpp, line 235]
Event: 0.672 Thread 0x000001b52e3f2800 Exception <a 'java/lang/ClassNotFoundException'{0x0000000089353d70}: jdk/internal/agent/resources/spi/agentProvider> (0x0000000089353d70) thrown at [t:/workspace/open/src/hotspot/share/classfile/systemDictionary.cpp, line 235]
Event: 0.709 Thread 0x000001b52e3f2800 Exception <a 'java/lang/ClassNotFoundException'{0x0000000089002888}: javax/smartcardio/CardPermission> (0x0000000089002888) thrown at [t:/workspace/open/src/hotspot/share/classfile/systemDictionary.cpp, line 235]
Event: 0.715 Thread 0x000001b52e3f2800 Exception <a 'java/io/FileNotFoundException'{0x00000000890106c0}> (0x00000000890106c0) thrown at [t:/workspace/open/src/hotspot/share/prims/jni.cpp, line 615]

Events (10 events):
Event: 0.723 loading class ch/qos/logback/core/filter/Filter done
Event: 0.723 loading class java/util/concurrent/atomic/AtomicBoolean
Event: 0.723 loading class java/util/concurrent/atomic/AtomicBoolean done
Event: 0.723 loading class ch/qos/logback/core/joran/spi/ConsoleTarget
Event: 0.723 loading class ch/qos/logback/core/joran/spi/ConsoleTarget done
Event: 0.724 loading class ch/qos/logback/core/joran/spi/ConsoleTarget$1
Event: 0.724 loading class ch/qos/logback/core/joran/spi/ConsoleTarget$1 done
Event: 0.724 loading class ch/qos/logback/core/joran/spi/ConsoleTarget$2
Event: 0.724 loading class ch/qos/logback/core/joran/spi/ConsoleTarget$2 done
Event: 0.724 Executing VM operation: G1CollectForAllocation


Dynamic libraries:
0x00007ff7b11b0000 - 0x00007ff7b11bd000 	C:\APPS\jdk-12.0.1\bin\javaw.exe
0x00007ff84a140000 - 0x00007ff84a321000 	C:\WINDOWS\SYSTEM32\ntdll.dll
0x00007ff848c10000 - 0x00007ff848cc1000 	C:\WINDOWS\System32\KERNEL32.DLL
0x00007ff847330000 - 0x00007ff8475a3000 	C:\WINDOWS\System32\KERNELBASE.dll
0x00007ff847180000 - 0x00007ff847278000 	C:\WINDOWS\System32\ucrtbase.dll
0x00007ff825e40000 - 0x00007ff825e56000 	C:\APPS\jdk-12.0.1\bin\VCRUNTIME140.dll
0x00007ff824d00000 - 0x00007ff824d17000 	C:\APPS\jdk-12.0.1\bin\jli.dll
0x00007ff847e40000 - 0x00007ff847fd0000 	C:\WINDOWS\System32\USER32.dll
0x00007ff8475b0000 - 0x00007ff8475d0000 	C:\WINDOWS\System32\win32u.dll
0x00007ff835a60000 - 0x00007ff835cc9000 	C:\WINDOWS\WinSxS\amd64_microsoft.windows.common-controls_6595b64144ccf1df_6.0.17134.829_none_fb46a5473061b9d5\COMCTL32.dll
0x00007ff8475d0000 - 0x00007ff8475f8000 	C:\WINDOWS\System32\GDI32.dll
0x00007ff8485e0000 - 0x00007ff84867e000 	C:\WINDOWS\System32\msvcrt.dll
0x00007ff8465c0000 - 0x00007ff846751000 	C:\WINDOWS\System32\gdi32full.dll
0x00007ff8470e0000 - 0x00007ff84717f000 	C:\WINDOWS\System32\msvcp_win.dll
0x00007ff848070000 - 0x00007ff848392000 	C:\WINDOWS\System32\combase.dll
0x00007ff847a30000 - 0x00007ff847b54000 	C:\WINDOWS\System32\RPCRT4.dll
0x00007ff847060000 - 0x00007ff8470da000 	C:\WINDOWS\System32\bcryptPrimitives.dll
0x00007ff847ce0000 - 0x00007ff847d0d000 	C:\WINDOWS\System32\IMM32.DLL
0x00007ff80eab0000 - 0x00007ff80eb5a000 	C:\APPS\jdk-12.0.1\bin\msvcp140.dll
0x00007ffff28b0000 - 0x00007ffff3424000 	C:\APPS\jdk-12.0.1\bin\server\jvm.dll
0x00007ff847d90000 - 0x00007ff847e31000 	C:\WINDOWS\System32\ADVAPI32.dll
0x00007ff8486e0000 - 0x00007ff84873b000 	C:\WINDOWS\System32\sechost.dll
0x00007ff848b90000 - 0x00007ff848b98000 	C:\WINDOWS\System32\PSAPI.DLL
0x00007ff844440000 - 0x00007ff844463000 	C:\WINDOWS\SYSTEM32\WINMM.dll
0x00007ff833e40000 - 0x00007ff833e49000 	C:\WINDOWS\SYSTEM32\WSOCK32.dll
0x00007ff8450a0000 - 0x00007ff8450aa000 	C:\WINDOWS\SYSTEM32\VERSION.dll
0x00007ff848540000 - 0x00007ff8485ac000 	C:\WINDOWS\System32\WS2_32.dll
0x00007ff843ff0000 - 0x00007ff84401a000 	C:\WINDOWS\SYSTEM32\winmmbase.dll
0x00007ff846570000 - 0x00007ff8465b9000 	C:\WINDOWS\System32\cfgmgr32.dll
0x00007ff8464e0000 - 0x00007ff8464f1000 	C:\WINDOWS\System32\kernel.appcore.dll
0x00007ff81aea0000 - 0x00007ff81aeb1000 	C:\APPS\jdk-12.0.1\bin\verify.dll
0x00007ff837a90000 - 0x00007ff837c59000 	C:\WINDOWS\SYSTEM32\DBGHELP.DLL
0x00007ff837a60000 - 0x00007ff837a89000 	C:\WINDOWS\SYSTEM32\dbgcore.DLL
0x00007ff81a6e0000 - 0x00007ff81a706000 	C:\APPS\jdk-12.0.1\bin\java.dll
0x00007ff81ae80000 - 0x00007ff81ae97000 	C:\APPS\jdk-12.0.1\bin\zip.dll
0x00007ff835900000 - 0x00007ff83590a000 	C:\APPS\jdk-12.0.1\bin\jimage.dll
0x00007ff848cd0000 - 0x00007ff84a110000 	C:\WINDOWS\System32\SHELL32.dll
0x00007ff847980000 - 0x00007ff847a29000 	C:\WINDOWS\System32\shcore.dll
0x00007ff846760000 - 0x00007ff846e6d000 	C:\WINDOWS\System32\windows.storage.dll
0x00007ff847920000 - 0x00007ff847971000 	C:\WINDOWS\System32\shlwapi.dll
0x00007ff846450000 - 0x00007ff84646f000 	C:\WINDOWS\System32\profapi.dll
0x00007ff846470000 - 0x00007ff8464bc000 	C:\WINDOWS\System32\powrprof.dll
0x00007ff846500000 - 0x00007ff84650a000 	C:\WINDOWS\System32\FLTLIB.DLL
0x00007ff81a360000 - 0x00007ff81a379000 	C:\APPS\jdk-12.0.1\bin\net.dll
0x00007ff841d50000 - 0x00007ff841e2d000 	C:\WINDOWS\SYSTEM32\WINHTTP.dll
0x00007ff837830000 - 0x00007ff8379f9000 	C:\WINDOWS\SYSTEM32\urlmon.dll
0x00007ff838440000 - 0x00007ff8386e6000 	C:\WINDOWS\SYSTEM32\iertutil.dll
0x00007ff845ea0000 - 0x00007ff845eab000 	C:\WINDOWS\SYSTEM32\CRYPTBASE.DLL
0x00007ff845cd0000 - 0x00007ff845d36000 	C:\WINDOWS\system32\mswsock.dll
0x00007ff8185f0000 - 0x00007ff818603000 	C:\APPS\jdk-12.0.1\bin\nio.dll
0x00007ff831090000 - 0x00007ff831099000 	C:\APPS\jdk-12.0.1\bin\management.dll
0x00007ff82ff30000 - 0x00007ff82ff3c000 	C:\APPS\jdk-12.0.1\bin\management_ext.dll
0x00007ff8307f0000 - 0x00007ff830806000 	C:\WINDOWS\system32\napinsp.dll
0x00007ff8307d0000 - 0x00007ff8307ea000 	C:\WINDOWS\system32\pnrpnsp.dll
0x00007ff842be0000 - 0x00007ff842bf9000 	C:\WINDOWS\system32\NLAapi.dll
0x00007ff845aa0000 - 0x00007ff845b5e000 	C:\WINDOWS\SYSTEM32\DNSAPI.dll
0x00007ff848c00000 - 0x00007ff848c08000 	C:\WINDOWS\System32\NSI.dll
0x00007ff845a60000 - 0x00007ff845a98000 	C:\WINDOWS\SYSTEM32\IPHLPAPI.DLL
0x00007ff830740000 - 0x00007ff83074e000 	C:\WINDOWS\System32\winrnr.dll
0x00007ff841520000 - 0x00007ff841535000 	C:\WINDOWS\System32\wshbth.dll
0x00007ff83ced0000 - 0x00007ff83ceda000 	C:\Windows\System32\rasadhlp.dll
0x00007ff841090000 - 0x00007ff841102000 	C:\WINDOWS\System32\fwpuclnt.dll
0x00007ff845fb0000 - 0x00007ff845fd5000 	C:\WINDOWS\SYSTEM32\bcrypt.dll
0x00007ff845e80000 - 0x00007ff845e97000 	C:\WINDOWS\SYSTEM32\CRYPTSP.dll
0x00007ff8458c0000 - 0x00007ff8458f3000 	C:\WINDOWS\system32\rsaenh.dll
0x00007ff846350000 - 0x00007ff846378000 	C:\WINDOWS\SYSTEM32\USERENV.dll
0x00007ff841570000 - 0x00007ff841586000 	C:\WINDOWS\SYSTEM32\dhcpcsvc6.DLL
0x00007ff841550000 - 0x00007ff84156a000 	C:\WINDOWS\SYSTEM32\dhcpcsvc.DLL

dbghelp: loaded successfully - version: 4.0.5 - missing functions: none
symbol engine: initialized successfully - sym options: 0x614 - pdb path: .;C:\APPS\jdk-12.0.1\bin;C:\WINDOWS\SYSTEM32;C:\WINDOWS\WinSxS\amd64_microsoft.windows.common-controls_6595b64144ccf1df_6.0.17134.829_none_fb46a5473061b9d5;C:\APPS\jdk-12.0.1\bin\server

VM Arguments:
jvm_args: -Dcom.sun.management.jmxremote -Dcom.sun.management.jmxremote.port=52139 -Dcom.sun.management.jmxremote.authenticate=false -Dcom.sun.management.jmxremote.ssl=false -Djava.rmi.server.hostname=localhost -Dspring.jmx.enabled=true -Dspring.application.admin.enabled=true -Xverify:none -XX:TieredStopAtLevel=1 -Dfile.encoding=MS949 
java_command: com.wabu.d2project.D2projectApplication --spring.output.ansi.enabled=always
java_class_path (initial): E:\workplace\project\d2project\bin\main;C:\Users\USER\.gradle\caches\modules-2\files-2.1\org.springframework.boot\spring-boot-starter-data-mongodb\2.1.6.RELEASE\2474b0d70d4dc2d01ace3bfea476ef52048d679d\spring-boot-starter-data-mongodb-2.1.6.RELEASE.jar;C:\Users\USER\.gradle\caches\modules-2\files-2.1\org.springframework.boot\spring-boot-starter-data-mongodb-reactive\2.1.6.RELEASE\90934e750b9b5d880657d245e9727484aed19017\spring-boot-starter-data-mongodb-reactive-2.1.6.RELEASE.jar;C:\Users\USER\.gradle\caches\modules-2\files-2.1\org.springframework.boot\spring-boot-starter-data-rest\2.1.6.RELEASE\bf60ed8757219a1cc1043545d2c68dff4c0b7987\spring-boot-starter-data-rest-2.1.6.RELEASE.jar;C:\Users\USER\.gradle\caches\modules-2\files-2.1\org.springframework.boot\spring-boot-starter-hateoas\2.1.6.RELEASE\b2aa366d67cd20249d346ae62e0de92275e22493\spring-boot-starter-hateoas-2.1.6.RELEASE.jar;C:\Users\USER\.gradle\caches\modules-2\files-2.1\org.springframework.boot\spring-boot-starter-jersey\2.1.6.RELEASE\99d8b2657d96a86c2a99def6818f8ceed928df6\spring-boot-starter-jersey-2.1.6.RELEASE.jar;C:\Users\USER\.gradle\caches\modules-2\files-2.1\org.springframework.boot\spring-boot-starter-web-services\2.1.6.RELEASE\f0aace1fa923f7d294e9ef910de485760c38161\spring-boot-starter-web-services-2.1.6.RELEASE.jar;C:\Users\USER\.gradle\caches\modules-2\files-2.1\com.vaadin\vaadin-spring-boot-starter\13.0.9\6cdffa03fafc951bf7f49048952108a597c34277\vaadin-spring-boot-starter-13.0.9.jar;C:\Users\USER\.gradle\caches\modules-2\files-2.1\org.springframework.boot\spring-boot-starter-web\2.1.6.RELEASE\8d232c9366b4ef3f5a919e48efb2228528391914\spring-boot-starter-web-2.1.6.RELEASE.jar;C:\Users\USER\.gradle\caches\modules-2\files-2.1\org.springframework.boot\spring-boot-starter-webflux\2.1.6.RELEASE\3371f4463104ce7bddad990719c04aaa8922449a\spring-boot-starter-webflux-2.1.6.RELEASE.jar;C:\Users\USER\.gradle\caches\modules-2\files-2.1\org.springframework.data\spring-data-rest-hal
Launcher Type: SUN_STANDARD

[Global flags]
     bool BytecodeVerificationLocal                = false                                     {product} {command line}
     bool BytecodeVerificationRemote               = false                                     {product} {command line}
     intx CICompilerCount                          = 3                                         {product} {ergonomic}
     uint ConcGCThreads                            = 1                                         {product} {ergonomic}
     uint G1ConcRefinementThreads                  = 4                                         {product} {ergonomic}
   size_t G1HeapRegionSize                         = 1048576                                   {product} {ergonomic}
    uintx GCDrainStackTargetSize                   = 64                                        {product} {ergonomic}
   size_t InitialHeapSize                          = 134217728                                 {product} {ergonomic}
     bool ManagementServer                         = true                                      {product} {command line}
   size_t MarkStackSize                            = 4194304                                   {product} {ergonomic}
   size_t MaxHeapSize                              = 2126512128                                {product} {ergonomic}
   size_t MaxNewSize                               = 1275068416                                {product} {ergonomic}
   size_t MinHeapDeltaBytes                        = 1048576                                   {product} {ergonomic}
    uintx NonNMethodCodeHeapSize                   = 6973028                                {pd product} {ergonomic}
    uintx NonProfiledCodeHeapSize                  = 244685212                              {pd product} {ergonomic}
    uintx ProfiledCodeHeapSize                     = 0                                      {pd product} {ergonomic}
    uintx ReservedCodeCacheSize                    = 251658240                              {pd product} {ergonomic}
     bool SegmentedCodeCache                       = true                                      {product} {ergonomic}
     intx TieredStopAtLevel                        = 1                                         {product} {command line}
     bool UseCompressedClassPointers               = true                                 {lp64_product} {ergonomic}
     bool UseCompressedOops                        = true                                 {lp64_product} {ergonomic}
     bool UseG1GC                                  = true                                      {product} {ergonomic}
     bool UseLargePagesIndividualAllocation        = false                                  {pd product} {ergonomic}

Logging:
Log output configuration:
 #0: stdout all=warning uptime,level,tags
 #1: stderr all=off uptime,level,tags

Environment Variables:
CLASSPATH=C:\APPS\jdk-12.0.1\lib
PATH=C:/APPS/jdk 1.8/bin/server;C:/APPS/jdk 1.8/bin;C:/APPS/jdk 1.8/lib/amd64;C:\Program Files (x86)\Common Files\Oracle\Java\javapath;C:\APPS\oracle\product\11.2.0\dbhome_1\bin;C:\Program Files (x86)\Intel\iCLS Client\;C:\Program Files\Intel\iCLS Client\;C:\WINDOWS\system32;C:\WINDOWS;C:\WINDOWS\System32\Wbem;C:\WINDOWS\System32\WindowsPowerShell\v1.0\;C:\Program Files\Intel\WiFi\bin\;C:\Program Files\Common Files\Intel\WirelessCommon\;C:\Program Files (x86)\Intel\Intel(R) Management Engine Components\DAL;C:\Program Files\Intel\Intel(R) Management Engine Components\DAL;C:\Program Files (x86)\Intel\Intel(R) Management Engine Components\IPT;C:\Program Files\Intel\Intel(R) Management Engine Components\IPT;C:\APPS\apache-maven-3.6.1;\bin\;C:\APPS\jdk-12.0.1\bin\;C:\APPS\oracle instantclient\instantclient_18_5;C:\Program Files\MySQL\MySQL Shell 8.0\bin\;C:\WINDOWS\System32\OpenSSH\;C:\Program Files\PuTTY\;C:\Program Files\MySQL\MySQL Server 8.0\bin;C:\Program Files\MongoDB\Server\4.0\bin;C:\Program Files\MySQL\MySQL Shell 8.0\bin\;C:\APPS\sts-4.3.0.RELEASE;
USERNAME=USER
OS=Windows_NT
PROCESSOR_IDENTIFIER=Intel64 Family 6 Model 158 Stepping 9, GenuineIntel



---------------  S Y S T E M  ---------------

OS: Windows 10 , 64 bit Build 17134 (10.0.17134.753)

CPU:total 4 (initial active 4) (4 cores per cpu, 1 threads per core) family 6 model 158 stepping 9, cmov, cx8, fxsr, mmx, sse, sse2, sse3, ssse3, sse4.1, sse4.2, popcnt, avx, avx2, aes, clmul, erms, 3dnowpref, lzcnt, tsc, tscinvbit, bmi1, bmi2, adx, fma

Memory: 4k page, system-wide physical 8106M (2022M free)
TotalPageFile size 11256M (AvailPageFile size 2105M)
current process WorkingSet (physical memory assigned to process): 65M, peak: 65M
current process commit charge ("private bytes"): 206M, peak: 206M

vm_info: OpenJDK 64-Bit Server VM (12.0.1+12) for windows-amd64 JRE (12.0.1+12), built on Apr  2 2019 08:16:31 by "mach5one" with MS VC++ 15.5 (VS2017)

END.
