#
# A fatal error has been detected by the Java Runtime Environment:
#
#  EXCEPTION_ACCESS_VIOLATION (0xc0000005) at pc=0x00007ffff2f13a05, pid=900, tid=13828
#
# JRE version: OpenJDK Runtime Environment (12.0.1+12) (build 12.0.1+12)
# Java VM: OpenJDK 64-Bit Server VM (12.0.1+12, mixed mode, sharing, tiered, compressed oops, g1 gc, windows-amd64)
# Problematic frame:
# V  [jvm.dll+0x663a05]
#
# No core dump will be written. Minidumps are not enabled by default on client versions of Windows
#
# If you would like to submit a bug report, please visit:
#   http://bugreport.java.com/bugreport/crash.jsp
#

---------------  S U M M A R Y ------------

Command Line: -Dcom.sun.management.jmxremote -Dcom.sun.management.jmxremote.port=65442 -Dcom.sun.management.jmxremote.authenticate=false -Dcom.sun.management.jmxremote.ssl=false -Djava.rmi.server.hostname=localhost -Dspring.jmx.enabled=true -Dspring.application.admin.enabled=true -Xverify:none -XX:TieredStopAtLevel=1 -Dfile.encoding=MS949 com.wabu.d2project.D2projectApplication --spring.output.ansi.enabled=always

Host: Intel(R) Core(TM) i5-7400 CPU @ 3.00GHz, 4 cores, 7G,  Windows 10 , 64 bit Build 17134 (10.0.17134.753)
Time: Tue Jul  2 15:25:37 2019 ¢¥eCN©öI¡¾©ö C¡ÍA¨ª¨öA elapsed time: 0 seconds (0d 0h 0m 0s)

---------------  T H R E A D  ---------------

Current thread (0x0000018da488e000):  WatcherThread [stack: 0x00000072c8e00000,0x00000072c8f00000] [id=13828]

Stack: [0x00000072c8e00000,0x00000072c8f00000],  sp=0x00000072c8eff840,  free space=1022k
Native frames: (J=compiled Java code, j=interpreted, Vv=VM code, C=native code)
V  [jvm.dll+0x663a05]
V  [jvm.dll+0x6cb73f]
V  [jvm.dll+0x71adbd]
V  [jvm.dll+0x74f4d9]
V  [jvm.dll+0x748318]
V  [jvm.dll+0x638276]
C  [ucrtbase.dll+0x1e3fe]
C  [KERNEL32.DLL+0x14034]
C  [ntdll.dll+0x73691]


siginfo: EXCEPTION_ACCESS_VIOLATION (0xc0000005), reading address 0x0000000400000003


Register to memory mapping:

RIP=0x00007ffff2f13a05 jvm.dll
RAX=0x0000000400000003 is an unknown value
RBX=0x0000018da47da710 points into unknown readable memory: e0 3d 19 f3 ff 7f 00 00
RCX=0x0000018da482cc30 points into unknown readable memory: 03 00 00 00 04 00 00 00
RDX=0x0000000000000032 is an unknown value
RSP=0x00000072c8eff840 points into unknown readable memory: b0 e3 1f 85 8d 01 00 00
RBP=0x0000000000000002 is an unknown value
RSI=0x0000018da482cbc0 points into unknown readable memory: 10 e4 7f a4 8d 01 00 00
RDI=0x0 is NULL
R8 =0x0 is NULL
R9 =0x0000018d8d5f0b80 is at begin+0 in a stub
StubRoutines::atomic_cmpxchg_long [0x0000018d8d5f0b80, 0x0000018d8d5f0b89[ (9 bytes)
R10=0x0 is NULL
R11=0x0000000000000246 is an unknown value
R12=0x0 is NULL
R13=0x0000018da488e000 points into unknown readable memory: 00 17 1a f3 ff 7f 00 00
R14=0x0000000000000032 is an unknown value
R15=0x0000018da4826090 points into unknown readable memory: 00 00 00 00 00 00 00 00


Registers:
RAX=0x0000000400000003, RBX=0x0000018da47da710, RCX=0x0000018da482cc30, RDX=0x0000000000000032
RSP=0x00000072c8eff840, RBP=0x0000000000000002, RSI=0x0000018da482cbc0, RDI=0x0000000000000000
R8 =0x0000000000000000, R9 =0x0000018d8d5f0b80, R10=0x0000000000000000, R11=0x0000000000000246
R12=0x0000000000000000, R13=0x0000018da488e000, R14=0x0000000000000032, R15=0x0000018da4826090
RIP=0x00007ffff2f13a05, EFLAGS=0x0000000000010206

Top of Stack: (sp=0x00000072c8eff840)
0x00000072c8eff840:   0000018d851fe3b0 0000018d851fe3b0
0x00000072c8eff850:   0000000000000001 00007ffff2ebcf40
0x00000072c8eff860:   0000000000000000 00007ffff2f7b73f
0x00000072c8eff870:   0000018da488e000 0000018da488e000
0x00000072c8eff880:   000051dd9d93dfb1 00007ffff2ebd979
0x00000072c8eff890:   00007ffff336e8e8 00007ffff2fcadbd
0x00000072c8eff8a0:   0000000000000001 0000018d851fe3b0
0x00000072c8eff8b0:   0000018d851fe3b0 431bde82d7b634db
0x00000072c8eff8c0:   0000018da4826090 000051dd9d93dfb1
0x00000072c8eff8d0:   0000018d851fe3b0 00007ffff2fff4d9
0x00000072c8eff8e0:   0000000000000001 0000000000000032
0x00000072c8eff8f0:   0000000000000032 0000000000000002
0x00000072c8eff900:   0000000000000000 0000000000000000
0x00000072c8eff910:   0000000000000000 00007ffff2c7f1ee
0x00000072c8eff920:   0000000000000030 00000072c8eff958
0x00000072c8eff930:   0000000000100000 00007ffff2ee2a2a 

Instructions: (pc=0x00007ffff2f13a05)
0x00007ffff2f139e5:   70 48 83 c4 50 5f c3 cc cc cc cc 40 53 48 83 ec
0x00007ffff2f139f5:   20 48 8b d9 48 8b 49 38 48 85 c9 74 0c 48 8b 01
0x00007ffff2f13a05:   ff 10 48 8b 4b 28 48 89 01 48 83 c4 20 5b c3 cc
0x00007ffff2f13a15:   cc cc cc cc cc cc cc cc cc cc cc 48 89 5c 24 08 


Stack slot to memory mapping:
stack at sp + 0 slots: 0x0000018d851fe3b0 points into unknown readable memory: 01 00 00 00 00 00 00 00
stack at sp + 1 slots: 0x0000018d851fe3b0 points into unknown readable memory: 01 00 00 00 00 00 00 00
stack at sp + 2 slots: 0x0000000000000001 is an unknown value
stack at sp + 3 slots: 0x00007ffff2ebcf40 jvm.dll
stack at sp + 4 slots: 0x0 is NULL
stack at sp + 5 slots: 0x00007ffff2f7b73f jvm.dll
stack at sp + 6 slots: 0x0000018da488e000 points into unknown readable memory: 00 17 1a f3 ff 7f 00 00
stack at sp + 7 slots: 0x0000018da488e000 points into unknown readable memory: 00 17 1a f3 ff 7f 00 00


---------------  P R O C E S S  ---------------

Threads class SMR info:
_java_thread_list=0x0000018da47fe890, length=12, elements={
0x0000018d85200000, 0x0000018da362b800, 0x0000018da3638000, 0x0000018da364a000,
0x0000018da364b000, 0x0000018da364d000, 0x0000018da367b800, 0x0000018da360f000,
0x0000018da40b7000, 0x0000018da4816000, 0x0000018da481c000, 0x0000018da488c800
}

Java Threads: ( => current thread )
  0x0000018d85200000 JavaThread "main" [_thread_in_vm, id=13424, stack(0x00000072c7800000,0x00000072c7900000)]
  0x0000018da362b800 JavaThread "Reference Handler" daemon [_thread_blocked, id=7396, stack(0x00000072c7f00000,0x00000072c8000000)]
  0x0000018da3638000 JavaThread "Finalizer" daemon [_thread_blocked, id=10680, stack(0x00000072c8000000,0x00000072c8100000)]
  0x0000018da364a000 JavaThread "Signal Dispatcher" daemon [_thread_blocked, id=6652, stack(0x00000072c8100000,0x00000072c8200000)]
  0x0000018da364b000 JavaThread "Attach Listener" daemon [_thread_blocked, id=3500, stack(0x00000072c8200000,0x00000072c8300000)]
  0x0000018da364d000 JavaThread "C1 CompilerThread0" daemon [_thread_in_vm, id=13456, stack(0x00000072c8300000,0x00000072c8400000)]
  0x0000018da367b800 JavaThread "Sweeper thread" daemon [_thread_blocked, id=10836, stack(0x00000072c8400000,0x00000072c8500000)]
  0x0000018da360f000 JavaThread "Common-Cleaner" daemon [_thread_blocked, id=1944, stack(0x00000072c8500000,0x00000072c8600000)]
  0x0000018da40b7000 JavaThread "Service Thread" daemon [_thread_blocked, id=11112, stack(0x00000072c8600000,0x00000072c8700000)]
  0x0000018da4816000 JavaThread "RMI TCP Accept-0" daemon [_thread_in_native, id=2660, stack(0x00000072c8800000,0x00000072c8900000)]
  0x0000018da481c000 JavaThread "RMI TCP Accept-65442" daemon [_thread_in_native, id=2688, stack(0x00000072c8900000,0x00000072c8a00000)]
  0x0000018da488c800 JavaThread "RMI TCP Accept-0" daemon [_thread_in_native, id=10376, stack(0x00000072c8d00000,0x00000072c8e00000)]

Other Threads:
  0x0000018da3627800 VMThread "VM Thread" [stack: 0x00000072c7e00000,0x00000072c7f00000] [id=9120]
=>0x0000018da488e000 WatcherThread [stack: 0x00000072c8e00000,0x00000072c8f00000] [id=13828]
  0x0000018d85240800 GCTaskThread "GC Thread#0" [stack: 0x00000072c7900000,0x00000072c7a00000] [id=5356]
  0x0000018da482b800 GCTaskThread "GC Thread#1" [stack: 0x00000072c8a00000,0x00000072c8b00000] [id=11340]
  0x0000018da482c000 GCTaskThread "GC Thread#2" [stack: 0x00000072c8b00000,0x00000072c8c00000] [id=13780]
  0x0000018d8524e000 ConcurrentGCThread "G1 Main Marker" [stack: 0x00000072c7a00000,0x00000072c7b00000] [id=8996]
  0x0000018d85250800 ConcurrentGCThread "G1 Conc#0" [stack: 0x00000072c7b00000,0x00000072c7c00000] [id=11032]
  0x0000018da34a6800 ConcurrentGCThread "G1 Refine#0" [stack: 0x00000072c7c00000,0x00000072c7d00000] [id=980]
  0x0000018da4131800 ConcurrentGCThread "G1 Refine#1" [stack: 0x00000072c8c00000,0x00000072c8d00000] [id=8224]
  0x0000018d852bd800 ConcurrentGCThread "G1 Young RemSet Sampling" [stack: 0x00000072c7d00000,0x00000072c7e00000] [id=4544]

Threads with active compile tasks:

VM state:not at safepoint (normal execution)

VM Mutex/Monitor currently owned by a thread:  ([mutex/lock_event])
[0x0000018d851fe3b0] PeriodicTask_lock - owner thread: 0x0000018da488e000

Heap address: 0x0000000081400000, size: 2028 MB, Compressed Oops mode: 32-bit
Narrow klass base: 0x0000000800000000, Narrow klass shift: 3
Compressed class space size: 1073741824 Address: 0x00000008011a0000

Heap:
 garbage-first heap   total 131072K, used 12272K [0x0000000081400000, 0x0000000100000000)
  region size 1024K, 6 young (6144K), 1 survivors (1024K)
 Metaspace       used 5850K, capacity 6344K, committed 6528K, reserved 1056768K
  class space    used 719K, capacity 829K, committed 896K, reserved 1048576K
Heap Regions: E=young(eden), S=young(survivor), O=old, HS=humongous(starts), HC=humongous(continues), CS=collection set, F=free, A=archive, TAMS=top-at-mark-start (previous, next)
|   0|0x0000000081400000, 0x0000000081500000, 0x0000000081500000|100%| O|  |TAMS 0x0000000081400000, 0x0000000081400000| Untracked 
|   1|0x0000000081500000, 0x0000000081600000, 0x0000000081600000|100%| O|  |TAMS 0x0000000081500000, 0x0000000081500000| Untracked 
|   2|0x0000000081600000, 0x0000000081700000, 0x0000000081700000|100%| O|  |TAMS 0x0000000081600000, 0x0000000081600000| Untracked 
|   3|0x0000000081700000, 0x0000000081800000, 0x0000000081800000|100%| O|  |TAMS 0x0000000081700000, 0x0000000081700000| Untracked 
|   4|0x0000000081800000, 0x0000000081900000, 0x0000000081900000|100%| O|  |TAMS 0x0000000081800000, 0x0000000081800000| Untracked 
|   5|0x0000000081900000, 0x0000000081a00000, 0x0000000081a00000|100%| O|  |TAMS 0x0000000081900000, 0x0000000081900000| Untracked 
|   6|0x0000000081a00000, 0x0000000081b00000, 0x0000000081b00000|100%| O|  |TAMS 0x0000000081a00000, 0x0000000081a00000| Untracked 
|   7|0x0000000081b00000, 0x0000000081b00000, 0x0000000081c00000|  0%| F|  |TAMS 0x0000000081b00000, 0x0000000081b00000| Untracked 
|   8|0x0000000081c00000, 0x0000000081c00000, 0x0000000081d00000|  0%| F|  |TAMS 0x0000000081c00000, 0x0000000081c00000| Untracked 
|   9|0x0000000081d00000, 0x0000000081d00000, 0x0000000081e00000|  0%| F|  |TAMS 0x0000000081d00000, 0x0000000081d00000| Untracked 
|  10|0x0000000081e00000, 0x0000000081e00000, 0x0000000081f00000|  0%| F|  |TAMS 0x0000000081e00000, 0x0000000081e00000| Untracked 
|  11|0x0000000081f00000, 0x0000000081f00000, 0x0000000082000000|  0%| F|  |TAMS 0x0000000081f00000, 0x0000000081f00000| Untracked 
|  12|0x0000000082000000, 0x0000000082000000, 0x0000000082100000|  0%| F|  |TAMS 0x0000000082000000, 0x0000000082000000| Untracked 
|  13|0x0000000082100000, 0x0000000082100000, 0x0000000082200000|  0%| F|  |TAMS 0x0000000082100000, 0x0000000082100000| Untracked 
|  14|0x0000000082200000, 0x0000000082200000, 0x0000000082300000|  0%| F|  |TAMS 0x0000000082200000, 0x0000000082200000| Untracked 
|  15|0x0000000082300000, 0x0000000082300000, 0x0000000082400000|  0%| F|  |TAMS 0x0000000082300000, 0x0000000082300000| Untracked 
|  16|0x0000000082400000, 0x0000000082400000, 0x0000000082500000|  0%| F|  |TAMS 0x0000000082400000, 0x0000000082400000| Untracked 
|  17|0x0000000082500000, 0x0000000082500000, 0x0000000082600000|  0%| F|  |TAMS 0x0000000082500000, 0x0000000082500000| Untracked 
|  18|0x0000000082600000, 0x0000000082600000, 0x0000000082700000|  0%| F|  |TAMS 0x0000000082600000, 0x0000000082600000| Untracked 
|  19|0x0000000082700000, 0x0000000082700000, 0x0000000082800000|  0%| F|  |TAMS 0x0000000082700000, 0x0000000082700000| Untracked 
|  20|0x0000000082800000, 0x0000000082800000, 0x0000000082900000|  0%| F|  |TAMS 0x0000000082800000, 0x0000000082800000| Untracked 
|  21|0x0000000082900000, 0x0000000082900000, 0x0000000082a00000|  0%| F|  |TAMS 0x0000000082900000, 0x0000000082900000| Untracked 
|  22|0x0000000082a00000, 0x0000000082a00000, 0x0000000082b00000|  0%| F|  |TAMS 0x0000000082a00000, 0x0000000082a00000| Untracked 
|  23|0x0000000082b00000, 0x0000000082b00000, 0x0000000082c00000|  0%| F|  |TAMS 0x0000000082b00000, 0x0000000082b00000| Untracked 
|  24|0x0000000082c00000, 0x0000000082c00000, 0x0000000082d00000|  0%| F|  |TAMS 0x0000000082c00000, 0x0000000082c00000| Untracked 
|  25|0x0000000082d00000, 0x0000000082d00000, 0x0000000082e00000|  0%| F|  |TAMS 0x0000000082d00000, 0x0000000082d00000| Untracked 
|  26|0x0000000082e00000, 0x0000000082e00000, 0x0000000082f00000|  0%| F|  |TAMS 0x0000000082e00000, 0x0000000082e00000| Untracked 
|  27|0x0000000082f00000, 0x0000000082f00000, 0x0000000083000000|  0%| F|  |TAMS 0x0000000082f00000, 0x0000000082f00000| Untracked 
|  28|0x0000000083000000, 0x0000000083000000, 0x0000000083100000|  0%| F|  |TAMS 0x0000000083000000, 0x0000000083000000| Untracked 
|  29|0x0000000083100000, 0x0000000083100000, 0x0000000083200000|  0%| F|  |TAMS 0x0000000083100000, 0x0000000083100000| Untracked 
|  30|0x0000000083200000, 0x0000000083200000, 0x0000000083300000|  0%| F|  |TAMS 0x0000000083200000, 0x0000000083200000| Untracked 
|  31|0x0000000083300000, 0x0000000083300000, 0x0000000083400000|  0%| F|  |TAMS 0x0000000083300000, 0x0000000083300000| Untracked 
|  32|0x0000000083400000, 0x0000000083400000, 0x0000000083500000|  0%| F|  |TAMS 0x0000000083400000, 0x0000000083400000| Untracked 
|  33|0x0000000083500000, 0x0000000083500000, 0x0000000083600000|  0%| F|  |TAMS 0x0000000083500000, 0x0000000083500000| Untracked 
|  34|0x0000000083600000, 0x0000000083600000, 0x0000000083700000|  0%| F|  |TAMS 0x0000000083600000, 0x0000000083600000| Untracked 
|  35|0x0000000083700000, 0x0000000083700000, 0x0000000083800000|  0%| F|  |TAMS 0x0000000083700000, 0x0000000083700000| Untracked 
|  36|0x0000000083800000, 0x0000000083800000, 0x0000000083900000|  0%| F|  |TAMS 0x0000000083800000, 0x0000000083800000| Untracked 
|  37|0x0000000083900000, 0x0000000083900000, 0x0000000083a00000|  0%| F|  |TAMS 0x0000000083900000, 0x0000000083900000| Untracked 
|  38|0x0000000083a00000, 0x0000000083a00000, 0x0000000083b00000|  0%| F|  |TAMS 0x0000000083a00000, 0x0000000083a00000| Untracked 
|  39|0x0000000083b00000, 0x0000000083b00000, 0x0000000083c00000|  0%| F|  |TAMS 0x0000000083b00000, 0x0000000083b00000| Untracked 
|  40|0x0000000083c00000, 0x0000000083c00000, 0x0000000083d00000|  0%| F|  |TAMS 0x0000000083c00000, 0x0000000083c00000| Untracked 
|  41|0x0000000083d00000, 0x0000000083d00000, 0x0000000083e00000|  0%| F|  |TAMS 0x0000000083d00000, 0x0000000083d00000| Untracked 
|  42|0x0000000083e00000, 0x0000000083e00000, 0x0000000083f00000|  0%| F|  |TAMS 0x0000000083e00000, 0x0000000083e00000| Untracked 
|  43|0x0000000083f00000, 0x0000000083f00000, 0x0000000084000000|  0%| F|  |TAMS 0x0000000083f00000, 0x0000000083f00000| Untracked 
|  44|0x0000000084000000, 0x0000000084000000, 0x0000000084100000|  0%| F|  |TAMS 0x0000000084000000, 0x0000000084000000| Untracked 
|  45|0x0000000084100000, 0x0000000084100000, 0x0000000084200000|  0%| F|  |TAMS 0x0000000084100000, 0x0000000084100000| Untracked 
|  46|0x0000000084200000, 0x0000000084200000, 0x0000000084300000|  0%| F|  |TAMS 0x0000000084200000, 0x0000000084200000| Untracked 
|  47|0x0000000084300000, 0x0000000084300000, 0x0000000084400000|  0%| F|  |TAMS 0x0000000084300000, 0x0000000084300000| Untracked 
|  48|0x0000000084400000, 0x0000000084400000, 0x0000000084500000|  0%| F|  |TAMS 0x0000000084400000, 0x0000000084400000| Untracked 
|  49|0x0000000084500000, 0x0000000084500000, 0x0000000084600000|  0%| F|  |TAMS 0x0000000084500000, 0x0000000084500000| Untracked 
|  50|0x0000000084600000, 0x0000000084600000, 0x0000000084700000|  0%| F|  |TAMS 0x0000000084600000, 0x0000000084600000| Untracked 
|  51|0x0000000084700000, 0x0000000084700000, 0x0000000084800000|  0%| F|  |TAMS 0x0000000084700000, 0x0000000084700000| Untracked 
|  52|0x0000000084800000, 0x0000000084800000, 0x0000000084900000|  0%| F|  |TAMS 0x0000000084800000, 0x0000000084800000| Untracked 
|  53|0x0000000084900000, 0x0000000084900000, 0x0000000084a00000|  0%| F|  |TAMS 0x0000000084900000, 0x0000000084900000| Untracked 
|  54|0x0000000084a00000, 0x0000000084a00000, 0x0000000084b00000|  0%| F|  |TAMS 0x0000000084a00000, 0x0000000084a00000| Untracked 
|  55|0x0000000084b00000, 0x0000000084b00000, 0x0000000084c00000|  0%| F|  |TAMS 0x0000000084b00000, 0x0000000084b00000| Untracked 
|  56|0x0000000084c00000, 0x0000000084c00000, 0x0000000084d00000|  0%| F|  |TAMS 0x0000000084c00000, 0x0000000084c00000| Untracked 
|  57|0x0000000084d00000, 0x0000000084d00000, 0x0000000084e00000|  0%| F|  |TAMS 0x0000000084d00000, 0x0000000084d00000| Untracked 
|  58|0x0000000084e00000, 0x0000000084e00000, 0x0000000084f00000|  0%| F|  |TAMS 0x0000000084e00000, 0x0000000084e00000| Untracked 
|  59|0x0000000084f00000, 0x0000000084f00000, 0x0000000085000000|  0%| F|  |TAMS 0x0000000084f00000, 0x0000000084f00000| Untracked 
|  60|0x0000000085000000, 0x0000000085000000, 0x0000000085100000|  0%| F|  |TAMS 0x0000000085000000, 0x0000000085000000| Untracked 
|  61|0x0000000085100000, 0x0000000085100000, 0x0000000085200000|  0%| F|  |TAMS 0x0000000085100000, 0x0000000085100000| Untracked 
|  62|0x0000000085200000, 0x0000000085200000, 0x0000000085300000|  0%| F|  |TAMS 0x0000000085200000, 0x0000000085200000| Untracked 
|  63|0x0000000085300000, 0x0000000085300000, 0x0000000085400000|  0%| F|  |TAMS 0x0000000085300000, 0x0000000085300000| Untracked 
|  64|0x0000000085400000, 0x0000000085400000, 0x0000000085500000|  0%| F|  |TAMS 0x0000000085400000, 0x0000000085400000| Untracked 
|  65|0x0000000085500000, 0x0000000085500000, 0x0000000085600000|  0%| F|  |TAMS 0x0000000085500000, 0x0000000085500000| Untracked 
|  66|0x0000000085600000, 0x0000000085600000, 0x0000000085700000|  0%| F|  |TAMS 0x0000000085600000, 0x0000000085600000| Untracked 
|  67|0x0000000085700000, 0x0000000085700000, 0x0000000085800000|  0%| F|  |TAMS 0x0000000085700000, 0x0000000085700000| Untracked 
|  68|0x0000000085800000, 0x0000000085800000, 0x0000000085900000|  0%| F|  |TAMS 0x0000000085800000, 0x0000000085800000| Untracked 
|  69|0x0000000085900000, 0x0000000085900000, 0x0000000085a00000|  0%| F|  |TAMS 0x0000000085900000, 0x0000000085900000| Untracked 
|  70|0x0000000085a00000, 0x0000000085a00000, 0x0000000085b00000|  0%| F|  |TAMS 0x0000000085a00000, 0x0000000085a00000| Untracked 
|  71|0x0000000085b00000, 0x0000000085b00000, 0x0000000085c00000|  0%| F|  |TAMS 0x0000000085b00000, 0x0000000085b00000| Untracked 
|  72|0x0000000085c00000, 0x0000000085c00000, 0x0000000085d00000|  0%| F|  |TAMS 0x0000000085c00000, 0x0000000085c00000| Untracked 
|  73|0x0000000085d00000, 0x0000000085d00000, 0x0000000085e00000|  0%| F|  |TAMS 0x0000000085d00000, 0x0000000085d00000| Untracked 
|  74|0x0000000085e00000, 0x0000000085e00000, 0x0000000085f00000|  0%| F|  |TAMS 0x0000000085e00000, 0x0000000085e00000| Untracked 
|  75|0x0000000085f00000, 0x0000000085f00000, 0x0000000086000000|  0%| F|  |TAMS 0x0000000085f00000, 0x0000000085f00000| Untracked 
|  76|0x0000000086000000, 0x0000000086000000, 0x0000000086100000|  0%| F|  |TAMS 0x0000000086000000, 0x0000000086000000| Untracked 
|  77|0x0000000086100000, 0x0000000086100000, 0x0000000086200000|  0%| F|  |TAMS 0x0000000086100000, 0x0000000086100000| Untracked 
|  78|0x0000000086200000, 0x0000000086200000, 0x0000000086300000|  0%| F|  |TAMS 0x0000000086200000, 0x0000000086200000| Untracked 
|  79|0x0000000086300000, 0x0000000086300000, 0x0000000086400000|  0%| F|  |TAMS 0x0000000086300000, 0x0000000086300000| Untracked 
|  80|0x0000000086400000, 0x0000000086400000, 0x0000000086500000|  0%| F|  |TAMS 0x0000000086400000, 0x0000000086400000| Untracked 
|  81|0x0000000086500000, 0x0000000086500000, 0x0000000086600000|  0%| F|  |TAMS 0x0000000086500000, 0x0000000086500000| Untracked 
|  82|0x0000000086600000, 0x0000000086600000, 0x0000000086700000|  0%| F|  |TAMS 0x0000000086600000, 0x0000000086600000| Untracked 
|  83|0x0000000086700000, 0x0000000086700000, 0x0000000086800000|  0%| F|  |TAMS 0x0000000086700000, 0x0000000086700000| Untracked 
|  84|0x0000000086800000, 0x0000000086800000, 0x0000000086900000|  0%| F|  |TAMS 0x0000000086800000, 0x0000000086800000| Untracked 
|  85|0x0000000086900000, 0x0000000086900000, 0x0000000086a00000|  0%| F|  |TAMS 0x0000000086900000, 0x0000000086900000| Untracked 
|  86|0x0000000086a00000, 0x0000000086a00000, 0x0000000086b00000|  0%| F|  |TAMS 0x0000000086a00000, 0x0000000086a00000| Untracked 
|  87|0x0000000086b00000, 0x0000000086b00000, 0x0000000086c00000|  0%| F|  |TAMS 0x0000000086b00000, 0x0000000086b00000| Untracked 
|  88|0x0000000086c00000, 0x0000000086c00000, 0x0000000086d00000|  0%| F|  |TAMS 0x0000000086c00000, 0x0000000086c00000| Untracked 
|  89|0x0000000086d00000, 0x0000000086d00000, 0x0000000086e00000|  0%| F|  |TAMS 0x0000000086d00000, 0x0000000086d00000| Untracked 
|  90|0x0000000086e00000, 0x0000000086e00000, 0x0000000086f00000|  0%| F|  |TAMS 0x0000000086e00000, 0x0000000086e00000| Untracked 
|  91|0x0000000086f00000, 0x0000000086f00000, 0x0000000087000000|  0%| F|  |TAMS 0x0000000086f00000, 0x0000000086f00000| Untracked 
|  92|0x0000000087000000, 0x0000000087000000, 0x0000000087100000|  0%| F|  |TAMS 0x0000000087000000, 0x0000000087000000| Untracked 
|  93|0x0000000087100000, 0x0000000087100000, 0x0000000087200000|  0%| F|  |TAMS 0x0000000087100000, 0x0000000087100000| Untracked 
|  94|0x0000000087200000, 0x0000000087200000, 0x0000000087300000|  0%| F|  |TAMS 0x0000000087200000, 0x0000000087200000| Untracked 
|  95|0x0000000087300000, 0x0000000087300000, 0x0000000087400000|  0%| F|  |TAMS 0x0000000087300000, 0x0000000087300000| Untracked 
|  96|0x0000000087400000, 0x0000000087400000, 0x0000000087500000|  0%| F|  |TAMS 0x0000000087400000, 0x0000000087400000| Untracked 
|  97|0x0000000087500000, 0x0000000087500000, 0x0000000087600000|  0%| F|  |TAMS 0x0000000087500000, 0x0000000087500000| Untracked 
|  98|0x0000000087600000, 0x0000000087600000, 0x0000000087700000|  0%| F|  |TAMS 0x0000000087600000, 0x0000000087600000| Untracked 
|  99|0x0000000087700000, 0x0000000087700000, 0x0000000087800000|  0%| F|  |TAMS 0x0000000087700000, 0x0000000087700000| Untracked 
| 100|0x0000000087800000, 0x0000000087800000, 0x0000000087900000|  0%| F|  |TAMS 0x0000000087800000, 0x0000000087800000| Untracked 
| 101|0x0000000087900000, 0x0000000087900000, 0x0000000087a00000|  0%| F|  |TAMS 0x0000000087900000, 0x0000000087900000| Untracked 
| 102|0x0000000087a00000, 0x0000000087a00000, 0x0000000087b00000|  0%| F|  |TAMS 0x0000000087a00000, 0x0000000087a00000| Untracked 
| 103|0x0000000087b00000, 0x0000000087b00000, 0x0000000087c00000|  0%| F|  |TAMS 0x0000000087b00000, 0x0000000087b00000| Untracked 
| 104|0x0000000087c00000, 0x0000000087c00000, 0x0000000087d00000|  0%| F|  |TAMS 0x0000000087c00000, 0x0000000087c00000| Untracked 
| 105|0x0000000087d00000, 0x0000000087d00000, 0x0000000087e00000|  0%| F|  |TAMS 0x0000000087d00000, 0x0000000087d00000| Untracked 
| 106|0x0000000087e00000, 0x0000000087e00000, 0x0000000087f00000|  0%| F|  |TAMS 0x0000000087e00000, 0x0000000087e00000| Untracked 
| 107|0x0000000087f00000, 0x0000000087f00000, 0x0000000088000000|  0%| F|  |TAMS 0x0000000087f00000, 0x0000000087f00000| Untracked 
| 108|0x0000000088000000, 0x0000000088000000, 0x0000000088100000|  0%| F|  |TAMS 0x0000000088000000, 0x0000000088000000| Untracked 
| 109|0x0000000088100000, 0x0000000088100000, 0x0000000088200000|  0%| F|  |TAMS 0x0000000088100000, 0x0000000088100000| Untracked 
| 110|0x0000000088200000, 0x0000000088200000, 0x0000000088300000|  0%| F|  |TAMS 0x0000000088200000, 0x0000000088200000| Untracked 
| 111|0x0000000088300000, 0x0000000088300000, 0x0000000088400000|  0%| F|  |TAMS 0x0000000088300000, 0x0000000088300000| Untracked 
| 112|0x0000000088400000, 0x0000000088400000, 0x0000000088500000|  0%| F|  |TAMS 0x0000000088400000, 0x0000000088400000| Untracked 
| 113|0x0000000088500000, 0x0000000088500000, 0x0000000088600000|  0%| F|  |TAMS 0x0000000088500000, 0x0000000088500000| Untracked 
| 114|0x0000000088600000, 0x0000000088600000, 0x0000000088700000|  0%| F|  |TAMS 0x0000000088600000, 0x0000000088600000| Untracked 
| 115|0x0000000088700000, 0x0000000088700000, 0x0000000088800000|  0%| F|  |TAMS 0x0000000088700000, 0x0000000088700000| Untracked 
| 116|0x0000000088800000, 0x0000000088800000, 0x0000000088900000|  0%| F|  |TAMS 0x0000000088800000, 0x0000000088800000| Untracked 
| 117|0x0000000088900000, 0x0000000088900000, 0x0000000088a00000|  0%| F|  |TAMS 0x0000000088900000, 0x0000000088900000| Untracked 
| 118|0x0000000088a00000, 0x0000000088a00000, 0x0000000088b00000|  0%| F|  |TAMS 0x0000000088a00000, 0x0000000088a00000| Untracked 
| 119|0x0000000088b00000, 0x0000000088b00000, 0x0000000088c00000|  0%| F|  |TAMS 0x0000000088b00000, 0x0000000088b00000| Untracked 
| 120|0x0000000088c00000, 0x0000000088c00000, 0x0000000088d00000|  0%| F|  |TAMS 0x0000000088c00000, 0x0000000088c00000| Untracked 
| 121|0x0000000088d00000, 0x0000000088dfc3f0, 0x0000000088e00000| 98%| S|CS|TAMS 0x0000000088d00000, 0x0000000088d00000| Complete 
| 122|0x0000000088e00000, 0x0000000088e00000, 0x0000000088f00000|  0%| F|  |TAMS 0x0000000088e00000, 0x0000000088e00000| Untracked 
| 123|0x0000000088f00000, 0x0000000089000000, 0x0000000089000000|100%| E|  |TAMS 0x0000000088f00000, 0x0000000088f00000| Complete 
| 124|0x0000000089000000, 0x0000000089100000, 0x0000000089100000|100%| E|CS|TAMS 0x0000000089000000, 0x0000000089000000| Complete 
| 125|0x0000000089100000, 0x0000000089200000, 0x0000000089200000|100%| E|CS|TAMS 0x0000000089100000, 0x0000000089100000| Complete 
| 126|0x0000000089200000, 0x0000000089300000, 0x0000000089300000|100%| E|CS|TAMS 0x0000000089200000, 0x0000000089200000| Complete 
| 127|0x0000000089300000, 0x0000000089400000, 0x0000000089400000|100%| E|CS|TAMS 0x0000000089300000, 0x0000000089300000| Complete 

Card table byte_map: [0x0000018d9c9f0000,0x0000018d9cdf0000] _byte_map_base: 0x0000018d9c5e6000

Marking Bits (Prev, Next): (CMBitMap*) 0x0000018d852416c8, (CMBitMap*) 0x0000018d85241708
 Prev Bits: [0x0000018d9d1f0000, 0x0000018d9f1a0000)
 Next Bits: [0x0000018d9f1a0000, 0x0000018da1150000)

Polling page: 0x0000018d830e0000

Metaspace:

Usage:
  Non-class:      5.45 MB capacity,     5.06 MB ( 93%) used,   374.91 KB (  7%) free+waste,    20.56 KB ( <1%) overhead. 
      Class:    829.00 KB capacity,   724.55 KB ( 87%) used,    92.64 KB ( 11%) free+waste,    11.81 KB (  1%) overhead. 
       Both:      6.26 MB capacity,     5.77 MB ( 92%) used,   467.55 KB (  7%) free+waste,    32.38 KB ( <1%) overhead. 

Virtual space:
  Non-class space:        8.00 MB reserved,       5.50 MB ( 69%) committed 
      Class space:        1.00 GB reserved,     896.00 KB ( <1%) committed 
             Both:        1.01 GB reserved,       6.38 MB ( <1%) committed 

Chunk freelists:
   Non-Class:  6.63 KB
       Class:  384 bytes
        Both:  7.00 KB

CodeHeap 'non-profiled nmethods': size=238912Kb used=1861Kb max_used=1861Kb free=237050Kb
 bounds [0x0000018d8dca0000, 0x0000018d8df10000, 0x0000018d9c5f0000]
CodeHeap 'non-nmethods': size=6848Kb used=1131Kb max_used=1131Kb free=5716Kb
 bounds [0x0000018d8d5f0000, 0x0000018d8d860000, 0x0000018d8dca0000]
 total_blobs=1669 nmethods=1214 adapters=365
 compilation: enabled
              stopped_count=0, restarted_count=0
 full_count=0

Compilation events (10 events):
Event: 0.633 Thread 0x0000018da364d000 nmethod 1065 0x0000018d8de23d10 code [0x0000018d8de23f80, 0x0000018d8de248e0]
Event: 0.633 Thread 0x0000018da364d000 1068       1       sun.util.locale.StringTokenIterator::nextDelimiter (116 bytes)
Event: 0.634 Thread 0x0000018da364d000 nmethod 1068 0x0000018d8de25190 code [0x0000018d8de253c0, 0x0000018d8de25a60]
Event: 0.634 Thread 0x0000018da364d000 1067       1       sun.util.locale.LocaleUtils::isAlphaString (33 bytes)
Event: 0.634 Thread 0x0000018da364d000 nmethod 1067 0x0000018d8de26090 code [0x0000018d8de26260, 0x0000018d8de26560]
Event: 0.634 Thread 0x0000018da364d000 1062       1       sun.util.locale.LocaleUtils::isEmpty (19 bytes)
Event: 0.634 Thread 0x0000018da364d000 nmethod 1062 0x0000018d8de26790 code [0x0000018d8de26940, 0x0000018d8de26a90]
Event: 0.634 Thread 0x0000018da364d000 1063       1       sun.util.locale.InternalLocaleBuilder::clearExtensions (50 bytes)
Event: 0.634 Thread 0x0000018da364d000 nmethod 1063 0x0000018d8de26b10 code [0x0000018d8de26ce0, 0x0000018d8de26ed0]
Event: 0.634 Thread 0x0000018da364d000 1064       1       sun.util.locale.BaseLocale$Key::<init> (106 bytes)

GC Heap History (2 events):
Event: 0.562 GC heap before
{Heap before GC invocations=0 (full 0):
 garbage-first heap   total 131072K, used 13312K [0x0000000081400000, 0x0000000100000000)
  region size 1024K, 14 young (14336K), 0 survivors (0K)
 Metaspace       used 4100K, capacity 4945K, committed 4992K, reserved 1056768K
  class space    used 516K, capacity 593K, committed 640K, reserved 1048576K
}
Event: 0.566 GC heap after
{Heap after GC invocations=1 (full 0):
 garbage-first heap   total 131072K, used 7098K [0x0000000081400000, 0x0000000100000000)
  region size 1024K, 2 young (2048K), 2 survivors (2048K)
 Metaspace       used 4100K, capacity 4945K, committed 4992K, reserved 1056768K
  class space    used 516K, capacity 593K, committed 640K, reserved 1048576K
}

Deoptimization events (0 events):
No events

Classes redefined (0 events):
No events

Internal exceptions (10 events):
Event: 0.337 Thread 0x0000018d85200000 Exception <a 'java/lang/NoSuchMethodError'{0x000000008895fc40}: java.lang.invoke.DirectMethodHandle$Holder.invokeStaticInit(Ljava/lang/Object;Ljava/lang/Object;Ljava/lang/Object;)Ljava/lang/Object;> (0x000000008895fc40) thrown at [t:/workspace/open/src/ho
Event: 0.340 Thread 0x0000018d85200000 Exception <a 'java/lang/NoSuchMethodError'{0x0000000088979100}: java.lang.invoke.DirectMethodHandle$Holder.invokeInterface(Ljava/lang/Object;Ljava/lang/Object;)I> (0x0000000088979100) thrown at [t:/workspace/open/src/hotspot/share/interpreter/linkResolver
Event: 0.340 Thread 0x0000018d85200000 Exception <a 'java/lang/IncompatibleClassChangeError'{0x000000008897bc00}: Found class java.lang.Object, but interface was expected> (0x000000008897bc00) thrown at [t:/workspace/open/src/hotspot/share/interpreter/linkResolver.cpp, line 843]
Event: 0.425 Thread 0x0000018d85200000 Exception <a 'java/lang/NoSuchMethodError'{0x000000008879c1d0}: java.lang.invoke.DirectMethodHandle$Holder.invokeSpecialIFC(Ljava/lang/Object;Ljava/lang/Object;Ljava/lang/Object;)I> (0x000000008879c1d0) thrown at [t:/workspace/open/src/hotspot/share/inter
Event: 0.438 Thread 0x0000018d85200000 Exception <a 'java/lang/NoSuchMethodError'{0x00000000887fd2b0}: java.lang.invoke.DirectMethodHandle$Holder.invokeStaticInit(Ljava/lang/Object;IIII)Ljava/lang/Object;> (0x00000000887fd2b0) thrown at [t:/workspace/open/src/hotspot/share/interpreter/linkReso
Event: 0.542 Thread 0x0000018d85200000 Exception <a 'java/lang/NoSuchMethodError'{0x0000000088644b18}: java.lang.invoke.DirectMethodHandle$Holder.invokeStaticInit(Ljava/lang/Object;Ljava/lang/Object;IIII)Ljava/lang/Object;> (0x0000000088644b18) thrown at [t:/workspace/open/src/hotspot/share/in
Event: 0.549 Thread 0x0000018d85200000 Exception <a 'java/lang/ClassNotFoundException'{0x00000000886601a0}: javax/management/remote/rmi/RMIServerImpl_Skel> (0x00000000886601a0) thrown at [t:/workspace/open/src/hotspot/share/classfile/systemDictionary.cpp, line 235]
Event: 0.576 Thread 0x0000018d85200000 Exception <a 'java/lang/ClassNotFoundException'{0x0000000089354b18}: jdk/internal/agent/resources/spi/agentProvider> (0x0000000089354b18) thrown at [t:/workspace/open/src/hotspot/share/classfile/systemDictionary.cpp, line 235]
Event: 0.606 Thread 0x0000018d85200000 Exception <a 'java/lang/ClassNotFoundException'{0x0000000089004328}: javax/smartcardio/CardPermission> (0x0000000089004328) thrown at [t:/workspace/open/src/hotspot/share/classfile/systemDictionary.cpp, line 235]
Event: 0.607 Thread 0x0000018d85200000 Exception <a 'java/io/FileNotFoundException'{0x0000000089012160}> (0x0000000089012160) thrown at [t:/workspace/open/src/hotspot/share/prims/jni.cpp, line 615]

Events (10 events):
Event: 0.621 loading class ch/qos/logback/core/encoder/Encoder
Event: 0.621 loading class ch/qos/logback/core/encoder/Encoder done
Event: 0.622 loading class ch/qos/logback/classic/layout/TTLLLayout
Event: 0.622 loading class ch/qos/logback/classic/layout/TTLLLayout done
Event: 0.622 loading class ch/qos/logback/core/LayoutBase
Event: 0.622 loading class ch/qos/logback/core/LayoutBase done
Event: 0.622 loading class ch/qos/logback/core/Layout
Event: 0.622 loading class ch/qos/logback/core/Layout done
Event: 0.623 loading class ch/qos/logback/core/util/CachingDateFormatter
Event: 0.623 loading class ch/qos/logback/core/util/CachingDateFormatter done


Dynamic libraries:
0x00007ff7b11b0000 - 0x00007ff7b11bd000 	C:\APPS\jdk-12.0.1\bin\javaw.exe
0x00007ff84a140000 - 0x00007ff84a321000 	C:\WINDOWS\SYSTEM32\ntdll.dll
0x00007ff848c10000 - 0x00007ff848cc1000 	C:\WINDOWS\System32\KERNEL32.DLL
0x00007ff847330000 - 0x00007ff8475a3000 	C:\WINDOWS\System32\KERNELBASE.dll
0x00007ff847180000 - 0x00007ff847278000 	C:\WINDOWS\System32\ucrtbase.dll
0x00007ff824d00000 - 0x00007ff824d17000 	C:\APPS\jdk-12.0.1\bin\jli.dll
0x00007ff847e40000 - 0x00007ff847fd0000 	C:\WINDOWS\System32\USER32.dll
0x00007ff8475b0000 - 0x00007ff8475d0000 	C:\WINDOWS\System32\win32u.dll
0x00007ff8475d0000 - 0x00007ff8475f8000 	C:\WINDOWS\System32\GDI32.dll
0x00007ff8465c0000 - 0x00007ff846751000 	C:\WINDOWS\System32\gdi32full.dll
0x00007ff8470e0000 - 0x00007ff84717f000 	C:\WINDOWS\System32\msvcp_win.dll
0x00007ff81c2c0000 - 0x00007ff81c2d6000 	C:\APPS\jdk-12.0.1\bin\VCRUNTIME140.dll
0x00007ff835a60000 - 0x00007ff835cc9000 	C:\WINDOWS\WinSxS\amd64_microsoft.windows.common-controls_6595b64144ccf1df_6.0.17134.829_none_fb46a5473061b9d5\COMCTL32.dll
0x00007ff8485e0000 - 0x00007ff84867e000 	C:\WINDOWS\System32\msvcrt.dll
0x00007ff848070000 - 0x00007ff848392000 	C:\WINDOWS\System32\combase.dll
0x00007ff847a30000 - 0x00007ff847b54000 	C:\WINDOWS\System32\RPCRT4.dll
0x00007ff847060000 - 0x00007ff8470da000 	C:\WINDOWS\System32\bcryptPrimitives.dll
0x00007ff847ce0000 - 0x00007ff847d0d000 	C:\WINDOWS\System32\IMM32.DLL
0x00007ff81aec0000 - 0x00007ff81af6a000 	C:\APPS\jdk-12.0.1\bin\msvcp140.dll
0x00007ffff28b0000 - 0x00007ffff3424000 	C:\APPS\jdk-12.0.1\bin\server\jvm.dll
0x00007ff847d90000 - 0x00007ff847e31000 	C:\WINDOWS\System32\ADVAPI32.dll
0x00007ff8486e0000 - 0x00007ff84873b000 	C:\WINDOWS\System32\sechost.dll
0x00007ff848b90000 - 0x00007ff848b98000 	C:\WINDOWS\System32\PSAPI.DLL
0x00007ff833e40000 - 0x00007ff833e49000 	C:\WINDOWS\SYSTEM32\WSOCK32.dll
0x00007ff848540000 - 0x00007ff8485ac000 	C:\WINDOWS\System32\WS2_32.dll
0x00007ff844440000 - 0x00007ff844463000 	C:\WINDOWS\SYSTEM32\WINMM.dll
0x00007ff8450a0000 - 0x00007ff8450aa000 	C:\WINDOWS\SYSTEM32\VERSION.dll
0x00007ff843ff0000 - 0x00007ff84401a000 	C:\WINDOWS\System32\KERNEL32.DLL
0x00007ff846570000 - 0x00007ff8465b9000 	C:\WINDOWS\System32\USER32.dll
0x00007ff8464e0000 - 0x00007ff8464f1000 	C:\WINDOWS\System32\gdi32full.dll
0x00007ff81c2a0000 - 0x00007ff81c2b1000 	C:\WINDOWS\WinSxS\amd64_microsoft.windows.common-controls_6595b64144ccf1df_6.0.17134.829_none_fb46a5473061b9d5\COMCTL32.dll
0x00007ff837a90000 - 0x00007ff837c59000 	C:\WINDOWS\System32\combase.dll
0x00007ff837a60000 - 0x00007ff837a89000 	C:\WINDOWS\System32\bcryptPrimitives.dll
0x00007ff81a6e0000 - 0x00007ff81a706000 	C:\APPS\jdk-12.0.1\bin\msvcp140.dll
0x00007ff818630000 - 0x00007ff818647000 	C:\WINDOWS\System32\ADVAPI32.dll
0x00007ff831090000 - 0x00007ff83109a000 	C:\WINDOWS\System32\sechost.dll
0x00007ff848cd0000 - 0x00007ff84a110000 	C:\WINDOWS\SYSTEM32\WSOCK32.dll
0x00007ff847980000 - 0x00007ff847a29000 	C:\WINDOWS\System32\shcore.dll
0x00007ff846760000 - 0x00007ff846e6d000 	C:\WINDOWS\SYSTEM32\VERSION.dll
0x00007ff847920000 - 0x00007ff847971000 	C:\WINDOWS\System32\cfgmgr32.dll
0x00007ff846450000 - 0x00007ff84646f000 	C:\WINDOWS\System32\kernel.appcore.dll
0x00007ff846470000 - 0x00007ff8464bc000 	C:\WINDOWS\System32\powrprof.dll
0x00007ff846500000 - 0x00007ff84650a000 	C:\WINDOWS\SYSTEM32\dbgcore.DLL
0x00007ff818610000 - 0x00007ff818629000 	C:\APPS\jdk-12.0.1\bin\net.dll
0x00007ff841d50000 - 0x00007ff841e2d000 	C:\WINDOWS\SYSTEM32\WINHTTP.dll
0x00007ff837830000 - 0x00007ff8379f9000 	C:\WINDOWS\SYSTEM32\urlmon.dll
0x00007ff838440000 - 0x00007ff8386e6000 	C:\APPS\jdk-12.0.1\bin\javaw.exe
0x00007ff845ea0000 - 0x00007ff845eab000 	C:\WINDOWS\System32\win32u.dll
0x00007ff845cd0000 - 0x00007ff845d36000 	C:\APPS\jdk-12.0.1\bin\VCRUNTIME140.dll
0x00007ff8185f0000 - 0x00007ff818603000 	C:\WINDOWS\System32\combase.dll
0x00007ff82ff30000 - 0x00007ff82ff39000 	C:\WINDOWS\System32\IMM32.DLL
0x00007ff82fcc0000 - 0x00007ff82fccc000 	C:\APPS\jdk-12.0.1\bin\server\jvm.dll
0x00007ff8307f0000 - 0x00007ff830806000 	C:\WINDOWS\System32\PSAPI.DLL
0x00007ff8307d0000 - 0x00007ff8307ea000 	C:\WINDOWS\System32\WS2_32.dll
0x00007ff842be0000 - 0x00007ff842bf9000 	C:\WINDOWS\SYSTEM32\VERSION.dll
0x00007ff845aa0000 - 0x00007ff845b5e000 	C:\WINDOWS\System32\cfgmgr32.dll
0x00007ff848c00000 - 0x00007ff848c08000 	C:\APPS\jdk-12.0.1\bin\verify.dll
0x00007ff845a60000 - 0x00007ff845a98000 	C:\WINDOWS\SYSTEM32\dbgcore.DLL
0x00007ff830740000 - 0x00007ff83074e000 	C:\WINDOWS\System32\winrnr.dll
0x00007ff841520000 - 0x00007ff841535000 	C:\WINDOWS\System32\wshbth.dll
0x00007ff83ced0000 - 0x00007ff83ceda000 	C:\WINDOWS\System32\KERNELBASE.dll
0x00007ff841090000 - 0x00007ff841102000 	C:\WINDOWS\System32\gdi32full.dll
0x00007ff845fb0000 - 0x00007ff845fd5000 	C:\WINDOWS\System32\msvcrt.dll
0x00007ff845e80000 - 0x00007ff845e97000 	C:\WINDOWS\System32\IMM32.DLL
0x00007ff8458c0000 - 0x00007ff8458f3000 	C:\WINDOWS\System32\ADVAPI32.dll
0x00007ff846350000 - 0x00007ff846378000 	C:\WINDOWS\SYSTEM32\WSOCK32.dll
0x00007ff841570000 - 0x00007ff841586000 	C:\WINDOWS\SYSTEM32\WINMM.dll
0x00007ff841550000 - 0x00007ff84156a000 	C:\WINDOWS\System32\cfgmgr32.dll

dbghelp: loaded successfully - version: 4.0.5 - missing functions: none
symbol engine: initialized successfully - sym options: 0x614 - pdb path: .;C:\APPS\jdk-12.0.1\bin;C:\WINDOWS\SYSTEM32;C:\WINDOWS\WinSxS\amd64_microsoft.windows.common-controls_6595b64144ccf1df_6.0.17134.829_none_fb46a5473061b9d5;C:\APPS\jdk-12.0.1\bin\server

VM Arguments:
jvm_args: -Dcom.sun.management.jmxremote -Dcom.sun.management.jmxremote.port=65442 -Dcom.sun.management.jmxremote.authenticate=false -Dcom.sun.management.jmxremote.ssl=false -Djava.rmi.server.hostname=localhost -Dspring.jmx.enabled=true -Dspring.application.admin.enabled=true -Xverify:none -XX:TieredStopAtLevel=1 -Dfile.encoding=MS949 
java_command: com.wabu.d2project.D2projectApplication --spring.output.ansi.enabled=always
java_class_path (initial): E:\workplace\project\d2project\bin\main;C:\Users\USER\.gradle\caches\modules-2\files-2.1\org.springframework.boot\spring-boot-starter-data-mongodb\2.1.6.RELEASE\2474b0d70d4dc2d01ace3bfea476ef52048d679d\spring-boot-starter-data-mongodb-2.1.6.RELEASE.jar;C:\Users\USER\.gradle\caches\modules-2\files-2.1\org.springframework.boot\spring-boot-starter-data-mongodb-reactive\2.1.6.RELEASE\90934e750b9b5d880657d245e9727484aed19017\spring-boot-starter-data-mongodb-reactive-2.1.6.RELEASE.jar;C:\Users\USER\.gradle\caches\modules-2\files-2.1\org.springframework.boot\spring-boot-starter-data-rest\2.1.6.RELEASE\bf60ed8757219a1cc1043545d2c68dff4c0b7987\spring-boot-starter-data-rest-2.1.6.RELEASE.jar;C:\Users\USER\.gradle\caches\modules-2\files-2.1\org.springframework.boot\spring-boot-starter-hateoas\2.1.6.RELEASE\b2aa366d67cd20249d346ae62e0de92275e22493\spring-boot-starter-hateoas-2.1.6.RELEASE.jar;C:\Users\USER\.gradle\caches\modules-2\files-2.1\org.springframework.boot\spring-boot-starter-jersey\2.1.6.RELEASE\99d8b2657d96a86c2a99def6818f8ceed928df6\spring-boot-starter-jersey-2.1.6.RELEASE.jar;C:\Users\USER\.gradle\caches\modules-2\files-2.1\org.springframework.boot\spring-boot-starter-web-services\2.1.6.RELEASE\f0aace1fa923f7d294e9ef910de485760c38161\spring-boot-starter-web-services-2.1.6.RELEASE.jar;C:\Users\USER\.gradle\caches\modules-2\files-2.1\com.vaadin\vaadin-spring-boot-starter\13.0.9\6cdffa03fafc951bf7f49048952108a597c34277\vaadin-spring-boot-starter-13.0.9.jar;C:\Users\USER\.gradle\caches\modules-2\files-2.1\org.springframework.boot\spring-boot-starter-web\2.1.6.RELEASE\8d232c9366b4ef3f5a919e48efb2228528391914\spring-boot-starter-web-2.1.6.RELEASE.jar;C:\Users\USER\.gradle\caches\modules-2\files-2.1\org.springframework.boot\spring-boot-starter-webflux\2.1.6.RELEASE\3371f4463104ce7bddad990719c04aaa8922449a\spring-boot-starter-webflux-2.1.6.RELEASE.jar;C:\Users\USER\.gradle\caches\modules-2\files-2.1\org.springframework.data\spring-data-rest-hal
Launcher Type: SUN_STANDARD

[Global flags]
     bool BytecodeVerificationLocal                = false                                     {product} {command line}
     bool BytecodeVerificationRemote               = false                                     {product} {command line}
     intx CICompilerCount                          = 3                                         {product} {ergonomic}
     uint ConcGCThreads                            = 1                                         {product} {ergonomic}
     uint G1ConcRefinementThreads                  = 4                                         {product} {ergonomic}
   size_t G1HeapRegionSize                         = 1048576                                   {product} {ergonomic}
    uintx GCDrainStackTargetSize                   = 64                                        {product} {ergonomic}
   size_t InitialHeapSize                          = 134217728                                 {product} {ergonomic}
     bool ManagementServer                         = true                                      {product} {command line}
   size_t MarkStackSize                            = 4194304                                   {product} {ergonomic}
   size_t MaxHeapSize                              = 2126512128                                {product} {ergonomic}
   size_t MaxNewSize                               = 1275068416                                {product} {ergonomic}
   size_t MinHeapDeltaBytes                        = 1048576                                   {product} {ergonomic}
    uintx NonNMethodCodeHeapSize                   = 6973028                                {pd product} {ergonomic}
    uintx NonProfiledCodeHeapSize                  = 244685212                              {pd product} {ergonomic}
    uintx ProfiledCodeHeapSize                     = 0                                      {pd product} {ergonomic}
    uintx ReservedCodeCacheSize                    = 251658240                              {pd product} {ergonomic}
     bool SegmentedCodeCache                       = true                                      {product} {ergonomic}
     intx TieredStopAtLevel                        = 1                                         {product} {command line}
     bool UseCompressedClassPointers               = true                                 {lp64_product} {ergonomic}
     bool UseCompressedOops                        = true                                 {lp64_product} {ergonomic}
     bool UseG1GC                                  = true                                      {product} {ergonomic}
     bool UseLargePagesIndividualAllocation        = false                                  {pd product} {ergonomic}

Logging:
Log output configuration:
 #0: stdout all=warning uptime,level,tags
 #1: stderr all=off uptime,level,tags

Environment Variables:
CLASSPATH=C:\APPS\jdk-12.0.1\lib
PATH=C:/APPS/jdk 1.8/bin/server;C:/APPS/jdk 1.8/bin;C:/APPS/jdk 1.8/lib/amd64;C:\Program Files (x86)\Common Files\Oracle\Java\javapath;C:\APPS\oracle\product\11.2.0\dbhome_1\bin;C:\Program Files (x86)\Intel\iCLS Client\;C:\Program Files\Intel\iCLS Client\;C:\WINDOWS\system32;C:\WINDOWS;C:\WINDOWS\System32\Wbem;C:\WINDOWS\System32\WindowsPowerShell\v1.0\;C:\Program Files\Intel\WiFi\bin\;C:\Program Files\Common Files\Intel\WirelessCommon\;C:\Program Files (x86)\Intel\Intel(R) Management Engine Components\DAL;C:\Program Files\Intel\Intel(R) Management Engine Components\DAL;C:\Program Files (x86)\Intel\Intel(R) Management Engine Components\IPT;C:\Program Files\Intel\Intel(R) Management Engine Components\IPT;C:\APPS\apache-maven-3.6.1;\bin\;C:\APPS\jdk-12.0.1\bin\;C:\APPS\oracle instantclient\instantclient_18_5;C:\Program Files\MySQL\MySQL Shell 8.0\bin\;C:\WINDOWS\System32\OpenSSH\;C:\Program Files\PuTTY\;C:\Program Files\MySQL\MySQL Server 8.0\bin;C:\Program Files\MongoDB\Server\4.0\bin;C:\Program Files\MySQL\MySQL Shell 8.0\bin\;C:\APPS\sts-4.3.0.RELEASE;
USERNAME=USER
OS=Windows_NT
PROCESSOR_IDENTIFIER=Intel64 Family 6 Model 158 Stepping 9, GenuineIntel



---------------  S Y S T E M  ---------------

OS: Windows 10 , 64 bit Build 17134 (10.0.17134.753)

CPU:total 4 (initial active 4) (4 cores per cpu, 1 threads per core) family 6 model 158 stepping 9, cmov, cx8, fxsr, mmx, sse, sse2, sse3, ssse3, sse4.1, sse4.2, popcnt, avx, avx2, aes, clmul, erms, 3dnowpref, lzcnt, tsc, tscinvbit, bmi1, bmi2, adx, fma

Memory: 4k page, system-wide physical 8106M (2271M free)
TotalPageFile size 11883M (AvailPageFile size 2281M)
current process WorkingSet (physical memory assigned to process): 70M, peak: 70M
current process commit charge ("private bytes"): 210M, peak: 210M

vm_info: OpenJDK 64-Bit Server VM (12.0.1+12) for windows-amd64 JRE (12.0.1+12), built on Apr  2 2019 08:16:31 by "mach5one" with MS VC++ 15.5 (VS2017)

END.
